<?xml version='1.0' encoding='UTF-8'?>
<testsuite hostname="Maple" name="MainSpec" tests="9" errors="0" failures="0" skipped="0" time="0.283" timestamp="2024-06-05T23:27:15">
          <properties>
[...]
</properties>
          <testcase classname="MainSpec" name="A simple test should pass when everything is OK" time="0.01">
                      
                    </testcase><testcase classname="MainSpec" name="formatUrl should format the URL correctly" time="0.003">
                      
                    </testcase><testcase classname="MainSpec" name="parseJson should extract titles from JSON correctly" time="0.235">
                      
                    </testcase><testcase classname="MainSpec" name="totalWords should return 0 for an empty list" time="0.0">
                      
                    </testcase><testcase classname="MainSpec" name="totalWords should return the correct total word count for a non-empty list" time="0.0">
                      
                    </testcase><testcase classname="MainSpec" name="parseArguments should return None for non-parsable arguments" time="0.027">
                      
                    </testcase><testcase classname="MainSpec" name="parseArguments should parse arguments with a keyword correctly" time="0.001">
                      
                    </testcase><testcase classname="MainSpec" name="parseArguments should parse arguments with a keyword and limit correctly" time="0.001">
                      
                    </testcase><testcase classname="MainSpec" name="getPages should return the correct response body for a successful request" time="0.006">
                      
                    </testcase>
          <system-out><![CDATA[]]></system-out>
          <system-err><![CDATA[]]></system-err>
        </testsuite>