<?xml version='1.0' encoding='UTF-8'?>
<testsuite hostname="Maple" name="MainSpec" tests="3" errors="0" failures="0" skipped="0" time="0.282" timestamp="2024-05-21T17:46:11">
          <properties>
[...]
</properties>
          <testcase classname="MainSpec" name="A simple test should pass when everything is OK" time="0.015">
                      
                    </testcase><testcase classname="MainSpec" name="formatUrl should format the URL correctly" time="0.003">
                      
                    </testcase><testcase classname="MainSpec" name="parseJson should extract titles from JSON correctly" time="0.264">
                      
                    </testcase>
          <system-out><![CDATA[]]></system-out>
          <system-err><![CDATA[]]></system-err>
        </testsuite>