2024.05.18 14:39:01 INFO  Started: Metals version 1.3.1 in folders 'E:\Développement\Examen_Scala\wikipages' for client Visual Studio Code 1.89.0.
SLF4J(W): Class path contains multiple SLF4J providers.
SLF4J(W): Found provider [scribe.slf4j.ScribeServiceProvider@13f042c2]
SLF4J(W): Found provider [ch.qos.logback.classic.spi.LogbackServiceProvider@5910b075]
SLF4J(W): See https://www.slf4j.org/codes.html#multiple_bindings for an explanation.
SLF4J(I): Actual provider is of type [scribe.slf4j.ScribeServiceProvider@13f042c2]
2024.05.18 14:39:05 WARN  Flyway upgrade recommended: H2 2.2.224 is newer than this version of Flyway and support has not been tested. The latest supported version of H2 is 2.2.220.
2024.05.18 14:39:09 ERROR Unexpected error initializing server: 
org.eclipse.lsp4j.jsonrpc.ResponseErrorException: Request window/showMessageRequest failed with message: Canceled
	at org.eclipse.lsp4j.jsonrpc.RemoteEndpoint.handleResponse(RemoteEndpoint.java:209)
	at org.eclipse.lsp4j.jsonrpc.RemoteEndpoint.consume(RemoteEndpoint.java:193)
	at org.eclipse.lsp4j.jsonrpc.json.StreamMessageProducer.handleMessage(StreamMessageProducer.java:194)
	at org.eclipse.lsp4j.jsonrpc.json.StreamMessageProducer.listen(StreamMessageProducer.java:94)
	at org.eclipse.lsp4j.jsonrpc.json.ConcurrentMessageProcessor.run(ConcurrentMessageProcessor.java:113)
	at java.util.concurrent.Executors$RunnableAdapter.call(Executors.java:539)
	at java.util.concurrent.FutureTask.run(FutureTask.java:264)
	at java.util.concurrent.ThreadPoolExecutor.runWorker(ThreadPoolExecutor.java:1136)
	at java.util.concurrent.ThreadPoolExecutor$Worker.run(ThreadPoolExecutor.java:635)
	at java.lang.Thread.run(Thread.java:833)

2024.05.18 14:39:23 INFO  Started: Metals version 1.3.1 in folders 'E:\Développement\Examen_Scala\wikipages' for client Visual Studio Code 1.89.1.
SLF4J(W): Class path contains multiple SLF4J providers.
SLF4J(W): Found provider [scribe.slf4j.ScribeServiceProvider@62a3a0a4]
SLF4J(W): Found provider [ch.qos.logback.classic.spi.LogbackServiceProvider@517b2f35]
SLF4J(W): See https://www.slf4j.org/codes.html#multiple_bindings for an explanation.
SLF4J(I): Actual provider is of type [scribe.slf4j.ScribeServiceProvider@62a3a0a4]
2024.05.18 14:39:27 WARN  Flyway upgrade recommended: H2 2.2.224 is newer than this version of Flyway and support has not been tested. The latest supported version of H2 is 2.2.220.
2024.05.18 14:39:42 INFO  no build target found for E:\Développement\Examen_Scala\wikipages\src\main\scala\Main.scala. Using presentation compiler with project's scala-library version: 3.3.3
2024.05.18 14:42:09 INFO  no build target found for E:\Développement\Examen_Scala\wikipages\build.sbt. Using presentation compiler with project's scala-library version: 3.3.3
2024.05.18 14:42:09 WARN  Could not find semantic tokens for: file:///E:/Développement/Examen_Scala/wikipages/build.sbt
2024.05.18 14:48:49 INFO  no build target found for E:\Développement\Examen_Scala\wikipages\project\plugins.sbt. Using presentation compiler with project's scala-library version: 3.3.3
2024.05.18 14:48:49 WARN  Could not find semantic tokens for: file:///E:/Développement/Examen_Scala/wikipages/project/plugins.sbt
2024.05.18 14:49:03 WARN  no build target for: E:\Développement\Examen_Scala\wikipages\project\plugins.sbt
2024.05.18 14:49:03 INFO  no build target found for E:\Développement\Examen_Scala\wikipages\project\plugins.sbt. Using presentation compiler with project's scala-library version: 3.3.3
2024.05.18 14:49:03 INFO  no build target found for E:\Développement\Examen_Scala\wikipages\project\plugins.sbt. Using presentation compiler with project's scala-library version: 3.3.3
2024.05.18 14:49:03 WARN  Could not find semantic tokens for: file:///E:/Développement/Examen_Scala/wikipages/project/plugins.sbt
2024.05.18 14:52:44 INFO  Started: Metals version 1.3.1 in folders 'E:\Documents_HDD\ssd\Cours_ESGI\M1\Scala\Exam_Scala\wikipages' for client Visual Studio Code 1.89.1.
SLF4J(W): Class path contains multiple SLF4J providers.
SLF4J(W): Found provider [scribe.slf4j.ScribeServiceProvider@53d8a30f]
SLF4J(W): Found provider [ch.qos.logback.classic.spi.LogbackServiceProvider@3f3c1f87]
SLF4J(W): See https://www.slf4j.org/codes.html#multiple_bindings for an explanation.
SLF4J(I): Actual provider is of type [scribe.slf4j.ScribeServiceProvider@53d8a30f]
2024.05.18 14:52:50 WARN  Flyway upgrade recommended: H2 2.2.224 is newer than this version of Flyway and support has not been tested. The latest supported version of H2 is 2.2.220.
2024.05.18 14:54:24 INFO  no build target found for E:\Documents_HDD\ssd\Cours_ESGI\M1\Scala\Exam_Scala\wikipages\build.sbt. Using presentation compiler with project's scala-library version: 3.3.3
2024.05.18 14:54:27 WARN  Could not find semantic tokens for: file:///E:/Documents_HDD/ssd/Cours_ESGI/M1/Scala/Exam_Scala/wikipages/build.sbt
2024.05.18 14:54:57 INFO  no build target found for E:\Documents_HDD\ssd\Cours_ESGI\M1\Scala\Exam_Scala\wikipages\build.sbt. Using presentation compiler with project's scala-library version: 3.3.3
2024.05.18 14:54:59 INFO  no build target found for E:\Documents_HDD\ssd\Cours_ESGI\M1\Scala\Exam_Scala\wikipages\build.sbt. Using presentation compiler with project's scala-library version: 3.3.3
2024.05.18 14:55:01 INFO  no build target found for E:\Documents_HDD\ssd\Cours_ESGI\M1\Scala\Exam_Scala\wikipages\build.sbt. Using presentation compiler with project's scala-library version: 3.3.3
2024.05.18 14:55:02 INFO  no build target found for E:\Documents_HDD\ssd\Cours_ESGI\M1\Scala\Exam_Scala\wikipages\build.sbt. Using presentation compiler with project's scala-library version: 3.3.3
2024.05.18 14:55:02 WARN  no build target for: E:\Documents_HDD\ssd\Cours_ESGI\M1\Scala\Exam_Scala\wikipages\build.sbt
2024.05.18 14:55:02 INFO  no build target found for E:\Documents_HDD\ssd\Cours_ESGI\M1\Scala\Exam_Scala\wikipages\build.sbt. Using presentation compiler with project's scala-library version: 3.3.3
2024.05.18 14:55:02 INFO  no build target found for E:\Documents_HDD\ssd\Cours_ESGI\M1\Scala\Exam_Scala\wikipages\build.sbt. Using presentation compiler with project's scala-library version: 3.3.3
2024.05.18 14:55:02 WARN  Could not find semantic tokens for: file:///E:/Documents_HDD/ssd/Cours_ESGI/M1/Scala/Exam_Scala/wikipages/build.sbt
2024.05.18 14:55:02 WARN  no build target for: E:\Documents_HDD\ssd\Cours_ESGI\M1\Scala\Exam_Scala\wikipages\build.sbt
2024.05.18 14:55:02 INFO  no build target found for E:\Documents_HDD\ssd\Cours_ESGI\M1\Scala\Exam_Scala\wikipages\build.sbt. Using presentation compiler with project's scala-library version: 3.3.3
2024.05.18 14:55:02 INFO  no build target found for E:\Documents_HDD\ssd\Cours_ESGI\M1\Scala\Exam_Scala\wikipages\build.sbt. Using presentation compiler with project's scala-library version: 3.3.3
2024.05.18 14:55:02 WARN  Could not find semantic tokens for: file:///E:/Documents_HDD/ssd/Cours_ESGI/M1/Scala/Exam_Scala/wikipages/build.sbt
2024.05.18 14:55:02 WARN  no build target for: E:\Documents_HDD\ssd\Cours_ESGI\M1\Scala\Exam_Scala\wikipages\build.sbt
2024.05.18 14:55:02 INFO  no build target found for E:\Documents_HDD\ssd\Cours_ESGI\M1\Scala\Exam_Scala\wikipages\build.sbt. Using presentation compiler with project's scala-library version: 3.3.3
2024.05.18 14:55:02 INFO  no build target found for E:\Documents_HDD\ssd\Cours_ESGI\M1\Scala\Exam_Scala\wikipages\build.sbt. Using presentation compiler with project's scala-library version: 3.3.3
2024.05.18 14:55:02 WARN  Could not find semantic tokens for: file:///E:/Documents_HDD/ssd/Cours_ESGI/M1/Scala/Exam_Scala/wikipages/build.sbt
2024.05.18 14:55:02 WARN  no build target for: E:\Documents_HDD\ssd\Cours_ESGI\M1\Scala\Exam_Scala\wikipages\build.sbt
2024.05.18 14:55:02 INFO  no build target found for E:\Documents_HDD\ssd\Cours_ESGI\M1\Scala\Exam_Scala\wikipages\build.sbt. Using presentation compiler with project's scala-library version: 3.3.3
2024.05.18 14:55:02 INFO  no build target found for E:\Documents_HDD\ssd\Cours_ESGI\M1\Scala\Exam_Scala\wikipages\build.sbt. Using presentation compiler with project's scala-library version: 3.3.3
2024.05.18 14:55:02 WARN  Could not find semantic tokens for: file:///E:/Documents_HDD/ssd/Cours_ESGI/M1/Scala/Exam_Scala/wikipages/build.sbt
2024.05.18 14:55:04 WARN  no build target for: E:\Documents_HDD\ssd\Cours_ESGI\M1\Scala\Exam_Scala\wikipages\build.sbt
2024.05.18 14:55:04 INFO  no build target found for E:\Documents_HDD\ssd\Cours_ESGI\M1\Scala\Exam_Scala\wikipages\build.sbt. Using presentation compiler with project's scala-library version: 3.3.3
2024.05.18 14:55:04 INFO  no build target found for E:\Documents_HDD\ssd\Cours_ESGI\M1\Scala\Exam_Scala\wikipages\build.sbt. Using presentation compiler with project's scala-library version: 3.3.3
2024.05.18 14:55:04 WARN  Could not find semantic tokens for: file:///E:/Documents_HDD/ssd/Cours_ESGI/M1/Scala/Exam_Scala/wikipages/build.sbt
2024.05.18 14:55:05 WARN  no build target for: E:\Documents_HDD\ssd\Cours_ESGI\M1\Scala\Exam_Scala\wikipages\build.sbt
2024.05.18 14:55:04 INFO  no build target found for E:\Documents_HDD\ssd\Cours_ESGI\M1\Scala\Exam_Scala\wikipages\build.sbt. Using presentation compiler with project's scala-library version: 3.3.3
2024.05.18 14:55:05 INFO  no build target found for E:\Documents_HDD\ssd\Cours_ESGI\M1\Scala\Exam_Scala\wikipages\build.sbt. Using presentation compiler with project's scala-library version: 3.3.3
2024.05.18 14:55:05 WARN  Could not find semantic tokens for: file:///E:/Documents_HDD/ssd/Cours_ESGI/M1/Scala/Exam_Scala/wikipages/build.sbt
2024.05.18 14:55:05 WARN  no build target for: E:\Documents_HDD\ssd\Cours_ESGI\M1\Scala\Exam_Scala\wikipages\build.sbt
2024.05.18 14:55:05 INFO  no build target found for E:\Documents_HDD\ssd\Cours_ESGI\M1\Scala\Exam_Scala\wikipages\build.sbt. Using presentation compiler with project's scala-library version: 3.3.3
2024.05.18 14:55:05 INFO  no build target found for E:\Documents_HDD\ssd\Cours_ESGI\M1\Scala\Exam_Scala\wikipages\build.sbt. Using presentation compiler with project's scala-library version: 3.3.3
2024.05.18 14:55:05 WARN  Could not find semantic tokens for: file:///E:/Documents_HDD/ssd/Cours_ESGI/M1/Scala/Exam_Scala/wikipages/build.sbt
2024.05.18 14:55:06 WARN  no build target for: E:\Documents_HDD\ssd\Cours_ESGI\M1\Scala\Exam_Scala\wikipages\build.sbt
2024.05.18 14:55:06 INFO  no build target found for E:\Documents_HDD\ssd\Cours_ESGI\M1\Scala\Exam_Scala\wikipages\build.sbt. Using presentation compiler with project's scala-library version: 3.3.3
2024.05.18 14:55:06 INFO  no build target found for E:\Documents_HDD\ssd\Cours_ESGI\M1\Scala\Exam_Scala\wikipages\build.sbt. Using presentation compiler with project's scala-library version: 3.3.3
2024.05.18 14:55:06 WARN  Could not find semantic tokens for: file:///E:/Documents_HDD/ssd/Cours_ESGI/M1/Scala/Exam_Scala/wikipages/build.sbt
2024.05.18 14:55:07 WARN  no build target for: E:\Documents_HDD\ssd\Cours_ESGI\M1\Scala\Exam_Scala\wikipages\build.sbt
2024.05.18 14:55:06 INFO  no build target found for E:\Documents_HDD\ssd\Cours_ESGI\M1\Scala\Exam_Scala\wikipages\build.sbt. Using presentation compiler with project's scala-library version: 3.3.3
2024.05.18 14:55:07 INFO  no build target found for E:\Documents_HDD\ssd\Cours_ESGI\M1\Scala\Exam_Scala\wikipages\build.sbt. Using presentation compiler with project's scala-library version: 3.3.3
2024.05.18 14:55:07 WARN  Could not find semantic tokens for: file:///E:/Documents_HDD/ssd/Cours_ESGI/M1/Scala/Exam_Scala/wikipages/build.sbt
2024.05.18 14:55:07 WARN  no build target for: E:\Documents_HDD\ssd\Cours_ESGI\M1\Scala\Exam_Scala\wikipages\build.sbt
2024.05.18 14:55:07 INFO  no build target found for E:\Documents_HDD\ssd\Cours_ESGI\M1\Scala\Exam_Scala\wikipages\build.sbt. Using presentation compiler with project's scala-library version: 3.3.3
2024.05.18 14:55:07 INFO  no build target found for E:\Documents_HDD\ssd\Cours_ESGI\M1\Scala\Exam_Scala\wikipages\build.sbt. Using presentation compiler with project's scala-library version: 3.3.3
2024.05.18 14:55:07 WARN  Could not find semantic tokens for: file:///E:/Documents_HDD/ssd/Cours_ESGI/M1/Scala/Exam_Scala/wikipages/build.sbt
2024.05.18 14:55:08 WARN  no build target for: E:\Documents_HDD\ssd\Cours_ESGI\M1\Scala\Exam_Scala\wikipages\build.sbt
2024.05.18 14:55:08 INFO  no build target found for E:\Documents_HDD\ssd\Cours_ESGI\M1\Scala\Exam_Scala\wikipages\build.sbt. Using presentation compiler with project's scala-library version: 3.3.3
2024.05.18 14:55:07 INFO  no build target found for E:\Documents_HDD\ssd\Cours_ESGI\M1\Scala\Exam_Scala\wikipages\build.sbt. Using presentation compiler with project's scala-library version: 3.3.3
2024.05.18 14:55:07 WARN  Could not find semantic tokens for: file:///E:/Documents_HDD/ssd/Cours_ESGI/M1/Scala/Exam_Scala/wikipages/build.sbt
2024.05.18 14:55:07 WARN  no build target for: E:\Documents_HDD\ssd\Cours_ESGI\M1\Scala\Exam_Scala\wikipages\build.sbt
2024.05.18 14:55:08 INFO  no build target found for E:\Documents_HDD\ssd\Cours_ESGI\M1\Scala\Exam_Scala\wikipages\build.sbt. Using presentation compiler with project's scala-library version: 3.3.3
2024.05.18 14:55:08 INFO  no build target found for E:\Documents_HDD\ssd\Cours_ESGI\M1\Scala\Exam_Scala\wikipages\build.sbt. Using presentation compiler with project's scala-library version: 3.3.3
2024.05.18 14:55:08 WARN  Could not find semantic tokens for: file:///E:/Documents_HDD/ssd/Cours_ESGI/M1/Scala/Exam_Scala/wikipages/build.sbt
2024.05.18 14:55:08 WARN  no build target for: E:\Documents_HDD\ssd\Cours_ESGI\M1\Scala\Exam_Scala\wikipages\build.sbt
2024.05.18 14:55:08 INFO  no build target found for E:\Documents_HDD\ssd\Cours_ESGI\M1\Scala\Exam_Scala\wikipages\build.sbt. Using presentation compiler with project's scala-library version: 3.3.3
2024.05.18 14:55:09 INFO  no build target found for E:\Documents_HDD\ssd\Cours_ESGI\M1\Scala\Exam_Scala\wikipages\build.sbt. Using presentation compiler with project's scala-library version: 3.3.3
2024.05.18 14:55:09 WARN  Could not find semantic tokens for: file:///E:/Documents_HDD/ssd/Cours_ESGI/M1/Scala/Exam_Scala/wikipages/build.sbt
2024.05.18 14:55:09 WARN  no build target for: E:\Documents_HDD\ssd\Cours_ESGI\M1\Scala\Exam_Scala\wikipages\build.sbt
2024.05.18 14:55:09 INFO  no build target found for E:\Documents_HDD\ssd\Cours_ESGI\M1\Scala\Exam_Scala\wikipages\build.sbt. Using presentation compiler with project's scala-library version: 3.3.3
2024.05.18 14:55:09 INFO  no build target found for E:\Documents_HDD\ssd\Cours_ESGI\M1\Scala\Exam_Scala\wikipages\build.sbt. Using presentation compiler with project's scala-library version: 3.3.3
2024.05.18 14:55:09 WARN  Could not find semantic tokens for: file:///E:/Documents_HDD/ssd/Cours_ESGI/M1/Scala/Exam_Scala/wikipages/build.sbt
2024.05.18 14:55:09 WARN  no build target for: E:\Documents_HDD\ssd\Cours_ESGI\M1\Scala\Exam_Scala\wikipages\build.sbt
2024.05.18 14:55:08 INFO  no build target found for E:\Documents_HDD\ssd\Cours_ESGI\M1\Scala\Exam_Scala\wikipages\build.sbt. Using presentation compiler with project's scala-library version: 3.3.3
2024.05.18 14:55:09 INFO  no build target found for E:\Documents_HDD\ssd\Cours_ESGI\M1\Scala\Exam_Scala\wikipages\build.sbt. Using presentation compiler with project's scala-library version: 3.3.3
2024.05.18 14:55:09 WARN  Could not find semantic tokens for: file:///E:/Documents_HDD/ssd/Cours_ESGI/M1/Scala/Exam_Scala/wikipages/build.sbt
2024.05.18 14:55:09 WARN  no build target for: E:\Documents_HDD\ssd\Cours_ESGI\M1\Scala\Exam_Scala\wikipages\build.sbt
2024.05.18 14:55:09 INFO  no build target found for E:\Documents_HDD\ssd\Cours_ESGI\M1\Scala\Exam_Scala\wikipages\build.sbt. Using presentation compiler with project's scala-library version: 3.3.3
2024.05.18 14:55:09 INFO  no build target found for E:\Documents_HDD\ssd\Cours_ESGI\M1\Scala\Exam_Scala\wikipages\build.sbt. Using presentation compiler with project's scala-library version: 3.3.3
2024.05.18 14:55:09 WARN  Could not find semantic tokens for: file:///E:/Documents_HDD/ssd/Cours_ESGI/M1/Scala/Exam_Scala/wikipages/build.sbt
2024.05.18 14:55:10 WARN  no build target for: E:\Documents_HDD\ssd\Cours_ESGI\M1\Scala\Exam_Scala\wikipages\build.sbt
2024.05.18 14:55:09 INFO  no build target found for E:\Documents_HDD\ssd\Cours_ESGI\M1\Scala\Exam_Scala\wikipages\build.sbt. Using presentation compiler with project's scala-library version: 3.3.3
2024.05.18 14:55:09 INFO  no build target found for E:\Documents_HDD\ssd\Cours_ESGI\M1\Scala\Exam_Scala\wikipages\build.sbt. Using presentation compiler with project's scala-library version: 3.3.3
2024.05.18 14:55:09 WARN  Could not find semantic tokens for: file:///E:/Documents_HDD/ssd/Cours_ESGI/M1/Scala/Exam_Scala/wikipages/build.sbt
2024.05.18 14:55:10 WARN  no build target for: E:\Documents_HDD\ssd\Cours_ESGI\M1\Scala\Exam_Scala\wikipages\build.sbt
2024.05.18 14:55:09 INFO  no build target found for E:\Documents_HDD\ssd\Cours_ESGI\M1\Scala\Exam_Scala\wikipages\build.sbt. Using presentation compiler with project's scala-library version: 3.3.3
2024.05.18 14:55:10 INFO  no build target found for E:\Documents_HDD\ssd\Cours_ESGI\M1\Scala\Exam_Scala\wikipages\build.sbt. Using presentation compiler with project's scala-library version: 3.3.3
2024.05.18 14:55:10 WARN  Could not find semantic tokens for: file:///E:/Documents_HDD/ssd/Cours_ESGI/M1/Scala/Exam_Scala/wikipages/build.sbt
2024.05.18 14:55:10 WARN  no build target for: E:\Documents_HDD\ssd\Cours_ESGI\M1\Scala\Exam_Scala\wikipages\build.sbt
2024.05.18 14:55:10 INFO  no build target found for E:\Documents_HDD\ssd\Cours_ESGI\M1\Scala\Exam_Scala\wikipages\build.sbt. Using presentation compiler with project's scala-library version: 3.3.3
2024.05.18 14:55:10 INFO  no build target found for E:\Documents_HDD\ssd\Cours_ESGI\M1\Scala\Exam_Scala\wikipages\build.sbt. Using presentation compiler with project's scala-library version: 3.3.3
2024.05.18 14:55:10 WARN  Could not find semantic tokens for: file:///E:/Documents_HDD/ssd/Cours_ESGI/M1/Scala/Exam_Scala/wikipages/build.sbt
2024.05.18 14:55:10 WARN  no build target for: E:\Documents_HDD\ssd\Cours_ESGI\M1\Scala\Exam_Scala\wikipages\build.sbt
2024.05.18 14:55:10 INFO  no build target found for E:\Documents_HDD\ssd\Cours_ESGI\M1\Scala\Exam_Scala\wikipages\build.sbt. Using presentation compiler with project's scala-library version: 3.3.3
2024.05.18 14:55:10 INFO  no build target found for E:\Documents_HDD\ssd\Cours_ESGI\M1\Scala\Exam_Scala\wikipages\build.sbt. Using presentation compiler with project's scala-library version: 3.3.3
2024.05.18 14:55:10 WARN  Could not find semantic tokens for: file:///E:/Documents_HDD/ssd/Cours_ESGI/M1/Scala/Exam_Scala/wikipages/build.sbt
2024.05.18 14:55:11 INFO  no build target found for E:\Documents_HDD\ssd\Cours_ESGI\M1\Scala\Exam_Scala\wikipages\build.sbt. Using presentation compiler with project's scala-library version: 3.3.3
2024.05.18 14:55:11 WARN  no build target for: E:\Documents_HDD\ssd\Cours_ESGI\M1\Scala\Exam_Scala\wikipages\build.sbt
2024.05.18 14:55:11 INFO  no build target found for E:\Documents_HDD\ssd\Cours_ESGI\M1\Scala\Exam_Scala\wikipages\build.sbt. Using presentation compiler with project's scala-library version: 3.3.3
2024.05.18 14:55:11 INFO  no build target found for E:\Documents_HDD\ssd\Cours_ESGI\M1\Scala\Exam_Scala\wikipages\build.sbt. Using presentation compiler with project's scala-library version: 3.3.3
2024.05.18 14:55:11 WARN  Could not find semantic tokens for: file:///E:/Documents_HDD/ssd/Cours_ESGI/M1/Scala/Exam_Scala/wikipages/build.sbt
2024.05.18 14:55:12 WARN  no build target for: E:\Documents_HDD\ssd\Cours_ESGI\M1\Scala\Exam_Scala\wikipages\build.sbt
2024.05.18 14:55:12 INFO  no build target found for E:\Documents_HDD\ssd\Cours_ESGI\M1\Scala\Exam_Scala\wikipages\build.sbt. Using presentation compiler with project's scala-library version: 3.3.3
2024.05.18 14:55:11 INFO  no build target found for E:\Documents_HDD\ssd\Cours_ESGI\M1\Scala\Exam_Scala\wikipages\build.sbt. Using presentation compiler with project's scala-library version: 3.3.3
2024.05.18 14:55:11 WARN  Could not find semantic tokens for: file:///E:/Documents_HDD/ssd/Cours_ESGI/M1/Scala/Exam_Scala/wikipages/build.sbt
2024.05.18 14:55:16 WARN  no build target for: E:\Documents_HDD\ssd\Cours_ESGI\M1\Scala\Exam_Scala\wikipages\build.sbt
2024.05.18 14:55:16 INFO  no build target found for E:\Documents_HDD\ssd\Cours_ESGI\M1\Scala\Exam_Scala\wikipages\build.sbt. Using presentation compiler with project's scala-library version: 3.3.3
2024.05.18 14:55:16 INFO  no build target found for E:\Documents_HDD\ssd\Cours_ESGI\M1\Scala\Exam_Scala\wikipages\build.sbt. Using presentation compiler with project's scala-library version: 3.3.3
2024.05.18 14:55:16 WARN  Could not find semantic tokens for: file:///E:/Documents_HDD/ssd/Cours_ESGI/M1/Scala/Exam_Scala/wikipages/build.sbt
2024.05.18 14:55:18 INFO  no build target found for E:\Documents_HDD\ssd\Cours_ESGI\M1\Scala\Exam_Scala\wikipages\build.sbt. Using presentation compiler with project's scala-library version: 3.3.3
2024.05.18 14:55:18 WARN  no build target for: E:\Documents_HDD\ssd\Cours_ESGI\M1\Scala\Exam_Scala\wikipages\build.sbt
2024.05.18 14:55:18 INFO  no build target found for E:\Documents_HDD\ssd\Cours_ESGI\M1\Scala\Exam_Scala\wikipages\build.sbt. Using presentation compiler with project's scala-library version: 3.3.3
2024.05.18 14:55:18 INFO  no build target found for E:\Documents_HDD\ssd\Cours_ESGI\M1\Scala\Exam_Scala\wikipages\build.sbt. Using presentation compiler with project's scala-library version: 3.3.3
2024.05.18 14:55:18 WARN  Could not find semantic tokens for: file:///E:/Documents_HDD/ssd/Cours_ESGI/M1/Scala/Exam_Scala/wikipages/build.sbt
2024.05.18 14:55:18 INFO  no build target found for E:\Documents_HDD\ssd\Cours_ESGI\M1\Scala\Exam_Scala\wikipages\build.sbt. Using presentation compiler with project's scala-library version: 3.3.3
2024.05.18 14:55:18 WARN  no build target for: E:\Documents_HDD\ssd\Cours_ESGI\M1\Scala\Exam_Scala\wikipages\build.sbt
2024.05.18 14:55:18 INFO  no build target found for E:\Documents_HDD\ssd\Cours_ESGI\M1\Scala\Exam_Scala\wikipages\build.sbt. Using presentation compiler with project's scala-library version: 3.3.3
2024.05.18 14:55:18 INFO  no build target found for E:\Documents_HDD\ssd\Cours_ESGI\M1\Scala\Exam_Scala\wikipages\build.sbt. Using presentation compiler with project's scala-library version: 3.3.3
2024.05.18 14:55:18 WARN  Could not find semantic tokens for: file:///E:/Documents_HDD/ssd/Cours_ESGI/M1/Scala/Exam_Scala/wikipages/build.sbt
2024.05.18 14:55:18 INFO  no build target found for E:\Documents_HDD\ssd\Cours_ESGI\M1\Scala\Exam_Scala\wikipages\build.sbt. Using presentation compiler with project's scala-library version: 3.3.3
2024.05.18 14:55:18 WARN  no build target for: E:\Documents_HDD\ssd\Cours_ESGI\M1\Scala\Exam_Scala\wikipages\build.sbt
2024.05.18 14:55:18 INFO  no build target found for E:\Documents_HDD\ssd\Cours_ESGI\M1\Scala\Exam_Scala\wikipages\build.sbt. Using presentation compiler with project's scala-library version: 3.3.3
2024.05.18 14:55:18 INFO  no build target found for E:\Documents_HDD\ssd\Cours_ESGI\M1\Scala\Exam_Scala\wikipages\build.sbt. Using presentation compiler with project's scala-library version: 3.3.3
2024.05.18 14:55:18 WARN  Could not find semantic tokens for: file:///E:/Documents_HDD/ssd/Cours_ESGI/M1/Scala/Exam_Scala/wikipages/build.sbt
2024.05.18 14:55:22 WARN  no build target for: E:\Documents_HDD\ssd\Cours_ESGI\M1\Scala\Exam_Scala\wikipages\build.sbt
2024.05.18 14:55:22 INFO  no build target found for E:\Documents_HDD\ssd\Cours_ESGI\M1\Scala\Exam_Scala\wikipages\build.sbt. Using presentation compiler with project's scala-library version: 3.3.3
2024.05.18 14:55:22 INFO  no build target found for E:\Documents_HDD\ssd\Cours_ESGI\M1\Scala\Exam_Scala\wikipages\build.sbt. Using presentation compiler with project's scala-library version: 3.3.3
2024.05.18 14:55:22 WARN  Could not find semantic tokens for: file:///E:/Documents_HDD/ssd/Cours_ESGI/M1/Scala/Exam_Scala/wikipages/build.sbt
2024.05.18 14:55:27 WARN  no build target for: E:\Documents_HDD\ssd\Cours_ESGI\M1\Scala\Exam_Scala\wikipages\build.sbt
2024.05.18 14:55:27 INFO  no build target found for E:\Documents_HDD\ssd\Cours_ESGI\M1\Scala\Exam_Scala\wikipages\build.sbt. Using presentation compiler with project's scala-library version: 3.3.3
2024.05.18 14:55:27 INFO  no build target found for E:\Documents_HDD\ssd\Cours_ESGI\M1\Scala\Exam_Scala\wikipages\build.sbt. Using presentation compiler with project's scala-library version: 3.3.3
2024.05.18 14:55:27 WARN  Could not find semantic tokens for: file:///E:/Documents_HDD/ssd/Cours_ESGI/M1/Scala/Exam_Scala/wikipages/build.sbt
2024.05.18 14:55:28 WARN  no build target for: E:\Documents_HDD\ssd\Cours_ESGI\M1\Scala\Exam_Scala\wikipages\build.sbt
2024.05.18 14:55:28 INFO  no build target found for E:\Documents_HDD\ssd\Cours_ESGI\M1\Scala\Exam_Scala\wikipages\build.sbt. Using presentation compiler with project's scala-library version: 3.3.3
2024.05.18 14:55:28 INFO  no build target found for E:\Documents_HDD\ssd\Cours_ESGI\M1\Scala\Exam_Scala\wikipages\build.sbt. Using presentation compiler with project's scala-library version: 3.3.3
2024.05.18 14:55:28 WARN  Could not find semantic tokens for: file:///E:/Documents_HDD/ssd/Cours_ESGI/M1/Scala/Exam_Scala/wikipages/build.sbt
2024.05.18 14:55:28 WARN  no build target for: E:\Documents_HDD\ssd\Cours_ESGI\M1\Scala\Exam_Scala\wikipages\build.sbt
2024.05.18 14:55:28 INFO  no build target found for E:\Documents_HDD\ssd\Cours_ESGI\M1\Scala\Exam_Scala\wikipages\build.sbt. Using presentation compiler with project's scala-library version: 3.3.3
2024.05.18 14:55:28 INFO  no build target found for E:\Documents_HDD\ssd\Cours_ESGI\M1\Scala\Exam_Scala\wikipages\build.sbt. Using presentation compiler with project's scala-library version: 3.3.3
2024.05.18 14:55:28 WARN  Could not find semantic tokens for: file:///E:/Documents_HDD/ssd/Cours_ESGI/M1/Scala/Exam_Scala/wikipages/build.sbt
2024.05.18 14:55:29 WARN  no build target for: E:\Documents_HDD\ssd\Cours_ESGI\M1\Scala\Exam_Scala\wikipages\build.sbt
2024.05.18 14:55:29 INFO  no build target found for E:\Documents_HDD\ssd\Cours_ESGI\M1\Scala\Exam_Scala\wikipages\build.sbt. Using presentation compiler with project's scala-library version: 3.3.3
2024.05.18 14:55:29 INFO  no build target found for E:\Documents_HDD\ssd\Cours_ESGI\M1\Scala\Exam_Scala\wikipages\build.sbt. Using presentation compiler with project's scala-library version: 3.3.3
2024.05.18 14:55:29 WARN  Could not find semantic tokens for: file:///E:/Documents_HDD/ssd/Cours_ESGI/M1/Scala/Exam_Scala/wikipages/build.sbt
2024.05.18 14:55:30 WARN  no build target for: E:\Documents_HDD\ssd\Cours_ESGI\M1\Scala\Exam_Scala\wikipages\build.sbt
2024.05.18 14:55:29 INFO  no build target found for E:\Documents_HDD\ssd\Cours_ESGI\M1\Scala\Exam_Scala\wikipages\build.sbt. Using presentation compiler with project's scala-library version: 3.3.3
2024.05.18 14:55:29 INFO  no build target found for E:\Documents_HDD\ssd\Cours_ESGI\M1\Scala\Exam_Scala\wikipages\build.sbt. Using presentation compiler with project's scala-library version: 3.3.3
2024.05.18 14:55:29 WARN  Could not find semantic tokens for: file:///E:/Documents_HDD/ssd/Cours_ESGI/M1/Scala/Exam_Scala/wikipages/build.sbt
2024.05.18 14:55:32 WARN  no build target for: E:\Documents_HDD\ssd\Cours_ESGI\M1\Scala\Exam_Scala\wikipages\build.sbt
2024.05.18 14:55:32 INFO  no build target found for E:\Documents_HDD\ssd\Cours_ESGI\M1\Scala\Exam_Scala\wikipages\build.sbt. Using presentation compiler with project's scala-library version: 3.3.3
2024.05.18 14:55:32 INFO  no build target found for E:\Documents_HDD\ssd\Cours_ESGI\M1\Scala\Exam_Scala\wikipages\build.sbt. Using presentation compiler with project's scala-library version: 3.3.3
2024.05.18 14:55:32 WARN  Could not find semantic tokens for: file:///E:/Documents_HDD/ssd/Cours_ESGI/M1/Scala/Exam_Scala/wikipages/build.sbt
2024.05.18 14:55:32 INFO  no build target found for E:\Documents_HDD\ssd\Cours_ESGI\M1\Scala\Exam_Scala\wikipages\build.sbt. Using presentation compiler with project's scala-library version: 3.3.3
2024.05.18 14:55:32 WARN  no build target for: E:\Documents_HDD\ssd\Cours_ESGI\M1\Scala\Exam_Scala\wikipages\build.sbt
2024.05.18 14:55:32 INFO  no build target found for E:\Documents_HDD\ssd\Cours_ESGI\M1\Scala\Exam_Scala\wikipages\build.sbt. Using presentation compiler with project's scala-library version: 3.3.3
2024.05.18 14:55:32 INFO  no build target found for E:\Documents_HDD\ssd\Cours_ESGI\M1\Scala\Exam_Scala\wikipages\build.sbt. Using presentation compiler with project's scala-library version: 3.3.3
2024.05.18 14:55:32 WARN  Could not find semantic tokens for: file:///E:/Documents_HDD/ssd/Cours_ESGI/M1/Scala/Exam_Scala/wikipages/build.sbt
2024.05.18 14:55:33 WARN  no build target for: E:\Documents_HDD\ssd\Cours_ESGI\M1\Scala\Exam_Scala\wikipages\build.sbt
2024.05.18 14:55:33 INFO  no build target found for E:\Documents_HDD\ssd\Cours_ESGI\M1\Scala\Exam_Scala\wikipages\build.sbt. Using presentation compiler with project's scala-library version: 3.3.3
2024.05.18 14:55:33 INFO  no build target found for E:\Documents_HDD\ssd\Cours_ESGI\M1\Scala\Exam_Scala\wikipages\build.sbt. Using presentation compiler with project's scala-library version: 3.3.3
2024.05.18 14:55:33 WARN  Could not find semantic tokens for: file:///E:/Documents_HDD/ssd/Cours_ESGI/M1/Scala/Exam_Scala/wikipages/build.sbt
2024.05.18 14:55:32 INFO  no build target found for E:\Documents_HDD\ssd\Cours_ESGI\M1\Scala\Exam_Scala\wikipages\build.sbt. Using presentation compiler with project's scala-library version: 3.3.3
2024.05.18 14:55:32 WARN  no build target for: E:\Documents_HDD\ssd\Cours_ESGI\M1\Scala\Exam_Scala\wikipages\build.sbt
2024.05.18 14:55:33 INFO  no build target found for E:\Documents_HDD\ssd\Cours_ESGI\M1\Scala\Exam_Scala\wikipages\build.sbt. Using presentation compiler with project's scala-library version: 3.3.3
2024.05.18 14:55:33 INFO  no build target found for E:\Documents_HDD\ssd\Cours_ESGI\M1\Scala\Exam_Scala\wikipages\build.sbt. Using presentation compiler with project's scala-library version: 3.3.3
2024.05.18 14:55:33 WARN  Could not find semantic tokens for: file:///E:/Documents_HDD/ssd/Cours_ESGI/M1/Scala/Exam_Scala/wikipages/build.sbt
2024.05.18 14:55:35 INFO  no build target found for E:\Documents_HDD\ssd\Cours_ESGI\M1\Scala\Exam_Scala\wikipages\build.sbt. Using presentation compiler with project's scala-library version: 3.3.3
2024.05.18 14:55:35 WARN  no build target for: E:\Documents_HDD\ssd\Cours_ESGI\M1\Scala\Exam_Scala\wikipages\build.sbt
2024.05.18 14:55:35 INFO  no build target found for E:\Documents_HDD\ssd\Cours_ESGI\M1\Scala\Exam_Scala\wikipages\build.sbt. Using presentation compiler with project's scala-library version: 3.3.3
2024.05.18 14:55:35 INFO  no build target found for E:\Documents_HDD\ssd\Cours_ESGI\M1\Scala\Exam_Scala\wikipages\build.sbt. Using presentation compiler with project's scala-library version: 3.3.3
2024.05.18 14:55:35 WARN  Could not find semantic tokens for: file:///E:/Documents_HDD/ssd/Cours_ESGI/M1/Scala/Exam_Scala/wikipages/build.sbt
2024.05.18 14:55:35 WARN  no build target for: E:\Documents_HDD\ssd\Cours_ESGI\M1\Scala\Exam_Scala\wikipages\build.sbt
2024.05.18 14:55:35 INFO  no build target found for E:\Documents_HDD\ssd\Cours_ESGI\M1\Scala\Exam_Scala\wikipages\build.sbt. Using presentation compiler with project's scala-library version: 3.3.3
2024.05.18 14:55:35 INFO  no build target found for E:\Documents_HDD\ssd\Cours_ESGI\M1\Scala\Exam_Scala\wikipages\build.sbt. Using presentation compiler with project's scala-library version: 3.3.3
2024.05.18 14:55:35 WARN  Could not find semantic tokens for: file:///E:/Documents_HDD/ssd/Cours_ESGI/M1/Scala/Exam_Scala/wikipages/build.sbt
2024.05.18 14:55:37 WARN  no build target for: E:\Documents_HDD\ssd\Cours_ESGI\M1\Scala\Exam_Scala\wikipages\build.sbt
2024.05.18 14:55:37 INFO  no build target found for E:\Documents_HDD\ssd\Cours_ESGI\M1\Scala\Exam_Scala\wikipages\build.sbt. Using presentation compiler with project's scala-library version: 3.3.3
2024.05.18 14:55:37 INFO  no build target found for E:\Documents_HDD\ssd\Cours_ESGI\M1\Scala\Exam_Scala\wikipages\build.sbt. Using presentation compiler with project's scala-library version: 3.3.3
2024.05.18 14:55:37 WARN  Could not find semantic tokens for: file:///E:/Documents_HDD/ssd/Cours_ESGI/M1/Scala/Exam_Scala/wikipages/build.sbt
2024.05.18 14:55:38 WARN  no build target for: E:\Documents_HDD\ssd\Cours_ESGI\M1\Scala\Exam_Scala\wikipages\build.sbt
2024.05.18 14:55:38 INFO  no build target found for E:\Documents_HDD\ssd\Cours_ESGI\M1\Scala\Exam_Scala\wikipages\build.sbt. Using presentation compiler with project's scala-library version: 3.3.3
2024.05.18 14:55:37 INFO  no build target found for E:\Documents_HDD\ssd\Cours_ESGI\M1\Scala\Exam_Scala\wikipages\build.sbt. Using presentation compiler with project's scala-library version: 3.3.3
2024.05.18 14:55:37 WARN  Could not find semantic tokens for: file:///E:/Documents_HDD/ssd/Cours_ESGI/M1/Scala/Exam_Scala/wikipages/build.sbt
2024.05.18 14:55:37 WARN  no build target for: E:\Documents_HDD\ssd\Cours_ESGI\M1\Scala\Exam_Scala\wikipages\build.sbt
2024.05.18 14:55:38 INFO  no build target found for E:\Documents_HDD\ssd\Cours_ESGI\M1\Scala\Exam_Scala\wikipages\build.sbt. Using presentation compiler with project's scala-library version: 3.3.3
2024.05.18 14:55:38 INFO  no build target found for E:\Documents_HDD\ssd\Cours_ESGI\M1\Scala\Exam_Scala\wikipages\build.sbt. Using presentation compiler with project's scala-library version: 3.3.3
2024.05.18 14:55:38 WARN  Could not find semantic tokens for: file:///E:/Documents_HDD/ssd/Cours_ESGI/M1/Scala/Exam_Scala/wikipages/build.sbt
2024.05.18 14:55:38 WARN  no build target for: E:\Documents_HDD\ssd\Cours_ESGI\M1\Scala\Exam_Scala\wikipages\build.sbt
2024.05.18 14:55:38 INFO  no build target found for E:\Documents_HDD\ssd\Cours_ESGI\M1\Scala\Exam_Scala\wikipages\build.sbt. Using presentation compiler with project's scala-library version: 3.3.3
2024.05.18 14:55:39 INFO  no build target found for E:\Documents_HDD\ssd\Cours_ESGI\M1\Scala\Exam_Scala\wikipages\build.sbt. Using presentation compiler with project's scala-library version: 3.3.3
2024.05.18 14:55:38 WARN  Could not find semantic tokens for: file:///E:/Documents_HDD/ssd/Cours_ESGI/M1/Scala/Exam_Scala/wikipages/build.sbt
2024.05.18 14:55:41 INFO  no build target found for E:\Documents_HDD\ssd\Cours_ESGI\M1\Scala\Exam_Scala\wikipages\build.sbt. Using presentation compiler with project's scala-library version: 3.3.3
2024.05.18 14:55:41 WARN  no build target for: E:\Documents_HDD\ssd\Cours_ESGI\M1\Scala\Exam_Scala\wikipages\build.sbt
2024.05.18 14:55:41 INFO  no build target found for E:\Documents_HDD\ssd\Cours_ESGI\M1\Scala\Exam_Scala\wikipages\build.sbt. Using presentation compiler with project's scala-library version: 3.3.3
2024.05.18 14:55:41 INFO  no build target found for E:\Documents_HDD\ssd\Cours_ESGI\M1\Scala\Exam_Scala\wikipages\build.sbt. Using presentation compiler with project's scala-library version: 3.3.3
2024.05.18 14:55:41 WARN  Could not find semantic tokens for: file:///E:/Documents_HDD/ssd/Cours_ESGI/M1/Scala/Exam_Scala/wikipages/build.sbt
2024.05.18 14:55:41 WARN  no build target for: E:\Documents_HDD\ssd\Cours_ESGI\M1\Scala\Exam_Scala\wikipages\build.sbt
2024.05.18 14:55:41 INFO  no build target found for E:\Documents_HDD\ssd\Cours_ESGI\M1\Scala\Exam_Scala\wikipages\build.sbt. Using presentation compiler with project's scala-library version: 3.3.3
2024.05.18 14:55:41 INFO  no build target found for E:\Documents_HDD\ssd\Cours_ESGI\M1\Scala\Exam_Scala\wikipages\build.sbt. Using presentation compiler with project's scala-library version: 3.3.3
2024.05.18 14:55:41 WARN  Could not find semantic tokens for: file:///E:/Documents_HDD/ssd/Cours_ESGI/M1/Scala/Exam_Scala/wikipages/build.sbt
2024.05.18 14:55:41 WARN  no build target for: E:\Documents_HDD\ssd\Cours_ESGI\M1\Scala\Exam_Scala\wikipages\build.sbt
2024.05.18 14:55:41 INFO  no build target found for E:\Documents_HDD\ssd\Cours_ESGI\M1\Scala\Exam_Scala\wikipages\build.sbt. Using presentation compiler with project's scala-library version: 3.3.3
2024.05.18 14:55:41 INFO  no build target found for E:\Documents_HDD\ssd\Cours_ESGI\M1\Scala\Exam_Scala\wikipages\build.sbt. Using presentation compiler with project's scala-library version: 3.3.3
2024.05.18 14:55:41 WARN  Could not find semantic tokens for: file:///E:/Documents_HDD/ssd/Cours_ESGI/M1/Scala/Exam_Scala/wikipages/build.sbt
2024.05.18 14:55:41 WARN  no build target for: E:\Documents_HDD\ssd\Cours_ESGI\M1\Scala\Exam_Scala\wikipages\build.sbt
2024.05.18 14:55:42 INFO  no build target found for E:\Documents_HDD\ssd\Cours_ESGI\M1\Scala\Exam_Scala\wikipages\build.sbt. Using presentation compiler with project's scala-library version: 3.3.3
2024.05.18 14:55:42 INFO  no build target found for E:\Documents_HDD\ssd\Cours_ESGI\M1\Scala\Exam_Scala\wikipages\build.sbt. Using presentation compiler with project's scala-library version: 3.3.3
2024.05.18 14:55:42 WARN  Could not find semantic tokens for: file:///E:/Documents_HDD/ssd/Cours_ESGI/M1/Scala/Exam_Scala/wikipages/build.sbt
2024.05.18 14:55:42 WARN  no build target for: E:\Documents_HDD\ssd\Cours_ESGI\M1\Scala\Exam_Scala\wikipages\build.sbt
2024.05.18 14:55:41 INFO  no build target found for E:\Documents_HDD\ssd\Cours_ESGI\M1\Scala\Exam_Scala\wikipages\build.sbt. Using presentation compiler with project's scala-library version: 3.3.3
2024.05.18 14:55:42 INFO  no build target found for E:\Documents_HDD\ssd\Cours_ESGI\M1\Scala\Exam_Scala\wikipages\build.sbt. Using presentation compiler with project's scala-library version: 3.3.3
2024.05.18 14:55:42 WARN  Could not find semantic tokens for: file:///E:/Documents_HDD/ssd/Cours_ESGI/M1/Scala/Exam_Scala/wikipages/build.sbt
2024.05.18 14:55:41 WARN  no build target for: E:\Documents_HDD\ssd\Cours_ESGI\M1\Scala\Exam_Scala\wikipages\build.sbt
2024.05.18 14:55:42 INFO  no build target found for E:\Documents_HDD\ssd\Cours_ESGI\M1\Scala\Exam_Scala\wikipages\build.sbt. Using presentation compiler with project's scala-library version: 3.3.3
2024.05.18 14:55:41 INFO  no build target found for E:\Documents_HDD\ssd\Cours_ESGI\M1\Scala\Exam_Scala\wikipages\build.sbt. Using presentation compiler with project's scala-library version: 3.3.3
2024.05.18 14:55:41 WARN  Could not find semantic tokens for: file:///E:/Documents_HDD/ssd/Cours_ESGI/M1/Scala/Exam_Scala/wikipages/build.sbt
2024.05.18 14:55:42 WARN  no build target for: E:\Documents_HDD\ssd\Cours_ESGI\M1\Scala\Exam_Scala\wikipages\build.sbt
2024.05.18 14:55:42 INFO  no build target found for E:\Documents_HDD\ssd\Cours_ESGI\M1\Scala\Exam_Scala\wikipages\build.sbt. Using presentation compiler with project's scala-library version: 3.3.3
2024.05.18 14:55:42 INFO  no build target found for E:\Documents_HDD\ssd\Cours_ESGI\M1\Scala\Exam_Scala\wikipages\build.sbt. Using presentation compiler with project's scala-library version: 3.3.3
2024.05.18 14:55:42 WARN  Could not find semantic tokens for: file:///E:/Documents_HDD/ssd/Cours_ESGI/M1/Scala/Exam_Scala/wikipages/build.sbt
2024.05.18 14:55:46 WARN  no build target for: E:\Documents_HDD\ssd\Cours_ESGI\M1\Scala\Exam_Scala\wikipages\build.sbt
2024.05.18 14:55:46 INFO  no build target found for E:\Documents_HDD\ssd\Cours_ESGI\M1\Scala\Exam_Scala\wikipages\build.sbt. Using presentation compiler with project's scala-library version: 3.3.3
2024.05.18 14:55:46 INFO  no build target found for E:\Documents_HDD\ssd\Cours_ESGI\M1\Scala\Exam_Scala\wikipages\build.sbt. Using presentation compiler with project's scala-library version: 3.3.3
2024.05.18 14:55:46 WARN  Could not find semantic tokens for: file:///E:/Documents_HDD/ssd/Cours_ESGI/M1/Scala/Exam_Scala/wikipages/build.sbt
2024.05.18 14:55:47 WARN  no build target for: E:\Documents_HDD\ssd\Cours_ESGI\M1\Scala\Exam_Scala\wikipages\build.sbt
2024.05.18 14:55:47 INFO  no build target found for E:\Documents_HDD\ssd\Cours_ESGI\M1\Scala\Exam_Scala\wikipages\build.sbt. Using presentation compiler with project's scala-library version: 3.3.3
2024.05.18 14:55:47 INFO  no build target found for E:\Documents_HDD\ssd\Cours_ESGI\M1\Scala\Exam_Scala\wikipages\build.sbt. Using presentation compiler with project's scala-library version: 3.3.3
2024.05.18 14:55:47 WARN  Could not find semantic tokens for: file:///E:/Documents_HDD/ssd/Cours_ESGI/M1/Scala/Exam_Scala/wikipages/build.sbt
2024.05.18 14:55:47 WARN  no build target for: E:\Documents_HDD\ssd\Cours_ESGI\M1\Scala\Exam_Scala\wikipages\build.sbt
2024.05.18 14:55:47 INFO  no build target found for E:\Documents_HDD\ssd\Cours_ESGI\M1\Scala\Exam_Scala\wikipages\build.sbt. Using presentation compiler with project's scala-library version: 3.3.3
2024.05.18 14:55:47 INFO  no build target found for E:\Documents_HDD\ssd\Cours_ESGI\M1\Scala\Exam_Scala\wikipages\build.sbt. Using presentation compiler with project's scala-library version: 3.3.3
2024.05.18 14:55:47 WARN  Could not find semantic tokens for: file:///E:/Documents_HDD/ssd/Cours_ESGI/M1/Scala/Exam_Scala/wikipages/build.sbt
2024.05.18 14:55:50 WARN  no build target for: E:\Documents_HDD\ssd\Cours_ESGI\M1\Scala\Exam_Scala\wikipages\build.sbt
2024.05.18 14:55:50 INFO  no build target found for E:\Documents_HDD\ssd\Cours_ESGI\M1\Scala\Exam_Scala\wikipages\build.sbt. Using presentation compiler with project's scala-library version: 3.3.3
2024.05.18 14:55:50 INFO  no build target found for E:\Documents_HDD\ssd\Cours_ESGI\M1\Scala\Exam_Scala\wikipages\build.sbt. Using presentation compiler with project's scala-library version: 3.3.3
2024.05.18 14:55:50 WARN  Could not find semantic tokens for: file:///E:/Documents_HDD/ssd/Cours_ESGI/M1/Scala/Exam_Scala/wikipages/build.sbt
2024.05.18 14:55:50 WARN  no build target for: E:\Documents_HDD\ssd\Cours_ESGI\M1\Scala\Exam_Scala\wikipages\build.sbt
2024.05.18 14:55:50 INFO  no build target found for E:\Documents_HDD\ssd\Cours_ESGI\M1\Scala\Exam_Scala\wikipages\build.sbt. Using presentation compiler with project's scala-library version: 3.3.3
2024.05.18 14:55:50 INFO  no build target found for E:\Documents_HDD\ssd\Cours_ESGI\M1\Scala\Exam_Scala\wikipages\build.sbt. Using presentation compiler with project's scala-library version: 3.3.3
2024.05.18 14:55:50 WARN  Could not find semantic tokens for: file:///E:/Documents_HDD/ssd/Cours_ESGI/M1/Scala/Exam_Scala/wikipages/build.sbt
2024.05.18 14:55:54 WARN  no build target for: E:\Documents_HDD\ssd\Cours_ESGI\M1\Scala\Exam_Scala\wikipages\build.sbt
2024.05.18 14:55:54 INFO  no build target found for E:\Documents_HDD\ssd\Cours_ESGI\M1\Scala\Exam_Scala\wikipages\build.sbt. Using presentation compiler with project's scala-library version: 3.3.3
2024.05.18 14:55:54 INFO  no build target found for E:\Documents_HDD\ssd\Cours_ESGI\M1\Scala\Exam_Scala\wikipages\build.sbt. Using presentation compiler with project's scala-library version: 3.3.3
2024.05.18 14:55:54 WARN  Could not find semantic tokens for: file:///E:/Documents_HDD/ssd/Cours_ESGI/M1/Scala/Exam_Scala/wikipages/build.sbt
mai 18, 2024 2:55:54 PM org.eclipse.lsp4j.jsonrpc.RemoteEndpoint handleCancellation
WARNING: Unmatched cancel notification for request id 257
2024.05.18 14:55:54 WARN  no build target for: E:\Documents_HDD\ssd\Cours_ESGI\M1\Scala\Exam_Scala\wikipages\build.sbt
2024.05.18 14:55:54 INFO  no build target found for E:\Documents_HDD\ssd\Cours_ESGI\M1\Scala\Exam_Scala\wikipages\build.sbt. Using presentation compiler with project's scala-library version: 3.3.3
2024.05.18 14:55:54 INFO  no build target found for E:\Documents_HDD\ssd\Cours_ESGI\M1\Scala\Exam_Scala\wikipages\build.sbt. Using presentation compiler with project's scala-library version: 3.3.3
2024.05.18 14:55:54 WARN  Could not find semantic tokens for: file:///E:/Documents_HDD/ssd/Cours_ESGI/M1/Scala/Exam_Scala/wikipages/build.sbt
2024.05.18 14:55:54 WARN  no build target for: E:\Documents_HDD\ssd\Cours_ESGI\M1\Scala\Exam_Scala\wikipages\build.sbt
2024.05.18 14:55:54 INFO  no build target found for E:\Documents_HDD\ssd\Cours_ESGI\M1\Scala\Exam_Scala\wikipages\build.sbt. Using presentation compiler with project's scala-library version: 3.3.3
2024.05.18 14:55:54 INFO  no build target found for E:\Documents_HDD\ssd\Cours_ESGI\M1\Scala\Exam_Scala\wikipages\build.sbt. Using presentation compiler with project's scala-library version: 3.3.3
2024.05.18 14:55:54 WARN  Could not find semantic tokens for: file:///E:/Documents_HDD/ssd/Cours_ESGI/M1/Scala/Exam_Scala/wikipages/build.sbt
2024.05.18 14:55:56 INFO  no build target found for E:\Documents_HDD\ssd\Cours_ESGI\M1\Scala\Exam_Scala\wikipages\build.sbt. Using presentation compiler with project's scala-library version: 3.3.3
2024.05.18 14:55:56 WARN  no build target for: E:\Documents_HDD\ssd\Cours_ESGI\M1\Scala\Exam_Scala\wikipages\build.sbt
2024.05.18 14:55:56 INFO  no build target found for E:\Documents_HDD\ssd\Cours_ESGI\M1\Scala\Exam_Scala\wikipages\build.sbt. Using presentation compiler with project's scala-library version: 3.3.3
2024.05.18 14:55:56 INFO  no build target found for E:\Documents_HDD\ssd\Cours_ESGI\M1\Scala\Exam_Scala\wikipages\build.sbt. Using presentation compiler with project's scala-library version: 3.3.3
2024.05.18 14:55:56 WARN  Could not find semantic tokens for: file:///E:/Documents_HDD/ssd/Cours_ESGI/M1/Scala/Exam_Scala/wikipages/build.sbt
2024.05.18 14:55:57 WARN  no build target for: E:\Documents_HDD\ssd\Cours_ESGI\M1\Scala\Exam_Scala\wikipages\build.sbt
2024.05.18 14:55:57 INFO  no build target found for E:\Documents_HDD\ssd\Cours_ESGI\M1\Scala\Exam_Scala\wikipages\build.sbt. Using presentation compiler with project's scala-library version: 3.3.3
2024.05.18 14:55:57 INFO  no build target found for E:\Documents_HDD\ssd\Cours_ESGI\M1\Scala\Exam_Scala\wikipages\build.sbt. Using presentation compiler with project's scala-library version: 3.3.3
2024.05.18 14:55:57 WARN  Could not find semantic tokens for: file:///E:/Documents_HDD/ssd/Cours_ESGI/M1/Scala/Exam_Scala/wikipages/build.sbt
2024.05.18 14:55:57 WARN  no build target for: E:\Documents_HDD\ssd\Cours_ESGI\M1\Scala\Exam_Scala\wikipages\build.sbt
2024.05.18 14:55:57 INFO  no build target found for E:\Documents_HDD\ssd\Cours_ESGI\M1\Scala\Exam_Scala\wikipages\build.sbt. Using presentation compiler with project's scala-library version: 3.3.3
2024.05.18 14:55:57 INFO  no build target found for E:\Documents_HDD\ssd\Cours_ESGI\M1\Scala\Exam_Scala\wikipages\build.sbt. Using presentation compiler with project's scala-library version: 3.3.3
2024.05.18 14:55:57 WARN  Could not find semantic tokens for: file:///E:/Documents_HDD/ssd/Cours_ESGI/M1/Scala/Exam_Scala/wikipages/build.sbt
2024.05.18 14:55:58 WARN  no build target for: E:\Documents_HDD\ssd\Cours_ESGI\M1\Scala\Exam_Scala\wikipages\build.sbt
2024.05.18 14:55:58 INFO  no build target found for E:\Documents_HDD\ssd\Cours_ESGI\M1\Scala\Exam_Scala\wikipages\build.sbt. Using presentation compiler with project's scala-library version: 3.3.3
2024.05.18 14:55:57 INFO  no build target found for E:\Documents_HDD\ssd\Cours_ESGI\M1\Scala\Exam_Scala\wikipages\build.sbt. Using presentation compiler with project's scala-library version: 3.3.3
2024.05.18 14:55:57 WARN  Could not find semantic tokens for: file:///E:/Documents_HDD/ssd/Cours_ESGI/M1/Scala/Exam_Scala/wikipages/build.sbt
2024.05.18 14:55:58 WARN  no build target for: E:\Documents_HDD\ssd\Cours_ESGI\M1\Scala\Exam_Scala\wikipages\build.sbt
2024.05.18 14:55:58 INFO  no build target found for E:\Documents_HDD\ssd\Cours_ESGI\M1\Scala\Exam_Scala\wikipages\build.sbt. Using presentation compiler with project's scala-library version: 3.3.3
2024.05.18 14:55:58 INFO  no build target found for E:\Documents_HDD\ssd\Cours_ESGI\M1\Scala\Exam_Scala\wikipages\build.sbt. Using presentation compiler with project's scala-library version: 3.3.3
2024.05.18 14:55:58 WARN  Could not find semantic tokens for: file:///E:/Documents_HDD/ssd/Cours_ESGI/M1/Scala/Exam_Scala/wikipages/build.sbt
2024.05.18 14:55:58 WARN  no build target for: E:\Documents_HDD\ssd\Cours_ESGI\M1\Scala\Exam_Scala\wikipages\build.sbt
2024.05.18 14:55:58 INFO  no build target found for E:\Documents_HDD\ssd\Cours_ESGI\M1\Scala\Exam_Scala\wikipages\build.sbt. Using presentation compiler with project's scala-library version: 3.3.3
2024.05.18 14:55:58 INFO  no build target found for E:\Documents_HDD\ssd\Cours_ESGI\M1\Scala\Exam_Scala\wikipages\build.sbt. Using presentation compiler with project's scala-library version: 3.3.3
2024.05.18 14:55:58 WARN  Could not find semantic tokens for: file:///E:/Documents_HDD/ssd/Cours_ESGI/M1/Scala/Exam_Scala/wikipages/build.sbt
2024.05.18 14:56:04 WARN  no build target for: E:\Documents_HDD\ssd\Cours_ESGI\M1\Scala\Exam_Scala\wikipages\build.sbt
2024.05.18 14:56:04 INFO  no build target found for E:\Documents_HDD\ssd\Cours_ESGI\M1\Scala\Exam_Scala\wikipages\build.sbt. Using presentation compiler with project's scala-library version: 3.3.3
2024.05.18 14:56:04 INFO  no build target found for E:\Documents_HDD\ssd\Cours_ESGI\M1\Scala\Exam_Scala\wikipages\build.sbt. Using presentation compiler with project's scala-library version: 3.3.3
2024.05.18 14:56:04 WARN  Could not find semantic tokens for: file:///E:/Documents_HDD/ssd/Cours_ESGI/M1/Scala/Exam_Scala/wikipages/build.sbt
2024.05.18 14:56:05 INFO  no build target found for E:\Documents_HDD\ssd\Cours_ESGI\M1\Scala\Exam_Scala\wikipages\build.sbt. Using presentation compiler with project's scala-library version: 3.3.3
2024.05.18 14:56:06 WARN  no build target for: E:\Documents_HDD\ssd\Cours_ESGI\M1\Scala\Exam_Scala\wikipages\build.sbt
2024.05.18 14:56:06 INFO  no build target found for E:\Documents_HDD\ssd\Cours_ESGI\M1\Scala\Exam_Scala\wikipages\build.sbt. Using presentation compiler with project's scala-library version: 3.3.3
2024.05.18 14:56:06 INFO  no build target found for E:\Documents_HDD\ssd\Cours_ESGI\M1\Scala\Exam_Scala\wikipages\build.sbt. Using presentation compiler with project's scala-library version: 3.3.3
2024.05.18 14:56:06 WARN  Could not find semantic tokens for: file:///E:/Documents_HDD/ssd/Cours_ESGI/M1/Scala/Exam_Scala/wikipages/build.sbt
2024.05.18 14:56:06 WARN  no build target for: E:\Documents_HDD\ssd\Cours_ESGI\M1\Scala\Exam_Scala\wikipages\build.sbt
2024.05.18 14:56:06 INFO  no build target found for E:\Documents_HDD\ssd\Cours_ESGI\M1\Scala\Exam_Scala\wikipages\build.sbt. Using presentation compiler with project's scala-library version: 3.3.3
2024.05.18 14:56:06 INFO  no build target found for E:\Documents_HDD\ssd\Cours_ESGI\M1\Scala\Exam_Scala\wikipages\build.sbt. Using presentation compiler with project's scala-library version: 3.3.3
2024.05.18 14:56:06 WARN  Could not find semantic tokens for: file:///E:/Documents_HDD/ssd/Cours_ESGI/M1/Scala/Exam_Scala/wikipages/build.sbt
2024.05.18 14:56:06 WARN  no build target for: E:\Documents_HDD\ssd\Cours_ESGI\M1\Scala\Exam_Scala\wikipages\build.sbt
2024.05.18 14:56:07 INFO  no build target found for E:\Documents_HDD\ssd\Cours_ESGI\M1\Scala\Exam_Scala\wikipages\build.sbt. Using presentation compiler with project's scala-library version: 3.3.3
2024.05.18 14:56:06 INFO  no build target found for E:\Documents_HDD\ssd\Cours_ESGI\M1\Scala\Exam_Scala\wikipages\build.sbt. Using presentation compiler with project's scala-library version: 3.3.3
2024.05.18 14:56:06 WARN  Could not find semantic tokens for: file:///E:/Documents_HDD/ssd/Cours_ESGI/M1/Scala/Exam_Scala/wikipages/build.sbt
2024.05.18 14:56:07 WARN  no build target for: E:\Documents_HDD\ssd\Cours_ESGI\M1\Scala\Exam_Scala\wikipages\build.sbt
2024.05.18 14:56:07 INFO  no build target found for E:\Documents_HDD\ssd\Cours_ESGI\M1\Scala\Exam_Scala\wikipages\build.sbt. Using presentation compiler with project's scala-library version: 3.3.3
2024.05.18 14:56:06 INFO  no build target found for E:\Documents_HDD\ssd\Cours_ESGI\M1\Scala\Exam_Scala\wikipages\build.sbt. Using presentation compiler with project's scala-library version: 3.3.3
2024.05.18 14:56:06 WARN  Could not find semantic tokens for: file:///E:/Documents_HDD/ssd/Cours_ESGI/M1/Scala/Exam_Scala/wikipages/build.sbt
2024.05.18 14:56:08 WARN  no build target for: E:\Documents_HDD\ssd\Cours_ESGI\M1\Scala\Exam_Scala\wikipages\build.sbt
2024.05.18 14:56:08 INFO  no build target found for E:\Documents_HDD\ssd\Cours_ESGI\M1\Scala\Exam_Scala\wikipages\build.sbt. Using presentation compiler with project's scala-library version: 3.3.3
2024.05.18 14:56:07 INFO  no build target found for E:\Documents_HDD\ssd\Cours_ESGI\M1\Scala\Exam_Scala\wikipages\build.sbt. Using presentation compiler with project's scala-library version: 3.3.3
2024.05.18 14:56:07 WARN  Could not find semantic tokens for: file:///E:/Documents_HDD/ssd/Cours_ESGI/M1/Scala/Exam_Scala/wikipages/build.sbt
2024.05.18 14:56:08 INFO  no build target found for E:\Documents_HDD\ssd\Cours_ESGI\M1\Scala\Exam_Scala\wikipages\build.sbt. Using presentation compiler with project's scala-library version: 3.3.3
2024.05.18 14:56:08 WARN  no build target for: E:\Documents_HDD\ssd\Cours_ESGI\M1\Scala\Exam_Scala\wikipages\build.sbt
2024.05.18 14:56:08 INFO  no build target found for E:\Documents_HDD\ssd\Cours_ESGI\M1\Scala\Exam_Scala\wikipages\build.sbt. Using presentation compiler with project's scala-library version: 3.3.3
2024.05.18 14:56:08 INFO  no build target found for E:\Documents_HDD\ssd\Cours_ESGI\M1\Scala\Exam_Scala\wikipages\build.sbt. Using presentation compiler with project's scala-library version: 3.3.3
2024.05.18 14:56:08 WARN  Could not find semantic tokens for: file:///E:/Documents_HDD/ssd/Cours_ESGI/M1/Scala/Exam_Scala/wikipages/build.sbt
2024.05.18 14:56:09 WARN  no build target for: E:\Documents_HDD\ssd\Cours_ESGI\M1\Scala\Exam_Scala\wikipages\build.sbt
2024.05.18 14:56:09 INFO  no build target found for E:\Documents_HDD\ssd\Cours_ESGI\M1\Scala\Exam_Scala\wikipages\build.sbt. Using presentation compiler with project's scala-library version: 3.3.3
2024.05.18 14:56:09 INFO  no build target found for E:\Documents_HDD\ssd\Cours_ESGI\M1\Scala\Exam_Scala\wikipages\build.sbt. Using presentation compiler with project's scala-library version: 3.3.3
2024.05.18 14:56:09 WARN  Could not find semantic tokens for: file:///E:/Documents_HDD/ssd/Cours_ESGI/M1/Scala/Exam_Scala/wikipages/build.sbt
2024.05.18 14:56:11 WARN  no build target for: E:\Documents_HDD\ssd\Cours_ESGI\M1\Scala\Exam_Scala\wikipages\build.sbt
2024.05.18 14:56:11 INFO  no build target found for E:\Documents_HDD\ssd\Cours_ESGI\M1\Scala\Exam_Scala\wikipages\build.sbt. Using presentation compiler with project's scala-library version: 3.3.3
2024.05.18 14:56:11 INFO  no build target found for E:\Documents_HDD\ssd\Cours_ESGI\M1\Scala\Exam_Scala\wikipages\build.sbt. Using presentation compiler with project's scala-library version: 3.3.3
2024.05.18 14:56:11 WARN  Could not find semantic tokens for: file:///E:/Documents_HDD/ssd/Cours_ESGI/M1/Scala/Exam_Scala/wikipages/build.sbt
2024.05.18 14:56:13 WARN  no build target for: E:\Documents_HDD\ssd\Cours_ESGI\M1\Scala\Exam_Scala\wikipages\build.sbt
2024.05.18 14:56:13 INFO  no build target found for E:\Documents_HDD\ssd\Cours_ESGI\M1\Scala\Exam_Scala\wikipages\build.sbt. Using presentation compiler with project's scala-library version: 3.3.3
2024.05.18 14:56:13 INFO  no build target found for E:\Documents_HDD\ssd\Cours_ESGI\M1\Scala\Exam_Scala\wikipages\build.sbt. Using presentation compiler with project's scala-library version: 3.3.3
2024.05.18 14:56:13 WARN  Could not find semantic tokens for: file:///E:/Documents_HDD/ssd/Cours_ESGI/M1/Scala/Exam_Scala/wikipages/build.sbt
2024.05.18 14:56:13 WARN  no build target for: E:\Documents_HDD\ssd\Cours_ESGI\M1\Scala\Exam_Scala\wikipages\build.sbt
2024.05.18 14:56:13 INFO  no build target found for E:\Documents_HDD\ssd\Cours_ESGI\M1\Scala\Exam_Scala\wikipages\build.sbt. Using presentation compiler with project's scala-library version: 3.3.3
2024.05.18 14:56:13 INFO  no build target found for E:\Documents_HDD\ssd\Cours_ESGI\M1\Scala\Exam_Scala\wikipages\build.sbt. Using presentation compiler with project's scala-library version: 3.3.3
2024.05.18 14:56:13 WARN  Could not find semantic tokens for: file:///E:/Documents_HDD/ssd/Cours_ESGI/M1/Scala/Exam_Scala/wikipages/build.sbt
2024.05.18 14:56:14 WARN  no build target for: E:\Documents_HDD\ssd\Cours_ESGI\M1\Scala\Exam_Scala\wikipages\build.sbt
2024.05.18 14:56:14 INFO  no build target found for E:\Documents_HDD\ssd\Cours_ESGI\M1\Scala\Exam_Scala\wikipages\build.sbt. Using presentation compiler with project's scala-library version: 3.3.3
2024.05.18 14:56:13 INFO  no build target found for E:\Documents_HDD\ssd\Cours_ESGI\M1\Scala\Exam_Scala\wikipages\build.sbt. Using presentation compiler with project's scala-library version: 3.3.3
2024.05.18 14:56:13 WARN  Could not find semantic tokens for: file:///E:/Documents_HDD/ssd/Cours_ESGI/M1/Scala/Exam_Scala/wikipages/build.sbt
2024.05.18 14:56:14 WARN  no build target for: E:\Documents_HDD\ssd\Cours_ESGI\M1\Scala\Exam_Scala\wikipages\build.sbt
2024.05.18 14:56:13 INFO  no build target found for E:\Documents_HDD\ssd\Cours_ESGI\M1\Scala\Exam_Scala\wikipages\build.sbt. Using presentation compiler with project's scala-library version: 3.3.3
2024.05.18 14:56:13 INFO  no build target found for E:\Documents_HDD\ssd\Cours_ESGI\M1\Scala\Exam_Scala\wikipages\build.sbt. Using presentation compiler with project's scala-library version: 3.3.3
2024.05.18 14:56:13 WARN  Could not find semantic tokens for: file:///E:/Documents_HDD/ssd/Cours_ESGI/M1/Scala/Exam_Scala/wikipages/build.sbt
2024.05.18 14:56:14 INFO  no build target found for E:\Documents_HDD\ssd\Cours_ESGI\M1\Scala\Exam_Scala\wikipages\build.sbt. Using presentation compiler with project's scala-library version: 3.3.3
2024.05.18 14:56:13 WARN  no build target for: E:\Documents_HDD\ssd\Cours_ESGI\M1\Scala\Exam_Scala\wikipages\build.sbt
2024.05.18 14:56:14 INFO  no build target found for E:\Documents_HDD\ssd\Cours_ESGI\M1\Scala\Exam_Scala\wikipages\build.sbt. Using presentation compiler with project's scala-library version: 3.3.3
2024.05.18 14:56:14 INFO  no build target found for E:\Documents_HDD\ssd\Cours_ESGI\M1\Scala\Exam_Scala\wikipages\build.sbt. Using presentation compiler with project's scala-library version: 3.3.3
2024.05.18 14:56:14 WARN  Could not find semantic tokens for: file:///E:/Documents_HDD/ssd/Cours_ESGI/M1/Scala/Exam_Scala/wikipages/build.sbt
2024.05.18 14:56:15 INFO  no build target found for E:\Documents_HDD\ssd\Cours_ESGI\M1\Scala\Exam_Scala\wikipages\build.sbt. Using presentation compiler with project's scala-library version: 3.3.3
2024.05.18 14:56:15 WARN  no build target for: E:\Documents_HDD\ssd\Cours_ESGI\M1\Scala\Exam_Scala\wikipages\build.sbt
2024.05.18 14:56:15 INFO  no build target found for E:\Documents_HDD\ssd\Cours_ESGI\M1\Scala\Exam_Scala\wikipages\build.sbt. Using presentation compiler with project's scala-library version: 3.3.3
2024.05.18 14:56:15 WARN  Could not find semantic tokens for: file:///E:/Documents_HDD/ssd/Cours_ESGI/M1/Scala/Exam_Scala/wikipages/build.sbt
2024.05.18 14:56:15 WARN  no build target for: E:\Documents_HDD\ssd\Cours_ESGI\M1\Scala\Exam_Scala\wikipages\build.sbt
2024.05.18 14:56:15 INFO  no build target found for E:\Documents_HDD\ssd\Cours_ESGI\M1\Scala\Exam_Scala\wikipages\build.sbt. Using presentation compiler with project's scala-library version: 3.3.3
2024.05.18 14:56:15 INFO  no build target found for E:\Documents_HDD\ssd\Cours_ESGI\M1\Scala\Exam_Scala\wikipages\build.sbt. Using presentation compiler with project's scala-library version: 3.3.3
2024.05.18 14:56:15 WARN  Could not find semantic tokens for: file:///E:/Documents_HDD/ssd/Cours_ESGI/M1/Scala/Exam_Scala/wikipages/build.sbt
2024.05.18 14:56:16 WARN  no build target for: E:\Documents_HDD\ssd\Cours_ESGI\M1\Scala\Exam_Scala\wikipages\build.sbt
2024.05.18 14:56:16 INFO  no build target found for E:\Documents_HDD\ssd\Cours_ESGI\M1\Scala\Exam_Scala\wikipages\build.sbt. Using presentation compiler with project's scala-library version: 3.3.3
2024.05.18 14:56:16 INFO  no build target found for E:\Documents_HDD\ssd\Cours_ESGI\M1\Scala\Exam_Scala\wikipages\build.sbt. Using presentation compiler with project's scala-library version: 3.3.3
2024.05.18 14:56:16 WARN  Could not find semantic tokens for: file:///E:/Documents_HDD/ssd/Cours_ESGI/M1/Scala/Exam_Scala/wikipages/build.sbt
2024.05.18 14:56:15 WARN  no build target for: E:\Documents_HDD\ssd\Cours_ESGI\M1\Scala\Exam_Scala\wikipages\build.sbt
2024.05.18 14:56:16 INFO  no build target found for E:\Documents_HDD\ssd\Cours_ESGI\M1\Scala\Exam_Scala\wikipages\build.sbt. Using presentation compiler with project's scala-library version: 3.3.3
2024.05.18 14:56:15 INFO  no build target found for E:\Documents_HDD\ssd\Cours_ESGI\M1\Scala\Exam_Scala\wikipages\build.sbt. Using presentation compiler with project's scala-library version: 3.3.3
2024.05.18 14:56:15 WARN  Could not find semantic tokens for: file:///E:/Documents_HDD/ssd/Cours_ESGI/M1/Scala/Exam_Scala/wikipages/build.sbt
2024.05.18 14:56:16 INFO  no build target found for E:\Documents_HDD\ssd\Cours_ESGI\M1\Scala\Exam_Scala\wikipages\build.sbt. Using presentation compiler with project's scala-library version: 3.3.3
2024.05.18 14:56:16 WARN  no build target for: E:\Documents_HDD\ssd\Cours_ESGI\M1\Scala\Exam_Scala\wikipages\build.sbt
2024.05.18 14:56:16 INFO  no build target found for E:\Documents_HDD\ssd\Cours_ESGI\M1\Scala\Exam_Scala\wikipages\build.sbt. Using presentation compiler with project's scala-library version: 3.3.3
2024.05.18 14:56:16 INFO  no build target found for E:\Documents_HDD\ssd\Cours_ESGI\M1\Scala\Exam_Scala\wikipages\build.sbt. Using presentation compiler with project's scala-library version: 3.3.3
2024.05.18 14:56:16 WARN  Could not find semantic tokens for: file:///E:/Documents_HDD/ssd/Cours_ESGI/M1/Scala/Exam_Scala/wikipages/build.sbt
2024.05.18 14:56:18 WARN  no build target for: E:\Documents_HDD\ssd\Cours_ESGI\M1\Scala\Exam_Scala\wikipages\build.sbt
2024.05.18 14:56:18 INFO  no build target found for E:\Documents_HDD\ssd\Cours_ESGI\M1\Scala\Exam_Scala\wikipages\build.sbt. Using presentation compiler with project's scala-library version: 3.3.3
2024.05.18 14:56:18 INFO  no build target found for E:\Documents_HDD\ssd\Cours_ESGI\M1\Scala\Exam_Scala\wikipages\build.sbt. Using presentation compiler with project's scala-library version: 3.3.3
2024.05.18 14:56:18 WARN  Could not find semantic tokens for: file:///E:/Documents_HDD/ssd/Cours_ESGI/M1/Scala/Exam_Scala/wikipages/build.sbt
2024.05.18 14:56:18 WARN  no build target for: E:\Documents_HDD\ssd\Cours_ESGI\M1\Scala\Exam_Scala\wikipages\build.sbt
2024.05.18 14:56:18 INFO  no build target found for E:\Documents_HDD\ssd\Cours_ESGI\M1\Scala\Exam_Scala\wikipages\build.sbt. Using presentation compiler with project's scala-library version: 3.3.3
2024.05.18 14:56:18 INFO  no build target found for E:\Documents_HDD\ssd\Cours_ESGI\M1\Scala\Exam_Scala\wikipages\build.sbt. Using presentation compiler with project's scala-library version: 3.3.3
2024.05.18 14:56:18 WARN  Could not find semantic tokens for: file:///E:/Documents_HDD/ssd/Cours_ESGI/M1/Scala/Exam_Scala/wikipages/build.sbt
2024.05.18 14:56:19 WARN  no build target for: E:\Documents_HDD\ssd\Cours_ESGI\M1\Scala\Exam_Scala\wikipages\build.sbt
2024.05.18 14:56:19 INFO  no build target found for E:\Documents_HDD\ssd\Cours_ESGI\M1\Scala\Exam_Scala\wikipages\build.sbt. Using presentation compiler with project's scala-library version: 3.3.3
2024.05.18 14:56:19 INFO  no build target found for E:\Documents_HDD\ssd\Cours_ESGI\M1\Scala\Exam_Scala\wikipages\build.sbt. Using presentation compiler with project's scala-library version: 3.3.3
2024.05.18 14:56:19 WARN  Could not find semantic tokens for: file:///E:/Documents_HDD/ssd/Cours_ESGI/M1/Scala/Exam_Scala/wikipages/build.sbt
2024.05.18 14:56:19 WARN  no build target for: E:\Documents_HDD\ssd\Cours_ESGI\M1\Scala\Exam_Scala\wikipages\build.sbt
2024.05.18 14:56:19 INFO  no build target found for E:\Documents_HDD\ssd\Cours_ESGI\M1\Scala\Exam_Scala\wikipages\build.sbt. Using presentation compiler with project's scala-library version: 3.3.3
2024.05.18 14:56:19 INFO  no build target found for E:\Documents_HDD\ssd\Cours_ESGI\M1\Scala\Exam_Scala\wikipages\build.sbt. Using presentation compiler with project's scala-library version: 3.3.3
2024.05.18 14:56:19 WARN  Could not find semantic tokens for: file:///E:/Documents_HDD/ssd/Cours_ESGI/M1/Scala/Exam_Scala/wikipages/build.sbt
2024.05.18 14:56:20 WARN  no build target for: E:\Documents_HDD\ssd\Cours_ESGI\M1\Scala\Exam_Scala\wikipages\build.sbt
2024.05.18 14:56:20 INFO  no build target found for E:\Documents_HDD\ssd\Cours_ESGI\M1\Scala\Exam_Scala\wikipages\build.sbt. Using presentation compiler with project's scala-library version: 3.3.3
2024.05.18 14:56:20 INFO  no build target found for E:\Documents_HDD\ssd\Cours_ESGI\M1\Scala\Exam_Scala\wikipages\build.sbt. Using presentation compiler with project's scala-library version: 3.3.3
2024.05.18 14:56:20 WARN  Could not find semantic tokens for: file:///E:/Documents_HDD/ssd/Cours_ESGI/M1/Scala/Exam_Scala/wikipages/build.sbt
2024.05.18 14:56:22 INFO  no build target found for E:\Documents_HDD\ssd\Cours_ESGI\M1\Scala\Exam_Scala\wikipages\build.sbt. Using presentation compiler with project's scala-library version: 3.3.3
2024.05.18 14:56:23 WARN  no build target for: E:\Documents_HDD\ssd\Cours_ESGI\M1\Scala\Exam_Scala\wikipages\build.sbt
2024.05.18 14:56:23 INFO  no build target found for E:\Documents_HDD\ssd\Cours_ESGI\M1\Scala\Exam_Scala\wikipages\build.sbt. Using presentation compiler with project's scala-library version: 3.3.3
2024.05.18 14:56:23 INFO  no build target found for E:\Documents_HDD\ssd\Cours_ESGI\M1\Scala\Exam_Scala\wikipages\build.sbt. Using presentation compiler with project's scala-library version: 3.3.3
2024.05.18 14:56:23 WARN  Could not find semantic tokens for: file:///E:/Documents_HDD/ssd/Cours_ESGI/M1/Scala/Exam_Scala/wikipages/build.sbt
2024.05.18 14:56:23 WARN  no build target for: E:\Documents_HDD\ssd\Cours_ESGI\M1\Scala\Exam_Scala\wikipages\build.sbt
2024.05.18 14:56:23 INFO  no build target found for E:\Documents_HDD\ssd\Cours_ESGI\M1\Scala\Exam_Scala\wikipages\build.sbt. Using presentation compiler with project's scala-library version: 3.3.3
2024.05.18 14:56:23 INFO  no build target found for E:\Documents_HDD\ssd\Cours_ESGI\M1\Scala\Exam_Scala\wikipages\build.sbt. Using presentation compiler with project's scala-library version: 3.3.3
2024.05.18 14:56:23 WARN  Could not find semantic tokens for: file:///E:/Documents_HDD/ssd/Cours_ESGI/M1/Scala/Exam_Scala/wikipages/build.sbt
2024.05.18 14:56:23 WARN  no build target for: E:\Documents_HDD\ssd\Cours_ESGI\M1\Scala\Exam_Scala\wikipages\build.sbt
2024.05.18 14:56:23 INFO  no build target found for E:\Documents_HDD\ssd\Cours_ESGI\M1\Scala\Exam_Scala\wikipages\build.sbt. Using presentation compiler with project's scala-library version: 3.3.3
2024.05.18 14:56:23 INFO  no build target found for E:\Documents_HDD\ssd\Cours_ESGI\M1\Scala\Exam_Scala\wikipages\build.sbt. Using presentation compiler with project's scala-library version: 3.3.3
2024.05.18 14:56:23 WARN  Could not find semantic tokens for: file:///E:/Documents_HDD/ssd/Cours_ESGI/M1/Scala/Exam_Scala/wikipages/build.sbt
2024.05.18 14:56:23 WARN  no build target for: E:\Documents_HDD\ssd\Cours_ESGI\M1\Scala\Exam_Scala\wikipages\build.sbt
2024.05.18 14:56:23 INFO  no build target found for E:\Documents_HDD\ssd\Cours_ESGI\M1\Scala\Exam_Scala\wikipages\build.sbt. Using presentation compiler with project's scala-library version: 3.3.3
2024.05.18 14:56:23 INFO  no build target found for E:\Documents_HDD\ssd\Cours_ESGI\M1\Scala\Exam_Scala\wikipages\build.sbt. Using presentation compiler with project's scala-library version: 3.3.3
2024.05.18 14:56:23 WARN  Could not find semantic tokens for: file:///E:/Documents_HDD/ssd/Cours_ESGI/M1/Scala/Exam_Scala/wikipages/build.sbt
2024.05.18 14:56:23 WARN  no build target for: E:\Documents_HDD\ssd\Cours_ESGI\M1\Scala\Exam_Scala\wikipages\build.sbt
2024.05.18 14:56:23 INFO  no build target found for E:\Documents_HDD\ssd\Cours_ESGI\M1\Scala\Exam_Scala\wikipages\build.sbt. Using presentation compiler with project's scala-library version: 3.3.3
2024.05.18 14:56:23 INFO  no build target found for E:\Documents_HDD\ssd\Cours_ESGI\M1\Scala\Exam_Scala\wikipages\build.sbt. Using presentation compiler with project's scala-library version: 3.3.3
2024.05.18 14:56:23 WARN  Could not find semantic tokens for: file:///E:/Documents_HDD/ssd/Cours_ESGI/M1/Scala/Exam_Scala/wikipages/build.sbt
2024.05.18 14:56:23 WARN  no build target for: E:\Documents_HDD\ssd\Cours_ESGI\M1\Scala\Exam_Scala\wikipages\build.sbt
2024.05.18 14:56:23 INFO  no build target found for E:\Documents_HDD\ssd\Cours_ESGI\M1\Scala\Exam_Scala\wikipages\build.sbt. Using presentation compiler with project's scala-library version: 3.3.3
2024.05.18 14:56:24 INFO  no build target found for E:\Documents_HDD\ssd\Cours_ESGI\M1\Scala\Exam_Scala\wikipages\build.sbt. Using presentation compiler with project's scala-library version: 3.3.3
2024.05.18 14:56:24 WARN  Could not find semantic tokens for: file:///E:/Documents_HDD/ssd/Cours_ESGI/M1/Scala/Exam_Scala/wikipages/build.sbt
2024.05.18 14:56:23 WARN  no build target for: E:\Documents_HDD\ssd\Cours_ESGI\M1\Scala\Exam_Scala\wikipages\build.sbt
2024.05.18 14:56:23 INFO  no build target found for E:\Documents_HDD\ssd\Cours_ESGI\M1\Scala\Exam_Scala\wikipages\build.sbt. Using presentation compiler with project's scala-library version: 3.3.3
2024.05.18 14:56:23 INFO  no build target found for E:\Documents_HDD\ssd\Cours_ESGI\M1\Scala\Exam_Scala\wikipages\build.sbt. Using presentation compiler with project's scala-library version: 3.3.3
2024.05.18 14:56:23 WARN  Could not find semantic tokens for: file:///E:/Documents_HDD/ssd/Cours_ESGI/M1/Scala/Exam_Scala/wikipages/build.sbt
2024.05.18 14:56:25 WARN  no build target for: E:\Documents_HDD\ssd\Cours_ESGI\M1\Scala\Exam_Scala\wikipages\build.sbt
2024.05.18 14:56:25 INFO  no build target found for E:\Documents_HDD\ssd\Cours_ESGI\M1\Scala\Exam_Scala\wikipages\build.sbt. Using presentation compiler with project's scala-library version: 3.3.3
2024.05.18 14:56:25 INFO  no build target found for E:\Documents_HDD\ssd\Cours_ESGI\M1\Scala\Exam_Scala\wikipages\build.sbt. Using presentation compiler with project's scala-library version: 3.3.3
2024.05.18 14:56:25 WARN  Could not find semantic tokens for: file:///E:/Documents_HDD/ssd/Cours_ESGI/M1/Scala/Exam_Scala/wikipages/build.sbt
2024.05.18 14:56:25 INFO  no build target found for E:\Documents_HDD\ssd\Cours_ESGI\M1\Scala\Exam_Scala\wikipages\build.sbt. Using presentation compiler with project's scala-library version: 3.3.3
2024.05.18 14:56:25 WARN  no build target for: E:\Documents_HDD\ssd\Cours_ESGI\M1\Scala\Exam_Scala\wikipages\build.sbt
2024.05.18 14:56:25 INFO  no build target found for E:\Documents_HDD\ssd\Cours_ESGI\M1\Scala\Exam_Scala\wikipages\build.sbt. Using presentation compiler with project's scala-library version: 3.3.3
2024.05.18 14:56:25 INFO  no build target found for E:\Documents_HDD\ssd\Cours_ESGI\M1\Scala\Exam_Scala\wikipages\build.sbt. Using presentation compiler with project's scala-library version: 3.3.3
2024.05.18 14:56:25 WARN  Could not find semantic tokens for: file:///E:/Documents_HDD/ssd/Cours_ESGI/M1/Scala/Exam_Scala/wikipages/build.sbt
2024.05.18 14:56:25 WARN  no build target for: E:\Documents_HDD\ssd\Cours_ESGI\M1\Scala\Exam_Scala\wikipages\build.sbt
2024.05.18 14:56:25 INFO  no build target found for E:\Documents_HDD\ssd\Cours_ESGI\M1\Scala\Exam_Scala\wikipages\build.sbt. Using presentation compiler with project's scala-library version: 3.3.3
2024.05.18 14:56:25 INFO  no build target found for E:\Documents_HDD\ssd\Cours_ESGI\M1\Scala\Exam_Scala\wikipages\build.sbt. Using presentation compiler with project's scala-library version: 3.3.3
2024.05.18 14:56:25 WARN  Could not find semantic tokens for: file:///E:/Documents_HDD/ssd/Cours_ESGI/M1/Scala/Exam_Scala/wikipages/build.sbt
2024.05.18 14:56:50 INFO  no build target found for E:\Documents_HDD\ssd\Cours_ESGI\M1\Scala\Exam_Scala\wikipages\src\main\scala\Main.scala. Using presentation compiler with project's scala-library version: 3.3.3
2024.05.18 14:57:02 INFO  no build target found for E:\Documents_HDD\ssd\Cours_ESGI\M1\Scala\Exam_Scala\wikipages\src\main\scala\Main.scala. Using presentation compiler with project's scala-library version: 3.3.3
2024.05.18 14:57:02 INFO  no build target found for E:\Documents_HDD\ssd\Cours_ESGI\M1\Scala\Exam_Scala\wikipages\src\main\scala\Main.scala. Using presentation compiler with project's scala-library version: 3.3.3
2024.05.18 14:57:03 WARN  no build target for: E:\Documents_HDD\ssd\Cours_ESGI\M1\Scala\Exam_Scala\wikipages\src\main\scala\Main.scala
2024.05.18 14:57:03 INFO  no build target found for E:\Documents_HDD\ssd\Cours_ESGI\M1\Scala\Exam_Scala\wikipages\src\main\scala\Main.scala. Using presentation compiler with project's scala-library version: 3.3.3
2024.05.18 14:57:03 INFO  no build target found for E:\Documents_HDD\ssd\Cours_ESGI\M1\Scala\Exam_Scala\wikipages\src\main\scala\Main.scala. Using presentation compiler with project's scala-library version: 3.3.3
2024.05.18 14:57:06 INFO  no build target found for E:\Documents_HDD\ssd\Cours_ESGI\M1\Scala\Exam_Scala\wikipages\src\main\scala\Main.scala. Using presentation compiler with project's scala-library version: 3.3.3
2024.05.18 14:57:06 WARN  no build target for: E:\Documents_HDD\ssd\Cours_ESGI\M1\Scala\Exam_Scala\wikipages\src\main\scala\Main.scala
2024.05.18 14:57:06 INFO  no build target found for E:\Documents_HDD\ssd\Cours_ESGI\M1\Scala\Exam_Scala\wikipages\src\main\scala\Main.scala. Using presentation compiler with project's scala-library version: 3.3.3
2024.05.18 14:57:06 INFO  no build target found for E:\Documents_HDD\ssd\Cours_ESGI\M1\Scala\Exam_Scala\wikipages\src\main\scala\Main.scala. Using presentation compiler with project's scala-library version: 3.3.3
2024.05.18 14:57:06 WARN  no build target for: E:\Documents_HDD\ssd\Cours_ESGI\M1\Scala\Exam_Scala\wikipages\src\main\scala\Main.scala
2024.05.18 14:57:06 INFO  no build target found for E:\Documents_HDD\ssd\Cours_ESGI\M1\Scala\Exam_Scala\wikipages\src\main\scala\Main.scala. Using presentation compiler with project's scala-library version: 3.3.3
2024.05.18 14:57:06 INFO  no build target found for E:\Documents_HDD\ssd\Cours_ESGI\M1\Scala\Exam_Scala\wikipages\src\main\scala\Main.scala. Using presentation compiler with project's scala-library version: 3.3.3
2024.05.18 14:57:06 INFO  no build target found for E:\Documents_HDD\ssd\Cours_ESGI\M1\Scala\Exam_Scala\wikipages\src\main\scala\Main.scala. Using presentation compiler with project's scala-library version: 3.3.3
2024.05.18 14:57:07 WARN  no build target for: E:\Documents_HDD\ssd\Cours_ESGI\M1\Scala\Exam_Scala\wikipages\src\main\scala\Main.scala
2024.05.18 14:57:06 INFO  no build target found for E:\Documents_HDD\ssd\Cours_ESGI\M1\Scala\Exam_Scala\wikipages\src\main\scala\Main.scala. Using presentation compiler with project's scala-library version: 3.3.3
2024.05.18 14:57:07 WARN  no build target for: E:\Documents_HDD\ssd\Cours_ESGI\M1\Scala\Exam_Scala\wikipages\src\main\scala\Main.scala
2024.05.18 14:57:07 INFO  no build target found for E:\Documents_HDD\ssd\Cours_ESGI\M1\Scala\Exam_Scala\wikipages\src\main\scala\Main.scala. Using presentation compiler with project's scala-library version: 3.3.3
2024.05.18 14:57:07 INFO  no build target found for E:\Documents_HDD\ssd\Cours_ESGI\M1\Scala\Exam_Scala\wikipages\src\main\scala\Main.scala. Using presentation compiler with project's scala-library version: 3.3.3
2024.05.18 14:57:09 WARN  no build target for: E:\Documents_HDD\ssd\Cours_ESGI\M1\Scala\Exam_Scala\wikipages\src\main\scala\Main.scala
2024.05.18 14:57:09 INFO  no build target found for E:\Documents_HDD\ssd\Cours_ESGI\M1\Scala\Exam_Scala\wikipages\src\main\scala\Main.scala. Using presentation compiler with project's scala-library version: 3.3.3
2024.05.18 14:57:09 INFO  no build target found for E:\Documents_HDD\ssd\Cours_ESGI\M1\Scala\Exam_Scala\wikipages\src\main\scala\Main.scala. Using presentation compiler with project's scala-library version: 3.3.3
2024.05.18 14:57:09 INFO  no build target found for E:\Documents_HDD\ssd\Cours_ESGI\M1\Scala\Exam_Scala\wikipages\src\main\scala\Main.scala. Using presentation compiler with project's scala-library version: 3.3.3
2024.05.18 14:57:09 WARN  no build target for: E:\Documents_HDD\ssd\Cours_ESGI\M1\Scala\Exam_Scala\wikipages\src\main\scala\Main.scala
2024.05.18 14:57:09 INFO  no build target found for E:\Documents_HDD\ssd\Cours_ESGI\M1\Scala\Exam_Scala\wikipages\src\main\scala\Main.scala. Using presentation compiler with project's scala-library version: 3.3.3
2024.05.18 14:57:09 INFO  no build target found for E:\Documents_HDD\ssd\Cours_ESGI\M1\Scala\Exam_Scala\wikipages\src\main\scala\Main.scala. Using presentation compiler with project's scala-library version: 3.3.3
2024.05.18 14:57:09 WARN  no build target for: E:\Documents_HDD\ssd\Cours_ESGI\M1\Scala\Exam_Scala\wikipages\src\main\scala\Main.scala
2024.05.18 14:57:09 INFO  no build target found for E:\Documents_HDD\ssd\Cours_ESGI\M1\Scala\Exam_Scala\wikipages\src\main\scala\Main.scala. Using presentation compiler with project's scala-library version: 3.3.3
2024.05.18 14:57:10 INFO  no build target found for E:\Documents_HDD\ssd\Cours_ESGI\M1\Scala\Exam_Scala\wikipages\src\main\scala\Main.scala. Using presentation compiler with project's scala-library version: 3.3.3
2024.05.18 14:57:09 INFO  no build target found for E:\Documents_HDD\ssd\Cours_ESGI\M1\Scala\Exam_Scala\wikipages\src\main\scala\Main.scala. Using presentation compiler with project's scala-library version: 3.3.3
2024.05.18 14:57:10 INFO  no build target found for E:\Documents_HDD\ssd\Cours_ESGI\M1\Scala\Exam_Scala\wikipages\src\main\scala\Main.scala. Using presentation compiler with project's scala-library version: 3.3.3
2024.05.18 14:57:10 WARN  no build target for: E:\Documents_HDD\ssd\Cours_ESGI\M1\Scala\Exam_Scala\wikipages\src\main\scala\Main.scala
2024.05.18 14:57:10 INFO  no build target found for E:\Documents_HDD\ssd\Cours_ESGI\M1\Scala\Exam_Scala\wikipages\src\main\scala\Main.scala. Using presentation compiler with project's scala-library version: 3.3.3
2024.05.18 14:57:09 INFO  no build target found for E:\Documents_HDD\ssd\Cours_ESGI\M1\Scala\Exam_Scala\wikipages\src\main\scala\Main.scala. Using presentation compiler with project's scala-library version: 3.3.3
2024.05.18 14:57:09 WARN  no build target for: E:\Documents_HDD\ssd\Cours_ESGI\M1\Scala\Exam_Scala\wikipages\src\main\scala\Main.scala
2024.05.18 14:57:10 INFO  no build target found for E:\Documents_HDD\ssd\Cours_ESGI\M1\Scala\Exam_Scala\wikipages\src\main\scala\Main.scala. Using presentation compiler with project's scala-library version: 3.3.3
2024.05.18 14:57:10 INFO  no build target found for E:\Documents_HDD\ssd\Cours_ESGI\M1\Scala\Exam_Scala\wikipages\src\main\scala\Main.scala. Using presentation compiler with project's scala-library version: 3.3.3
2024.05.18 14:57:10 WARN  no build target for: E:\Documents_HDD\ssd\Cours_ESGI\M1\Scala\Exam_Scala\wikipages\src\main\scala\Main.scala
2024.05.18 14:57:10 INFO  no build target found for E:\Documents_HDD\ssd\Cours_ESGI\M1\Scala\Exam_Scala\wikipages\src\main\scala\Main.scala. Using presentation compiler with project's scala-library version: 3.3.3
2024.05.18 14:57:10 INFO  no build target found for E:\Documents_HDD\ssd\Cours_ESGI\M1\Scala\Exam_Scala\wikipages\src\main\scala\Main.scala. Using presentation compiler with project's scala-library version: 3.3.3
2024.05.18 14:57:12 INFO  no build target found for E:\Documents_HDD\ssd\Cours_ESGI\M1\Scala\Exam_Scala\wikipages\src\main\scala\Main.scala. Using presentation compiler with project's scala-library version: 3.3.3
2024.05.18 14:57:13 WARN  no build target for: E:\Documents_HDD\ssd\Cours_ESGI\M1\Scala\Exam_Scala\wikipages\src\main\scala\Main.scala
2024.05.18 14:57:13 INFO  no build target found for E:\Documents_HDD\ssd\Cours_ESGI\M1\Scala\Exam_Scala\wikipages\src\main\scala\Main.scala. Using presentation compiler with project's scala-library version: 3.3.3
2024.05.18 14:57:13 INFO  no build target found for E:\Documents_HDD\ssd\Cours_ESGI\M1\Scala\Exam_Scala\wikipages\src\main\scala\Main.scala. Using presentation compiler with project's scala-library version: 3.3.3
2024.05.18 14:57:12 INFO  no build target found for E:\Documents_HDD\ssd\Cours_ESGI\M1\Scala\Exam_Scala\wikipages\src\main\scala\Main.scala. Using presentation compiler with project's scala-library version: 3.3.3
2024.05.18 14:57:13 WARN  no build target for: E:\Documents_HDD\ssd\Cours_ESGI\M1\Scala\Exam_Scala\wikipages\src\main\scala\Main.scala
2024.05.18 14:57:13 INFO  no build target found for E:\Documents_HDD\ssd\Cours_ESGI\M1\Scala\Exam_Scala\wikipages\src\main\scala\Main.scala. Using presentation compiler with project's scala-library version: 3.3.3
2024.05.18 14:57:13 INFO  no build target found for E:\Documents_HDD\ssd\Cours_ESGI\M1\Scala\Exam_Scala\wikipages\src\main\scala\Main.scala. Using presentation compiler with project's scala-library version: 3.3.3
2024.05.18 14:57:13 WARN  no build target for: E:\Documents_HDD\ssd\Cours_ESGI\M1\Scala\Exam_Scala\wikipages\src\main\scala\Main.scala
2024.05.18 14:57:13 INFO  no build target found for E:\Documents_HDD\ssd\Cours_ESGI\M1\Scala\Exam_Scala\wikipages\src\main\scala\Main.scala. Using presentation compiler with project's scala-library version: 3.3.3
2024.05.18 14:57:13 INFO  no build target found for E:\Documents_HDD\ssd\Cours_ESGI\M1\Scala\Exam_Scala\wikipages\src\main\scala\Main.scala. Using presentation compiler with project's scala-library version: 3.3.3
2024.05.18 14:57:13 WARN  no build target for: E:\Documents_HDD\ssd\Cours_ESGI\M1\Scala\Exam_Scala\wikipages\src\main\scala\Main.scala
2024.05.18 14:57:13 INFO  no build target found for E:\Documents_HDD\ssd\Cours_ESGI\M1\Scala\Exam_Scala\wikipages\src\main\scala\Main.scala. Using presentation compiler with project's scala-library version: 3.3.3
2024.05.18 14:57:13 INFO  no build target found for E:\Documents_HDD\ssd\Cours_ESGI\M1\Scala\Exam_Scala\wikipages\src\main\scala\Main.scala. Using presentation compiler with project's scala-library version: 3.3.3
2024.05.18 14:57:13 INFO  no build target found for E:\Documents_HDD\ssd\Cours_ESGI\M1\Scala\Exam_Scala\wikipages\src\main\scala\Main.scala. Using presentation compiler with project's scala-library version: 3.3.3
2024.05.18 14:57:14 WARN  no build target for: E:\Documents_HDD\ssd\Cours_ESGI\M1\Scala\Exam_Scala\wikipages\src\main\scala\Main.scala
2024.05.18 14:57:14 INFO  no build target found for E:\Documents_HDD\ssd\Cours_ESGI\M1\Scala\Exam_Scala\wikipages\src\main\scala\Main.scala. Using presentation compiler with project's scala-library version: 3.3.3
2024.05.18 14:57:14 INFO  no build target found for E:\Documents_HDD\ssd\Cours_ESGI\M1\Scala\Exam_Scala\wikipages\src\main\scala\Main.scala. Using presentation compiler with project's scala-library version: 3.3.3
2024.05.18 14:57:16 INFO  no build target found for E:\Documents_HDD\ssd\Cours_ESGI\M1\Scala\Exam_Scala\wikipages\src\main\scala\Main.scala. Using presentation compiler with project's scala-library version: 3.3.3
2024.05.18 14:57:16 WARN  no build target for: E:\Documents_HDD\ssd\Cours_ESGI\M1\Scala\Exam_Scala\wikipages\src\main\scala\Main.scala
2024.05.18 14:57:16 INFO  no build target found for E:\Documents_HDD\ssd\Cours_ESGI\M1\Scala\Exam_Scala\wikipages\src\main\scala\Main.scala. Using presentation compiler with project's scala-library version: 3.3.3
2024.05.18 14:57:16 INFO  no build target found for E:\Documents_HDD\ssd\Cours_ESGI\M1\Scala\Exam_Scala\wikipages\src\main\scala\Main.scala. Using presentation compiler with project's scala-library version: 3.3.3
2024.05.18 14:57:16 INFO  no build target found for E:\Documents_HDD\ssd\Cours_ESGI\M1\Scala\Exam_Scala\wikipages\src\main\scala\Main.scala. Using presentation compiler with project's scala-library version: 3.3.3
2024.05.18 14:57:16 WARN  no build target for: E:\Documents_HDD\ssd\Cours_ESGI\M1\Scala\Exam_Scala\wikipages\src\main\scala\Main.scala
2024.05.18 14:57:17 INFO  no build target found for E:\Documents_HDD\ssd\Cours_ESGI\M1\Scala\Exam_Scala\wikipages\src\main\scala\Main.scala. Using presentation compiler with project's scala-library version: 3.3.3
2024.05.18 14:57:17 INFO  no build target found for E:\Documents_HDD\ssd\Cours_ESGI\M1\Scala\Exam_Scala\wikipages\src\main\scala\Main.scala. Using presentation compiler with project's scala-library version: 3.3.3
2024.05.18 14:57:17 WARN  no build target for: E:\Documents_HDD\ssd\Cours_ESGI\M1\Scala\Exam_Scala\wikipages\src\main\scala\Main.scala
2024.05.18 14:57:17 INFO  no build target found for E:\Documents_HDD\ssd\Cours_ESGI\M1\Scala\Exam_Scala\wikipages\src\main\scala\Main.scala. Using presentation compiler with project's scala-library version: 3.3.3
2024.05.18 14:57:17 INFO  no build target found for E:\Documents_HDD\ssd\Cours_ESGI\M1\Scala\Exam_Scala\wikipages\src\main\scala\Main.scala. Using presentation compiler with project's scala-library version: 3.3.3
2024.05.18 14:57:21 WARN  no build target for: E:\Documents_HDD\ssd\Cours_ESGI\M1\Scala\Exam_Scala\wikipages\src\main\scala\Main.scala
2024.05.18 14:57:21 INFO  no build target found for E:\Documents_HDD\ssd\Cours_ESGI\M1\Scala\Exam_Scala\wikipages\src\main\scala\Main.scala. Using presentation compiler with project's scala-library version: 3.3.3
2024.05.18 14:57:21 INFO  no build target found for E:\Documents_HDD\ssd\Cours_ESGI\M1\Scala\Exam_Scala\wikipages\src\main\scala\Main.scala. Using presentation compiler with project's scala-library version: 3.3.3
2024.05.18 14:57:22 WARN  no build target for: E:\Documents_HDD\ssd\Cours_ESGI\M1\Scala\Exam_Scala\wikipages\src\main\scala\Main.scala
2024.05.18 14:57:22 INFO  no build target found for E:\Documents_HDD\ssd\Cours_ESGI\M1\Scala\Exam_Scala\wikipages\src\main\scala\Main.scala. Using presentation compiler with project's scala-library version: 3.3.3
2024.05.18 14:57:22 INFO  no build target found for E:\Documents_HDD\ssd\Cours_ESGI\M1\Scala\Exam_Scala\wikipages\src\main\scala\Main.scala. Using presentation compiler with project's scala-library version: 3.3.3
2024.05.18 14:57:25 INFO  no build target found for E:\Documents_HDD\ssd\Cours_ESGI\M1\Scala\Exam_Scala\wikipages\src\main\scala\Main.scala. Using presentation compiler with project's scala-library version: 3.3.3
2024.05.18 14:57:25 WARN  no build target for: E:\Documents_HDD\ssd\Cours_ESGI\M1\Scala\Exam_Scala\wikipages\src\main\scala\Main.scala
2024.05.18 14:57:25 INFO  no build target found for E:\Documents_HDD\ssd\Cours_ESGI\M1\Scala\Exam_Scala\wikipages\src\main\scala\Main.scala. Using presentation compiler with project's scala-library version: 3.3.3
2024.05.18 14:57:25 INFO  no build target found for E:\Documents_HDD\ssd\Cours_ESGI\M1\Scala\Exam_Scala\wikipages\src\main\scala\Main.scala. Using presentation compiler with project's scala-library version: 3.3.3
2024.05.18 14:57:26 WARN  no build target for: E:\Documents_HDD\ssd\Cours_ESGI\M1\Scala\Exam_Scala\wikipages\src\main\scala\Main.scala
2024.05.18 14:57:25 INFO  no build target found for E:\Documents_HDD\ssd\Cours_ESGI\M1\Scala\Exam_Scala\wikipages\src\main\scala\Main.scala. Using presentation compiler with project's scala-library version: 3.3.3
2024.05.18 14:57:25 INFO  no build target found for E:\Documents_HDD\ssd\Cours_ESGI\M1\Scala\Exam_Scala\wikipages\src\main\scala\Main.scala. Using presentation compiler with project's scala-library version: 3.3.3
2024.05.18 14:57:26 WARN  no build target for: E:\Documents_HDD\ssd\Cours_ESGI\M1\Scala\Exam_Scala\wikipages\src\main\scala\Main.scala
2024.05.18 14:57:25 INFO  no build target found for E:\Documents_HDD\ssd\Cours_ESGI\M1\Scala\Exam_Scala\wikipages\src\main\scala\Main.scala. Using presentation compiler with project's scala-library version: 3.3.3
2024.05.18 14:57:26 INFO  no build target found for E:\Documents_HDD\ssd\Cours_ESGI\M1\Scala\Exam_Scala\wikipages\src\main\scala\Main.scala. Using presentation compiler with project's scala-library version: 3.3.3
2024.05.18 14:57:26 WARN  no build target for: E:\Documents_HDD\ssd\Cours_ESGI\M1\Scala\Exam_Scala\wikipages\src\main\scala\Main.scala
2024.05.18 14:57:26 INFO  no build target found for E:\Documents_HDD\ssd\Cours_ESGI\M1\Scala\Exam_Scala\wikipages\src\main\scala\Main.scala. Using presentation compiler with project's scala-library version: 3.3.3
2024.05.18 14:57:25 INFO  no build target found for E:\Documents_HDD\ssd\Cours_ESGI\M1\Scala\Exam_Scala\wikipages\src\main\scala\Main.scala. Using presentation compiler with project's scala-library version: 3.3.3
2024.05.18 14:57:26 WARN  no build target for: E:\Documents_HDD\ssd\Cours_ESGI\M1\Scala\Exam_Scala\wikipages\src\main\scala\Main.scala
2024.05.18 14:57:25 INFO  no build target found for E:\Documents_HDD\ssd\Cours_ESGI\M1\Scala\Exam_Scala\wikipages\src\main\scala\Main.scala. Using presentation compiler with project's scala-library version: 3.3.3
2024.05.18 14:57:26 INFO  no build target found for E:\Documents_HDD\ssd\Cours_ESGI\M1\Scala\Exam_Scala\wikipages\src\main\scala\Main.scala. Using presentation compiler with project's scala-library version: 3.3.3
2024.05.18 14:57:27 WARN  no build target for: E:\Documents_HDD\ssd\Cours_ESGI\M1\Scala\Exam_Scala\wikipages\src\main\scala\Main.scala
2024.05.18 14:57:27 INFO  no build target found for E:\Documents_HDD\ssd\Cours_ESGI\M1\Scala\Exam_Scala\wikipages\src\main\scala\Main.scala. Using presentation compiler with project's scala-library version: 3.3.3
2024.05.18 14:57:27 INFO  no build target found for E:\Documents_HDD\ssd\Cours_ESGI\M1\Scala\Exam_Scala\wikipages\src\main\scala\Main.scala. Using presentation compiler with project's scala-library version: 3.3.3
2024.05.18 14:57:28 INFO  no build target found for E:\Documents_HDD\ssd\Cours_ESGI\M1\Scala\Exam_Scala\wikipages\src\main\scala\Main.scala. Using presentation compiler with project's scala-library version: 3.3.3
2024.05.18 14:57:28 WARN  no build target for: E:\Documents_HDD\ssd\Cours_ESGI\M1\Scala\Exam_Scala\wikipages\src\main\scala\Main.scala
2024.05.18 14:57:28 INFO  no build target found for E:\Documents_HDD\ssd\Cours_ESGI\M1\Scala\Exam_Scala\wikipages\src\main\scala\Main.scala. Using presentation compiler with project's scala-library version: 3.3.3
2024.05.18 14:57:28 INFO  no build target found for E:\Documents_HDD\ssd\Cours_ESGI\M1\Scala\Exam_Scala\wikipages\src\main\scala\Main.scala. Using presentation compiler with project's scala-library version: 3.3.3
2024.05.18 14:57:28 WARN  no build target for: E:\Documents_HDD\ssd\Cours_ESGI\M1\Scala\Exam_Scala\wikipages\src\main\scala\Main.scala
2024.05.18 14:57:28 INFO  no build target found for E:\Documents_HDD\ssd\Cours_ESGI\M1\Scala\Exam_Scala\wikipages\src\main\scala\Main.scala. Using presentation compiler with project's scala-library version: 3.3.3
2024.05.18 14:57:28 INFO  no build target found for E:\Documents_HDD\ssd\Cours_ESGI\M1\Scala\Exam_Scala\wikipages\src\main\scala\Main.scala. Using presentation compiler with project's scala-library version: 3.3.3
2024.05.18 14:57:28 WARN  no build target for: E:\Documents_HDD\ssd\Cours_ESGI\M1\Scala\Exam_Scala\wikipages\src\main\scala\Main.scala
2024.05.18 14:57:28 INFO  no build target found for E:\Documents_HDD\ssd\Cours_ESGI\M1\Scala\Exam_Scala\wikipages\src\main\scala\Main.scala. Using presentation compiler with project's scala-library version: 3.3.3
2024.05.18 14:57:28 INFO  no build target found for E:\Documents_HDD\ssd\Cours_ESGI\M1\Scala\Exam_Scala\wikipages\src\main\scala\Main.scala. Using presentation compiler with project's scala-library version: 3.3.3
2024.05.18 14:57:29 WARN  no build target for: E:\Documents_HDD\ssd\Cours_ESGI\M1\Scala\Exam_Scala\wikipages\src\main\scala\Main.scala
2024.05.18 14:57:28 INFO  no build target found for E:\Documents_HDD\ssd\Cours_ESGI\M1\Scala\Exam_Scala\wikipages\src\main\scala\Main.scala. Using presentation compiler with project's scala-library version: 3.3.3
2024.05.18 14:57:29 INFO  no build target found for E:\Documents_HDD\ssd\Cours_ESGI\M1\Scala\Exam_Scala\wikipages\src\main\scala\Main.scala. Using presentation compiler with project's scala-library version: 3.3.3
2024.05.18 14:57:29 WARN  no build target for: E:\Documents_HDD\ssd\Cours_ESGI\M1\Scala\Exam_Scala\wikipages\src\main\scala\Main.scala
2024.05.18 14:57:28 INFO  no build target found for E:\Documents_HDD\ssd\Cours_ESGI\M1\Scala\Exam_Scala\wikipages\src\main\scala\Main.scala. Using presentation compiler with project's scala-library version: 3.3.3
2024.05.18 14:57:28 INFO  no build target found for E:\Documents_HDD\ssd\Cours_ESGI\M1\Scala\Exam_Scala\wikipages\src\main\scala\Main.scala. Using presentation compiler with project's scala-library version: 3.3.3
2024.05.18 14:57:33 INFO  no build target found for E:\Documents_HDD\ssd\Cours_ESGI\M1\Scala\Exam_Scala\wikipages\src\main\scala\Main.scala. Using presentation compiler with project's scala-library version: 3.3.3
2024.05.18 14:57:35 INFO  no build target found for E:\Documents_HDD\ssd\Cours_ESGI\M1\Scala\Exam_Scala\wikipages\src\main\scala\Main.scala. Using presentation compiler with project's scala-library version: 3.3.3
2024.05.18 14:57:35 INFO  no build target found for E:\Documents_HDD\ssd\Cours_ESGI\M1\Scala\Exam_Scala\wikipages\src\main\scala\Main.scala. Using presentation compiler with project's scala-library version: 3.3.3
2024.05.18 14:57:35 WARN  no build target for: E:\Documents_HDD\ssd\Cours_ESGI\M1\Scala\Exam_Scala\wikipages\src\main\scala\Main.scala
2024.05.18 14:57:35 INFO  no build target found for E:\Documents_HDD\ssd\Cours_ESGI\M1\Scala\Exam_Scala\wikipages\src\main\scala\Main.scala. Using presentation compiler with project's scala-library version: 3.3.3
2024.05.18 14:57:35 INFO  no build target found for E:\Documents_HDD\ssd\Cours_ESGI\M1\Scala\Exam_Scala\wikipages\src\main\scala\Main.scala. Using presentation compiler with project's scala-library version: 3.3.3
2024.05.18 14:57:35 WARN  no build target for: E:\Documents_HDD\ssd\Cours_ESGI\M1\Scala\Exam_Scala\wikipages\src\main\scala\Main.scala
2024.05.18 14:57:35 INFO  no build target found for E:\Documents_HDD\ssd\Cours_ESGI\M1\Scala\Exam_Scala\wikipages\src\main\scala\Main.scala. Using presentation compiler with project's scala-library version: 3.3.3
2024.05.18 14:57:35 WARN  no build target for: E:\Documents_HDD\ssd\Cours_ESGI\M1\Scala\Exam_Scala\wikipages\src\main\scala\Main.scala
2024.05.18 14:57:35 INFO  no build target found for E:\Documents_HDD\ssd\Cours_ESGI\M1\Scala\Exam_Scala\wikipages\src\main\scala\Main.scala. Using presentation compiler with project's scala-library version: 3.3.3
2024.05.18 14:57:35 INFO  no build target found for E:\Documents_HDD\ssd\Cours_ESGI\M1\Scala\Exam_Scala\wikipages\src\main\scala\Main.scala. Using presentation compiler with project's scala-library version: 3.3.3
2024.05.18 14:57:44 INFO  no build target found for E:\Documents_HDD\ssd\Cours_ESGI\M1\Scala\Exam_Scala\wikipages\src\main\scala\Main.scala. Using presentation compiler with project's scala-library version: 3.3.3
2024.05.18 14:57:45 WARN  no build target for: E:\Documents_HDD\ssd\Cours_ESGI\M1\Scala\Exam_Scala\wikipages\src\main\scala\Main.scala
2024.05.18 14:57:45 INFO  no build target found for E:\Documents_HDD\ssd\Cours_ESGI\M1\Scala\Exam_Scala\wikipages\src\main\scala\Main.scala. Using presentation compiler with project's scala-library version: 3.3.3
2024.05.18 14:57:45 INFO  no build target found for E:\Documents_HDD\ssd\Cours_ESGI\M1\Scala\Exam_Scala\wikipages\src\main\scala\Main.scala. Using presentation compiler with project's scala-library version: 3.3.3
2024.05.18 14:57:45 WARN  no build target for: E:\Documents_HDD\ssd\Cours_ESGI\M1\Scala\Exam_Scala\wikipages\src\main\scala\Main.scala
2024.05.18 14:57:45 INFO  no build target found for E:\Documents_HDD\ssd\Cours_ESGI\M1\Scala\Exam_Scala\wikipages\src\main\scala\Main.scala. Using presentation compiler with project's scala-library version: 3.3.3
2024.05.18 14:57:45 INFO  no build target found for E:\Documents_HDD\ssd\Cours_ESGI\M1\Scala\Exam_Scala\wikipages\src\main\scala\Main.scala. Using presentation compiler with project's scala-library version: 3.3.3
2024.05.18 14:58:45 INFO  no build target found for E:\Documents_HDD\ssd\Cours_ESGI\M1\Scala\Exam_Scala\wikipages\build.sbt. Using presentation compiler with project's scala-library version: 3.3.3
2024.05.18 14:58:45 WARN  Could not find semantic tokens for: file:///E:/Documents_HDD/ssd/Cours_ESGI/M1/Scala/Exam_Scala/wikipages/build.sbt
2024.05.18 14:58:46 INFO  no build target found for E:\Documents_HDD\ssd\Cours_ESGI\M1\Scala\Exam_Scala\wikipages\build.sbt. Using presentation compiler with project's scala-library version: 3.3.3
2024.05.18 14:58:46 INFO  no build target found for E:\Documents_HDD\ssd\Cours_ESGI\M1\Scala\Exam_Scala\wikipages\build.sbt. Using presentation compiler with project's scala-library version: 3.3.3
2024.05.18 15:03:46 INFO  no build target found for E:\Documents_HDD\ssd\Cours_ESGI\M1\Scala\Exam_Scala\wikipages\src\main\scala\Main.scala. Using presentation compiler with project's scala-library version: 3.3.3
2024.05.18 15:03:48 INFO  no build target found for E:\Documents_HDD\ssd\Cours_ESGI\M1\Scala\Exam_Scala\wikipages\src\main\scala\Main.scala. Using presentation compiler with project's scala-library version: 3.3.3
2024.05.18 15:03:49 INFO  no build target found for E:\Documents_HDD\ssd\Cours_ESGI\M1\Scala\Exam_Scala\wikipages\src\main\scala\Main.scala. Using presentation compiler with project's scala-library version: 3.3.3
2024.05.18 15:03:50 INFO  no build target found for E:\Documents_HDD\ssd\Cours_ESGI\M1\Scala\Exam_Scala\wikipages\src\main\scala\Main.scala. Using presentation compiler with project's scala-library version: 3.3.3
2024.05.18 15:03:51 INFO  no build target found for E:\Documents_HDD\ssd\Cours_ESGI\M1\Scala\Exam_Scala\wikipages\src\main\scala\Main.scala. Using presentation compiler with project's scala-library version: 3.3.3
2024.05.18 15:03:51 INFO  no build target found for E:\Documents_HDD\ssd\Cours_ESGI\M1\Scala\Exam_Scala\wikipages\src\main\scala\Main.scala. Using presentation compiler with project's scala-library version: 3.3.3
2024.05.18 15:03:53 INFO  no build target found for E:\Documents_HDD\ssd\Cours_ESGI\M1\Scala\Exam_Scala\wikipages\src\main\scala\Main.scala. Using presentation compiler with project's scala-library version: 3.3.3
2024.05.18 15:03:53 INFO  no build target found for E:\Documents_HDD\ssd\Cours_ESGI\M1\Scala\Exam_Scala\wikipages\src\main\scala\Main.scala. Using presentation compiler with project's scala-library version: 3.3.3
2024.05.18 15:03:54 INFO  no build target found for E:\Documents_HDD\ssd\Cours_ESGI\M1\Scala\Exam_Scala\wikipages\src\main\scala\Main.scala. Using presentation compiler with project's scala-library version: 3.3.3
2024.05.18 15:03:54 INFO  no build target found for E:\Documents_HDD\ssd\Cours_ESGI\M1\Scala\Exam_Scala\wikipages\src\main\scala\Main.scala. Using presentation compiler with project's scala-library version: 3.3.3
2024.05.18 15:04:17 INFO  no build target found for E:\Documents_HDD\ssd\Cours_ESGI\M1\Scala\Exam_Scala\wikipages\src\main\scala\Main.scala. Using presentation compiler with project's scala-library version: 3.3.3
2024.05.18 15:04:23 INFO  no build target found for E:\Documents_HDD\ssd\Cours_ESGI\M1\Scala\Exam_Scala\wikipages\src\main\scala\Main.scala. Using presentation compiler with project's scala-library version: 3.3.3
2024.05.18 15:04:25 INFO  no build target found for E:\Documents_HDD\ssd\Cours_ESGI\M1\Scala\Exam_Scala\wikipages\src\main\scala\Main.scala. Using presentation compiler with project's scala-library version: 3.3.3
2024.05.18 15:04:25 INFO  no build target found for E:\Documents_HDD\ssd\Cours_ESGI\M1\Scala\Exam_Scala\wikipages\src\main\scala\Main.scala. Using presentation compiler with project's scala-library version: 3.3.3
2024.05.18 15:04:25 INFO  no build target found for E:\Documents_HDD\ssd\Cours_ESGI\M1\Scala\Exam_Scala\wikipages\src\main\scala\Main.scala. Using presentation compiler with project's scala-library version: 3.3.3
2024.05.18 15:04:27 INFO  no build target found for E:\Documents_HDD\ssd\Cours_ESGI\M1\Scala\Exam_Scala\wikipages\src\main\scala\Main.scala. Using presentation compiler with project's scala-library version: 3.3.3
2024.05.18 15:04:34 INFO  no build target found for E:\Documents_HDD\ssd\Cours_ESGI\M1\Scala\Exam_Scala\wikipages\src\main\scala\Main.scala. Using presentation compiler with project's scala-library version: 3.3.3
2024.05.18 15:04:34 INFO  no build target found for E:\Documents_HDD\ssd\Cours_ESGI\M1\Scala\Exam_Scala\wikipages\src\main\scala\Main.scala. Using presentation compiler with project's scala-library version: 3.3.3
2024.05.18 15:04:35 WARN  no build target for: E:\Documents_HDD\ssd\Cours_ESGI\M1\Scala\Exam_Scala\wikipages\src\main\scala\Main.scala
2024.05.18 15:04:35 INFO  no build target found for E:\Documents_HDD\ssd\Cours_ESGI\M1\Scala\Exam_Scala\wikipages\src\main\scala\Main.scala. Using presentation compiler with project's scala-library version: 3.3.3
2024.05.18 15:04:35 INFO  no build target found for E:\Documents_HDD\ssd\Cours_ESGI\M1\Scala\Exam_Scala\wikipages\src\main\scala\Main.scala. Using presentation compiler with project's scala-library version: 3.3.3
2024.05.18 15:04:43 INFO  no build target found for E:\Documents_HDD\ssd\Cours_ESGI\M1\Scala\Exam_Scala\wikipages\src\main\scala\Main.scala. Using presentation compiler with project's scala-library version: 3.3.3
2024.05.18 15:04:43 INFO  no build target found for E:\Documents_HDD\ssd\Cours_ESGI\M1\Scala\Exam_Scala\wikipages\src\main\scala\Main.scala. Using presentation compiler with project's scala-library version: 3.3.3
2024.05.18 15:04:43 INFO  no build target found for E:\Documents_HDD\ssd\Cours_ESGI\M1\Scala\Exam_Scala\wikipages\src\main\scala\Main.scala. Using presentation compiler with project's scala-library version: 3.3.3
2024.05.18 15:04:44 INFO  no build target found for E:\Documents_HDD\ssd\Cours_ESGI\M1\Scala\Exam_Scala\wikipages\src\main\scala\Main.scala. Using presentation compiler with project's scala-library version: 3.3.3
2024.05.18 15:04:44 WARN  no build target for: E:\Documents_HDD\ssd\Cours_ESGI\M1\Scala\Exam_Scala\wikipages\src\main\scala\Main.scala
2024.05.18 15:04:44 INFO  no build target found for E:\Documents_HDD\ssd\Cours_ESGI\M1\Scala\Exam_Scala\wikipages\src\main\scala\Main.scala. Using presentation compiler with project's scala-library version: 3.3.3
2024.05.18 15:04:44 INFO  no build target found for E:\Documents_HDD\ssd\Cours_ESGI\M1\Scala\Exam_Scala\wikipages\src\main\scala\Main.scala. Using presentation compiler with project's scala-library version: 3.3.3
2024.05.18 15:04:46 INFO  no build target found for E:\Documents_HDD\ssd\Cours_ESGI\M1\Scala\Exam_Scala\wikipages\src\main\scala\Main.scala. Using presentation compiler with project's scala-library version: 3.3.3
2024.05.18 15:04:47 INFO  no build target found for E:\Documents_HDD\ssd\Cours_ESGI\M1\Scala\Exam_Scala\wikipages\src\main\scala\Main.scala. Using presentation compiler with project's scala-library version: 3.3.3
mai 18, 2024 3:04:47 PM org.eclipse.lsp4j.jsonrpc.RemoteEndpoint handleCancellation
WARNING: Unmatched cancel notification for request id 688
2024.05.18 15:04:47 INFO  no build target found for E:\Documents_HDD\ssd\Cours_ESGI\M1\Scala\Exam_Scala\wikipages\build.sbt. Using presentation compiler with project's scala-library version: 3.3.3
2024.05.18 15:04:47 WARN  Could not find semantic tokens for: file:///E:/Documents_HDD/ssd/Cours_ESGI/M1/Scala/Exam_Scala/wikipages/build.sbt
2024.05.18 15:04:48 INFO  no build target found for E:\Documents_HDD\ssd\Cours_ESGI\M1\Scala\Exam_Scala\wikipages\build.sbt. Using presentation compiler with project's scala-library version: 3.3.3
2024.05.18 15:04:49 INFO  no build target found for E:\Documents_HDD\ssd\Cours_ESGI\M1\Scala\Exam_Scala\wikipages\build.sbt. Using presentation compiler with project's scala-library version: 3.3.3
2024.05.18 15:04:49 INFO  no build target found for E:\Documents_HDD\ssd\Cours_ESGI\M1\Scala\Exam_Scala\wikipages\build.sbt. Using presentation compiler with project's scala-library version: 3.3.3
2024.05.18 15:04:49 INFO  no build target found for E:\Documents_HDD\ssd\Cours_ESGI\M1\Scala\Exam_Scala\wikipages\build.sbt. Using presentation compiler with project's scala-library version: 3.3.3
2024.05.18 15:04:51 INFO  no build target found for E:\Documents_HDD\ssd\Cours_ESGI\M1\Scala\Exam_Scala\wikipages\build.sbt. Using presentation compiler with project's scala-library version: 3.3.3
2024.05.18 15:04:51 INFO  no build target found for E:\Documents_HDD\ssd\Cours_ESGI\M1\Scala\Exam_Scala\wikipages\build.sbt. Using presentation compiler with project's scala-library version: 3.3.3
2024.05.18 15:04:54 INFO  no build target found for E:\Documents_HDD\ssd\Cours_ESGI\M1\Scala\Exam_Scala\wikipages\build.sbt. Using presentation compiler with project's scala-library version: 3.3.3
2024.05.18 15:05:29 INFO  no build target found for E:\Documents_HDD\ssd\Cours_ESGI\M1\Scala\Exam_Scala\wikipages\build.sbt. Using presentation compiler with project's scala-library version: 3.3.3
2024.05.18 15:05:29 INFO  no build target found for E:\Documents_HDD\ssd\Cours_ESGI\M1\Scala\Exam_Scala\wikipages\build.sbt. Using presentation compiler with project's scala-library version: 3.3.3
2024.05.18 15:05:31 INFO  no build target found for E:\Documents_HDD\ssd\Cours_ESGI\M1\Scala\Exam_Scala\wikipages\build.sbt. Using presentation compiler with project's scala-library version: 3.3.3
2024.05.18 15:05:31 WARN  Could not find semantic tokens for: file:///E:/Documents_HDD/ssd/Cours_ESGI/M1/Scala/Exam_Scala/wikipages/build.sbt
2024.05.18 15:05:31 WARN  no build target for: E:\Documents_HDD\ssd\Cours_ESGI\M1\Scala\Exam_Scala\wikipages\build.sbt
2024.05.18 15:05:31 INFO  no build target found for E:\Documents_HDD\ssd\Cours_ESGI\M1\Scala\Exam_Scala\wikipages\build.sbt. Using presentation compiler with project's scala-library version: 3.3.3
2024.05.18 15:05:31 INFO  no build target found for E:\Documents_HDD\ssd\Cours_ESGI\M1\Scala\Exam_Scala\wikipages\build.sbt. Using presentation compiler with project's scala-library version: 3.3.3
2024.05.18 15:05:31 WARN  Could not find semantic tokens for: file:///E:/Documents_HDD/ssd/Cours_ESGI/M1/Scala/Exam_Scala/wikipages/build.sbt
2024.05.18 15:05:31 WARN  no build target for: E:\Documents_HDD\ssd\Cours_ESGI\M1\Scala\Exam_Scala\wikipages\build.sbt
2024.05.18 15:05:31 INFO  no build target found for E:\Documents_HDD\ssd\Cours_ESGI\M1\Scala\Exam_Scala\wikipages\build.sbt. Using presentation compiler with project's scala-library version: 3.3.3
2024.05.18 15:05:31 INFO  no build target found for E:\Documents_HDD\ssd\Cours_ESGI\M1\Scala\Exam_Scala\wikipages\build.sbt. Using presentation compiler with project's scala-library version: 3.3.3
2024.05.18 15:05:31 WARN  Could not find semantic tokens for: file:///E:/Documents_HDD/ssd/Cours_ESGI/M1/Scala/Exam_Scala/wikipages/build.sbt
2024.05.18 15:05:58 INFO  no build target found for E:\Documents_HDD\ssd\Cours_ESGI\M1\Scala\Exam_Scala\wikipages\build.sbt. Using presentation compiler with project's scala-library version: 3.3.3
2024.05.18 15:05:58 INFO  no build target found for E:\Documents_HDD\ssd\Cours_ESGI\M1\Scala\Exam_Scala\wikipages\build.sbt. Using presentation compiler with project's scala-library version: 3.3.3
2024.05.18 15:05:59 INFO  no build target found for E:\Documents_HDD\ssd\Cours_ESGI\M1\Scala\Exam_Scala\wikipages\build.sbt. Using presentation compiler with project's scala-library version: 3.3.3
2024.05.18 15:06:00 INFO  no build target found for E:\Documents_HDD\ssd\Cours_ESGI\M1\Scala\Exam_Scala\wikipages\build.sbt. Using presentation compiler with project's scala-library version: 3.3.3
2024.05.18 15:06:00 WARN  Could not find semantic tokens for: file:///E:/Documents_HDD/ssd/Cours_ESGI/M1/Scala/Exam_Scala/wikipages/build.sbt
2024.05.18 15:06:00 WARN  no build target for: E:\Documents_HDD\ssd\Cours_ESGI\M1\Scala\Exam_Scala\wikipages\build.sbt
2024.05.18 15:06:00 INFO  no build target found for E:\Documents_HDD\ssd\Cours_ESGI\M1\Scala\Exam_Scala\wikipages\build.sbt. Using presentation compiler with project's scala-library version: 3.3.3
2024.05.18 15:06:00 INFO  no build target found for E:\Documents_HDD\ssd\Cours_ESGI\M1\Scala\Exam_Scala\wikipages\build.sbt. Using presentation compiler with project's scala-library version: 3.3.3
2024.05.18 15:06:00 WARN  Could not find semantic tokens for: file:///E:/Documents_HDD/ssd/Cours_ESGI/M1/Scala/Exam_Scala/wikipages/build.sbt
2024.05.18 15:06:00 WARN  no build target for: E:\Documents_HDD\ssd\Cours_ESGI\M1\Scala\Exam_Scala\wikipages\build.sbt
2024.05.18 15:06:00 INFO  no build target found for E:\Documents_HDD\ssd\Cours_ESGI\M1\Scala\Exam_Scala\wikipages\build.sbt. Using presentation compiler with project's scala-library version: 3.3.3
2024.05.18 15:06:00 INFO  no build target found for E:\Documents_HDD\ssd\Cours_ESGI\M1\Scala\Exam_Scala\wikipages\build.sbt. Using presentation compiler with project's scala-library version: 3.3.3
2024.05.18 15:06:00 WARN  Could not find semantic tokens for: file:///E:/Documents_HDD/ssd/Cours_ESGI/M1/Scala/Exam_Scala/wikipages/build.sbt
2024.05.18 15:06:05 INFO  no build target found for E:\Documents_HDD\ssd\Cours_ESGI\M1\Scala\Exam_Scala\wikipages\build.sbt. Using presentation compiler with project's scala-library version: 3.3.3
2024.05.18 15:06:07 INFO  no build target found for E:\Documents_HDD\ssd\Cours_ESGI\M1\Scala\Exam_Scala\wikipages\build.sbt. Using presentation compiler with project's scala-library version: 3.3.3
2024.05.18 15:06:08 INFO  no build target found for E:\Documents_HDD\ssd\Cours_ESGI\M1\Scala\Exam_Scala\wikipages\build.sbt. Using presentation compiler with project's scala-library version: 3.3.3
2024.05.18 15:07:00 INFO  no build target found for E:\Documents_HDD\ssd\Cours_ESGI\M1\Scala\Exam_Scala\wikipages\build.sbt. Using presentation compiler with project's scala-library version: 3.3.3
2024.05.18 15:07:02 INFO  no build target found for E:\Documents_HDD\ssd\Cours_ESGI\M1\Scala\Exam_Scala\wikipages\build.sbt. Using presentation compiler with project's scala-library version: 3.3.3
2024.05.18 15:07:02 INFO  no build target found for E:\Documents_HDD\ssd\Cours_ESGI\M1\Scala\Exam_Scala\wikipages\build.sbt. Using presentation compiler with project's scala-library version: 3.3.3
2024.05.18 15:07:03 INFO  no build target found for E:\Documents_HDD\ssd\Cours_ESGI\M1\Scala\Exam_Scala\wikipages\build.sbt. Using presentation compiler with project's scala-library version: 3.3.3
2024.05.18 15:07:03 INFO  no build target found for E:\Documents_HDD\ssd\Cours_ESGI\M1\Scala\Exam_Scala\wikipages\build.sbt. Using presentation compiler with project's scala-library version: 3.3.3
2024.05.18 15:07:03 INFO  no build target found for E:\Documents_HDD\ssd\Cours_ESGI\M1\Scala\Exam_Scala\wikipages\build.sbt. Using presentation compiler with project's scala-library version: 3.3.3
2024.05.18 15:07:03 INFO  no build target found for E:\Documents_HDD\ssd\Cours_ESGI\M1\Scala\Exam_Scala\wikipages\build.sbt. Using presentation compiler with project's scala-library version: 3.3.3
2024.05.18 15:07:04 WARN  no build target for: E:\Documents_HDD\ssd\Cours_ESGI\M1\Scala\Exam_Scala\wikipages\build.sbt
2024.05.18 15:07:04 INFO  no build target found for E:\Documents_HDD\ssd\Cours_ESGI\M1\Scala\Exam_Scala\wikipages\build.sbt. Using presentation compiler with project's scala-library version: 3.3.3
2024.05.18 15:07:04 WARN  Could not find semantic tokens for: file:///E:/Documents_HDD/ssd/Cours_ESGI/M1/Scala/Exam_Scala/wikipages/build.sbt
2024.05.18 15:07:12 INFO  no build target found for E:\Documents_HDD\ssd\Cours_ESGI\M1\Scala\Exam_Scala\wikipages\build.sbt. Using presentation compiler with project's scala-library version: 3.3.3
2024.05.18 15:08:32 INFO  no build target found for E:\Documents_HDD\ssd\Cours_ESGI\M1\Scala\Exam_Scala\wikipages\build.sbt. Using presentation compiler with project's scala-library version: 3.3.3
2024.05.18 15:08:32 INFO  no build target found for E:\Documents_HDD\ssd\Cours_ESGI\M1\Scala\Exam_Scala\wikipages\build.sbt. Using presentation compiler with project's scala-library version: 3.3.3
2024.05.18 15:08:32 INFO  no build target found for E:\Documents_HDD\ssd\Cours_ESGI\M1\Scala\Exam_Scala\wikipages\build.sbt. Using presentation compiler with project's scala-library version: 3.3.3
2024.05.18 15:08:32 WARN  Could not find semantic tokens for: file:///E:/Documents_HDD/ssd/Cours_ESGI/M1/Scala/Exam_Scala/wikipages/build.sbt
2024.05.18 15:08:32 WARN  no build target for: E:\Documents_HDD\ssd\Cours_ESGI\M1\Scala\Exam_Scala\wikipages\build.sbt
2024.05.18 15:08:32 INFO  no build target found for E:\Documents_HDD\ssd\Cours_ESGI\M1\Scala\Exam_Scala\wikipages\build.sbt. Using presentation compiler with project's scala-library version: 3.3.3
2024.05.18 15:08:32 WARN  Could not find semantic tokens for: file:///E:/Documents_HDD/ssd/Cours_ESGI/M1/Scala/Exam_Scala/wikipages/build.sbt
2024.05.18 15:10:58 INFO  no build target found for E:\Documents_HDD\ssd\Cours_ESGI\M1\Scala\Exam_Scala\wikipages\build.sbt. Using presentation compiler with project's scala-library version: 3.3.3
2024.05.18 15:10:58 INFO  no build target found for E:\Documents_HDD\ssd\Cours_ESGI\M1\Scala\Exam_Scala\wikipages\build.sbt. Using presentation compiler with project's scala-library version: 3.3.3
2024.05.18 15:10:58 INFO  no build target found for E:\Documents_HDD\ssd\Cours_ESGI\M1\Scala\Exam_Scala\wikipages\build.sbt. Using presentation compiler with project's scala-library version: 3.3.3
2024.05.18 15:11:00 INFO  no build target found for E:\Documents_HDD\ssd\Cours_ESGI\M1\Scala\Exam_Scala\wikipages\build.sbt. Using presentation compiler with project's scala-library version: 3.3.3
2024.05.18 15:11:00 WARN  Could not find semantic tokens for: file:///E:/Documents_HDD/ssd/Cours_ESGI/M1/Scala/Exam_Scala/wikipages/build.sbt
2024.05.18 15:11:00 WARN  no build target for: E:\Documents_HDD\ssd\Cours_ESGI\M1\Scala\Exam_Scala\wikipages\build.sbt
2024.05.18 15:11:00 INFO  no build target found for E:\Documents_HDD\ssd\Cours_ESGI\M1\Scala\Exam_Scala\wikipages\build.sbt. Using presentation compiler with project's scala-library version: 3.3.3
2024.05.18 15:11:00 WARN  Could not find semantic tokens for: file:///E:/Documents_HDD/ssd/Cours_ESGI/M1/Scala/Exam_Scala/wikipages/build.sbt
2024.05.18 15:11:01 INFO  no build target found for E:\Documents_HDD\ssd\Cours_ESGI\M1\Scala\Exam_Scala\wikipages\src\main\scala\Main.scala. Using presentation compiler with project's scala-library version: 3.3.3
2024.05.18 15:11:01 INFO  no build target found for E:\Documents_HDD\ssd\Cours_ESGI\M1\Scala\Exam_Scala\wikipages\src\main\scala\Main.scala. Using presentation compiler with project's scala-library version: 3.3.3
2024.05.18 15:11:01 INFO  no build target found for E:\Documents_HDD\ssd\Cours_ESGI\M1\Scala\Exam_Scala\wikipages\src\main\scala\Main.scala. Using presentation compiler with project's scala-library version: 3.3.3
2024.05.18 15:11:05 WARN  no build target for: E:\Documents_HDD\ssd\Cours_ESGI\M1\Scala\Exam_Scala\wikipages\src\main\scala\Main.scala
2024.05.18 15:11:05 INFO  no build target found for E:\Documents_HDD\ssd\Cours_ESGI\M1\Scala\Exam_Scala\wikipages\src\main\scala\Main.scala. Using presentation compiler with project's scala-library version: 3.3.3
2024.05.18 15:11:05 INFO  no build target found for E:\Documents_HDD\ssd\Cours_ESGI\M1\Scala\Exam_Scala\wikipages\src\main\scala\Main.scala. Using presentation compiler with project's scala-library version: 3.3.3
2024.05.18 15:11:05 INFO  no build target found for E:\Documents_HDD\ssd\Cours_ESGI\M1\Scala\Exam_Scala\wikipages\src\main\scala\Main.scala. Using presentation compiler with project's scala-library version: 3.3.3
2024.05.18 15:11:05 INFO  no build target found for E:\Documents_HDD\ssd\Cours_ESGI\M1\Scala\Exam_Scala\wikipages\src\main\scala\Main.scala. Using presentation compiler with project's scala-library version: 3.3.3
2024.05.18 15:11:24 INFO  no build target found for E:\Documents_HDD\ssd\Cours_ESGI\M1\Scala\Exam_Scala\wikipages\src\main\scala\Main.scala. Using presentation compiler with project's scala-library version: 3.3.3
2024.05.18 15:11:42 INFO  no build target found for E:\Documents_HDD\ssd\Cours_ESGI\M1\Scala\Exam_Scala\wikipages\build.sbt. Using presentation compiler with project's scala-library version: 3.3.3
2024.05.18 15:11:42 INFO  no build target found for E:\Documents_HDD\ssd\Cours_ESGI\M1\Scala\Exam_Scala\wikipages\build.sbt. Using presentation compiler with project's scala-library version: 3.3.3
2024.05.18 15:11:42 INFO  no build target found for E:\Documents_HDD\ssd\Cours_ESGI\M1\Scala\Exam_Scala\wikipages\build.sbt. Using presentation compiler with project's scala-library version: 3.3.3
2024.05.18 15:11:42 INFO  no build target found for E:\Documents_HDD\ssd\Cours_ESGI\M1\Scala\Exam_Scala\wikipages\build.sbt. Using presentation compiler with project's scala-library version: 3.3.3
2024.05.18 15:11:42 INFO  no build target found for E:\Documents_HDD\ssd\Cours_ESGI\M1\Scala\Exam_Scala\wikipages\build.sbt. Using presentation compiler with project's scala-library version: 3.3.3
2024.05.18 15:11:42 WARN  Could not find semantic tokens for: file:///E:/Documents_HDD/ssd/Cours_ESGI/M1/Scala/Exam_Scala/wikipages/build.sbt
2024.05.18 15:11:42 INFO  no build target found for E:\Documents_HDD\ssd\Cours_ESGI\M1\Scala\Exam_Scala\wikipages\build.sbt. Using presentation compiler with project's scala-library version: 3.3.3
2024.05.18 15:11:43 WARN  no build target for: E:\Documents_HDD\ssd\Cours_ESGI\M1\Scala\Exam_Scala\wikipages\build.sbt
2024.05.18 15:11:42 INFO  no build target found for E:\Documents_HDD\ssd\Cours_ESGI\M1\Scala\Exam_Scala\wikipages\build.sbt. Using presentation compiler with project's scala-library version: 3.3.3
2024.05.18 15:11:42 WARN  Could not find semantic tokens for: file:///E:/Documents_HDD/ssd/Cours_ESGI/M1/Scala/Exam_Scala/wikipages/build.sbt
2024.05.18 15:11:43 INFO  no build target found for E:\Documents_HDD\ssd\Cours_ESGI\M1\Scala\Exam_Scala\wikipages\build.sbt. Using presentation compiler with project's scala-library version: 3.3.3
2024.05.18 15:11:43 WARN  Could not find semantic tokens for: file:///E:/Documents_HDD/ssd/Cours_ESGI/M1/Scala/Exam_Scala/wikipages/build.sbt
2024.05.18 15:11:44 WARN  no build target for: E:\Documents_HDD\ssd\Cours_ESGI\M1\Scala\Exam_Scala\wikipages\build.sbt
2024.05.18 15:11:44 INFO  no build target found for E:\Documents_HDD\ssd\Cours_ESGI\M1\Scala\Exam_Scala\wikipages\build.sbt. Using presentation compiler with project's scala-library version: 3.3.3
2024.05.18 15:11:44 INFO  no build target found for E:\Documents_HDD\ssd\Cours_ESGI\M1\Scala\Exam_Scala\wikipages\build.sbt. Using presentation compiler with project's scala-library version: 3.3.3
2024.05.18 15:11:44 WARN  Could not find semantic tokens for: file:///E:/Documents_HDD/ssd/Cours_ESGI/M1/Scala/Exam_Scala/wikipages/build.sbt
2024.05.18 15:11:45 INFO  no build target found for E:\Documents_HDD\ssd\Cours_ESGI\M1\Scala\Exam_Scala\wikipages\src\main\scala\Main.scala. Using presentation compiler with project's scala-library version: 3.3.3
2024.05.18 15:11:46 INFO  no build target found for E:\Documents_HDD\ssd\Cours_ESGI\M1\Scala\Exam_Scala\wikipages\src\main\scala\Main.scala. Using presentation compiler with project's scala-library version: 3.3.3
2024.05.18 15:11:46 INFO  no build target found for E:\Documents_HDD\ssd\Cours_ESGI\M1\Scala\Exam_Scala\wikipages\src\main\scala\Main.scala. Using presentation compiler with project's scala-library version: 3.3.3
2024.05.18 15:11:46 INFO  no build target found for E:\Documents_HDD\ssd\Cours_ESGI\M1\Scala\Exam_Scala\wikipages\src\main\scala\Main.scala. Using presentation compiler with project's scala-library version: 3.3.3
2024.05.18 15:11:47 INFO  no build target found for E:\Documents_HDD\ssd\Cours_ESGI\M1\Scala\Exam_Scala\wikipages\src\main\scala\Main.scala. Using presentation compiler with project's scala-library version: 3.3.3
2024.05.18 15:11:47 WARN  no build target for: E:\Documents_HDD\ssd\Cours_ESGI\M1\Scala\Exam_Scala\wikipages\src\main\scala\Main.scala
2024.05.18 15:11:47 INFO  no build target found for E:\Documents_HDD\ssd\Cours_ESGI\M1\Scala\Exam_Scala\wikipages\src\main\scala\Main.scala. Using presentation compiler with project's scala-library version: 3.3.3
2024.05.18 15:11:54 INFO  no build target found for E:\Documents_HDD\ssd\Cours_ESGI\M1\Scala\Exam_Scala\wikipages\src\main\scala\Main.scala. Using presentation compiler with project's scala-library version: 3.3.3
2024.05.18 15:11:56 INFO  no build target found for E:\Documents_HDD\ssd\Cours_ESGI\M1\Scala\Exam_Scala\wikipages\build.sbt. Using presentation compiler with project's scala-library version: 3.3.3
2024.05.18 15:11:56 WARN  Could not find semantic tokens for: file:///E:/Documents_HDD/ssd/Cours_ESGI/M1/Scala/Exam_Scala/wikipages/build.sbt
2024.05.18 15:11:57 INFO  no build target found for E:\Documents_HDD\ssd\Cours_ESGI\M1\Scala\Exam_Scala\wikipages\build.sbt. Using presentation compiler with project's scala-library version: 3.3.3
2024.05.18 15:11:57 INFO  no build target found for E:\Documents_HDD\ssd\Cours_ESGI\M1\Scala\Exam_Scala\wikipages\build.sbt. Using presentation compiler with project's scala-library version: 3.3.3
2024.05.18 15:11:59 INFO  no build target found for E:\Documents_HDD\ssd\Cours_ESGI\M1\Scala\Exam_Scala\wikipages\build.sbt. Using presentation compiler with project's scala-library version: 3.3.3
2024.05.18 15:11:59 WARN  Could not find semantic tokens for: file:///E:/Documents_HDD/ssd/Cours_ESGI/M1/Scala/Exam_Scala/wikipages/build.sbt
2024.05.18 15:11:59 WARN  no build target for: E:\Documents_HDD\ssd\Cours_ESGI\M1\Scala\Exam_Scala\wikipages\build.sbt
2024.05.18 15:11:59 INFO  no build target found for E:\Documents_HDD\ssd\Cours_ESGI\M1\Scala\Exam_Scala\wikipages\build.sbt. Using presentation compiler with project's scala-library version: 3.3.3
2024.05.18 15:11:59 INFO  no build target found for E:\Documents_HDD\ssd\Cours_ESGI\M1\Scala\Exam_Scala\wikipages\build.sbt. Using presentation compiler with project's scala-library version: 3.3.3
2024.05.18 15:11:59 WARN  Could not find semantic tokens for: file:///E:/Documents_HDD/ssd/Cours_ESGI/M1/Scala/Exam_Scala/wikipages/build.sbt
2024.05.18 15:12:00 INFO  no build target found for E:\Documents_HDD\ssd\Cours_ESGI\M1\Scala\Exam_Scala\wikipages\src\main\scala\Main.scala. Using presentation compiler with project's scala-library version: 3.3.3
2024.05.18 15:12:01 INFO  no build target found for E:\Documents_HDD\ssd\Cours_ESGI\M1\Scala\Exam_Scala\wikipages\src\main\scala\Main.scala. Using presentation compiler with project's scala-library version: 3.3.3
2024.05.18 15:12:01 INFO  no build target found for E:\Documents_HDD\ssd\Cours_ESGI\M1\Scala\Exam_Scala\wikipages\src\main\scala\Main.scala. Using presentation compiler with project's scala-library version: 3.3.3
2024.05.18 15:12:02 WARN  no build target for: E:\Documents_HDD\ssd\Cours_ESGI\M1\Scala\Exam_Scala\wikipages\src\main\scala\Main.scala
2024.05.18 15:12:02 INFO  no build target found for E:\Documents_HDD\ssd\Cours_ESGI\M1\Scala\Exam_Scala\wikipages\src\main\scala\Main.scala. Using presentation compiler with project's scala-library version: 3.3.3
2024.05.18 15:12:02 INFO  no build target found for E:\Documents_HDD\ssd\Cours_ESGI\M1\Scala\Exam_Scala\wikipages\src\main\scala\Main.scala. Using presentation compiler with project's scala-library version: 3.3.3
2024.05.18 15:12:03 INFO  no build target found for E:\Documents_HDD\ssd\Cours_ESGI\M1\Scala\Exam_Scala\wikipages\src\main\scala\Main.scala. Using presentation compiler with project's scala-library version: 3.3.3
2024.05.18 15:12:24 INFO  no build target found for E:\Documents_HDD\ssd\Cours_ESGI\M1\Scala\Exam_Scala\wikipages\src\main\scala\Main.scala. Using presentation compiler with project's scala-library version: 3.3.3
mai 18, 2024 3:12:24 PM org.eclipse.lsp4j.jsonrpc.RemoteEndpoint handleCancellation
WARNING: Unmatched cancel notification for request id 891
2024.05.18 15:12:25 INFO  no build target found for E:\Documents_HDD\ssd\Cours_ESGI\M1\Scala\Exam_Scala\wikipages\build.sbt. Using presentation compiler with project's scala-library version: 3.3.3
2024.05.18 15:12:25 WARN  Could not find semantic tokens for: file:///E:/Documents_HDD/ssd/Cours_ESGI/M1/Scala/Exam_Scala/wikipages/build.sbt
2024.05.18 15:12:29 INFO  no build target found for E:\Documents_HDD\ssd\Cours_ESGI\M1\Scala\Exam_Scala\wikipages\build.sbt. Using presentation compiler with project's scala-library version: 3.3.3
2024.05.18 15:12:29 WARN  Could not find semantic tokens for: file:///E:/Documents_HDD/ssd/Cours_ESGI/M1/Scala/Exam_Scala/wikipages/build.sbt
2024.05.18 15:12:29 INFO  no build target found for E:\Documents_HDD\ssd\Cours_ESGI\M1\Scala\Exam_Scala\wikipages\build.sbt. Using presentation compiler with project's scala-library version: 3.3.3
2024.05.18 15:12:29 WARN  no build target for: E:\Documents_HDD\ssd\Cours_ESGI\M1\Scala\Exam_Scala\wikipages\build.sbt
2024.05.18 15:12:29 INFO  no build target found for E:\Documents_HDD\ssd\Cours_ESGI\M1\Scala\Exam_Scala\wikipages\build.sbt. Using presentation compiler with project's scala-library version: 3.3.3
2024.05.18 15:12:29 WARN  Could not find semantic tokens for: file:///E:/Documents_HDD/ssd/Cours_ESGI/M1/Scala/Exam_Scala/wikipages/build.sbt
2024.05.18 15:13:11 INFO  no build target found for E:\Documents_HDD\ssd\Cours_ESGI\M1\Scala\Exam_Scala\wikipages\build.sbt. Using presentation compiler with project's scala-library version: 3.3.3
2024.05.18 15:13:11 WARN  Could not find semantic tokens for: file:///E:/Documents_HDD/ssd/Cours_ESGI/M1/Scala/Exam_Scala/wikipages/build.sbt
2024.05.18 15:13:11 WARN  no build target for: E:\Documents_HDD\ssd\Cours_ESGI\M1\Scala\Exam_Scala\wikipages\build.sbt
2024.05.18 15:13:11 INFO  no build target found for E:\Documents_HDD\ssd\Cours_ESGI\M1\Scala\Exam_Scala\wikipages\build.sbt. Using presentation compiler with project's scala-library version: 3.3.3
2024.05.18 15:13:11 INFO  no build target found for E:\Documents_HDD\ssd\Cours_ESGI\M1\Scala\Exam_Scala\wikipages\build.sbt. Using presentation compiler with project's scala-library version: 3.3.3
2024.05.18 15:13:11 WARN  Could not find semantic tokens for: file:///E:/Documents_HDD/ssd/Cours_ESGI/M1/Scala/Exam_Scala/wikipages/build.sbt
2024.05.18 15:13:11 INFO  no build target found for E:\Documents_HDD\ssd\Cours_ESGI\M1\Scala\Exam_Scala\wikipages\build.sbt. Using presentation compiler with project's scala-library version: 3.3.3
2024.05.18 15:13:11 WARN  no build target for: E:\Documents_HDD\ssd\Cours_ESGI\M1\Scala\Exam_Scala\wikipages\build.sbt
2024.05.18 15:13:11 INFO  no build target found for E:\Documents_HDD\ssd\Cours_ESGI\M1\Scala\Exam_Scala\wikipages\build.sbt. Using presentation compiler with project's scala-library version: 3.3.3
2024.05.18 15:13:11 WARN  Could not find semantic tokens for: file:///E:/Documents_HDD/ssd/Cours_ESGI/M1/Scala/Exam_Scala/wikipages/build.sbt
2024.05.18 15:13:12 WARN  no build target for: E:\Documents_HDD\ssd\Cours_ESGI\M1\Scala\Exam_Scala\wikipages\build.sbt
2024.05.18 15:13:12 INFO  no build target found for E:\Documents_HDD\ssd\Cours_ESGI\M1\Scala\Exam_Scala\wikipages\build.sbt. Using presentation compiler with project's scala-library version: 3.3.3
2024.05.18 15:13:12 INFO  no build target found for E:\Documents_HDD\ssd\Cours_ESGI\M1\Scala\Exam_Scala\wikipages\build.sbt. Using presentation compiler with project's scala-library version: 3.3.3
2024.05.18 15:13:12 WARN  Could not find semantic tokens for: file:///E:/Documents_HDD/ssd/Cours_ESGI/M1/Scala/Exam_Scala/wikipages/build.sbt
2024.05.18 15:13:24 INFO  no build target found for E:\Documents_HDD\ssd\Cours_ESGI\M1\Scala\Exam_Scala\wikipages\build.sbt. Using presentation compiler with project's scala-library version: 3.3.3
2024.05.18 15:13:24 INFO  no build target found for E:\Documents_HDD\ssd\Cours_ESGI\M1\Scala\Exam_Scala\wikipages\build.sbt. Using presentation compiler with project's scala-library version: 3.3.3
mai 18, 2024 3:13:25 PM org.eclipse.lsp4j.jsonrpc.RemoteEndpoint handleCancellation
WARNING: Unmatched cancel notification for request id 931
2024.05.18 15:13:24 INFO  no build target found for E:\Documents_HDD\ssd\Cours_ESGI\M1\Scala\Exam_Scala\wikipages\src\main\scala\Main.scala. Using presentation compiler with project's scala-library version: 3.3.3
2024.05.18 15:13:25 INFO  no build target found for E:\Documents_HDD\ssd\Cours_ESGI\M1\Scala\Exam_Scala\wikipages\src\main\scala\Main.scala. Using presentation compiler with project's scala-library version: 3.3.3
mai 18, 2024 3:16:50 PM org.eclipse.lsp4j.jsonrpc.RemoteEndpoint handleNotification
WARNING: Notification threw an exception: {
  "jsonrpc": "2.0",
  "method": "metals/didFocusTextDocument",
  "params": [
    "vscode-chat-code-block://1e91409f-cac4-41aa-81aa-bc59df65a2d4/response_1/0#%7B%22references%22%3A%5B%7B%22uri%22%3A%7B%22%24mid%22%3A1%2C%22fsPath%22%3A%22e%3A%5C%5CDocuments_HDD%5C%5Cssd%5C%5CCours_ESGI%5C%5CM1%5C%5CScala%5C%5CExam_Scala%5C%5Cwikipages%5C%5Csrc%5C%5Cmain%5C%5Cscala%5C%5CMain.scala%22%2C%22_sep%22%3A1%2C%22external%22%3A%22file%3A%2F%2F%2Fe%253A%2FDocuments_HDD%2Fssd%2FCours_ESGI%2FM1%2FScala%2FExam_Scala%2Fwikipages%2Fsrc%2Fmain%2Fscala%2FMain.scala%22%2C%22path%22%3A%22%2Fe%3A%2FDocuments_HDD%2Fssd%2FCours_ESGI%2FM1%2FScala%2FExam_Scala%2Fwikipages%2Fsrc%2Fmain%2Fscala%2FMain.scala%22%2C%22scheme%22%3A%22file%22%7D%2C%22range%22%3A%7B%22startLineNumber%22%3A1%2C%22startColumn%22%3A1%2C%22endLineNumber%22%3A29%2C%22endColumn%22%3A1%7D%7D%5D%7D"
  ]
}
java.lang.RuntimeException: java.lang.reflect.InvocationTargetException
	at org.eclipse.lsp4j.jsonrpc.services.GenericEndpoint.lambda$null$0(GenericEndpoint.java:67)
	at org.eclipse.lsp4j.jsonrpc.services.GenericEndpoint.notify(GenericEndpoint.java:152)
	at org.eclipse.lsp4j.jsonrpc.RemoteEndpoint.handleNotification(RemoteEndpoint.java:220)
	at org.eclipse.lsp4j.jsonrpc.RemoteEndpoint.consume(RemoteEndpoint.java:187)
	at org.eclipse.lsp4j.jsonrpc.json.StreamMessageProducer.handleMessage(StreamMessageProducer.java:194)
	at org.eclipse.lsp4j.jsonrpc.json.StreamMessageProducer.listen(StreamMessageProducer.java:94)
	at org.eclipse.lsp4j.jsonrpc.json.ConcurrentMessageProcessor.run(ConcurrentMessageProcessor.java:113)
	at java.base/java.util.concurrent.Executors$RunnableAdapter.call(Executors.java:539)
	at java.base/java.util.concurrent.FutureTask.run(FutureTask.java:264)
	at java.base/java.util.concurrent.ThreadPoolExecutor.runWorker(ThreadPoolExecutor.java:1136)
	at java.base/java.util.concurrent.ThreadPoolExecutor$Worker.run(ThreadPoolExecutor.java:635)
	at java.base/java.lang.Thread.run(Thread.java:833)
Caused by: java.lang.reflect.InvocationTargetException
	at java.base/jdk.internal.reflect.NativeMethodAccessorImpl.invoke0(Native Method)
	at java.base/jdk.internal.reflect.NativeMethodAccessorImpl.invoke(NativeMethodAccessorImpl.java:77)
	at java.base/jdk.internal.reflect.DelegatingMethodAccessorImpl.invoke(DelegatingMethodAccessorImpl.java:43)
	at java.base/java.lang.reflect.Method.invoke(Method.java:568)
	at org.eclipse.lsp4j.jsonrpc.services.GenericEndpoint.lambda$null$0(GenericEndpoint.java:65)
	... 11 more
Caused by: java.nio.file.FileSystemNotFoundException: Provider "vscode-chat-code-block" not installed
	at java.base/java.nio.file.Path.of(Path.java:212)
	at java.base/java.nio.file.Paths.get(Paths.java:98)
	at scala.meta.internal.mtags.MtagsEnrichments$XtensionURIMtags.toAbsolutePath(MtagsEnrichments.scala:131)
	at scala.meta.internal.mtags.MtagsEnrichments$XtensionStringMtags.toAbsolutePath(MtagsEnrichments.scala:187)
	at scala.meta.internal.metals.MetalsEnrichments$XtensionString.toAbsolutePath(MetalsEnrichments.scala:741)
	at scala.meta.internal.metals.MetalsEnrichments$XtensionString.toAbsolutePath(MetalsEnrichments.scala:738)
	at scala.meta.internal.metals.WorkspaceLspService.didFocus(WorkspaceLspService.scala:673)
	at scala.meta.metals.lsp.DelegatingScalaService.didFocus(DelegatingScalaService.scala:43)
	... 16 more

2024.05.18 15:17:03 INFO  no build target found for E:\Documents_HDD\ssd\Cours_ESGI\M1\Scala\Exam_Scala\wikipages\src\main\scala\Main.scala. Using presentation compiler with project's scala-library version: 3.3.3
2024.05.18 15:17:03 INFO  no build target found for E:\Documents_HDD\ssd\Cours_ESGI\M1\Scala\Exam_Scala\wikipages\src\main\scala\Main.scala. Using presentation compiler with project's scala-library version: 3.3.3
2024.05.18 15:17:06 WARN  no build target for: E:\Documents_HDD\ssd\Cours_ESGI\M1\Scala\Exam_Scala\wikipages\src\main\scala\Main.scala
2024.05.18 15:17:06 INFO  no build target found for E:\Documents_HDD\ssd\Cours_ESGI\M1\Scala\Exam_Scala\wikipages\src\main\scala\Main.scala. Using presentation compiler with project's scala-library version: 3.3.3
2024.05.18 15:17:06 INFO  no build target found for E:\Documents_HDD\ssd\Cours_ESGI\M1\Scala\Exam_Scala\wikipages\src\main\scala\Main.scala. Using presentation compiler with project's scala-library version: 3.3.3
2024.05.18 15:20:15 INFO  no build target found for E:\Documents_HDD\ssd\Cours_ESGI\M1\Scala\Exam_Scala\wikipages\src\main\scala\Main.scala. Using presentation compiler with project's scala-library version: 3.3.3
2024.05.18 15:23:08 INFO  no build target found for E:\Documents_HDD\ssd\Cours_ESGI\M1\Scala\Exam_Scala\wikipages\src\main\scala\Main.scala. Using presentation compiler with project's scala-library version: 3.3.3
2024.05.18 15:23:08 WARN  no build target for: E:\Documents_HDD\ssd\Cours_ESGI\M1\Scala\Exam_Scala\wikipages\src\main\scala\Main.scala
2024.05.18 15:23:08 INFO  no build target found for E:\Documents_HDD\ssd\Cours_ESGI\M1\Scala\Exam_Scala\wikipages\src\main\scala\Main.scala. Using presentation compiler with project's scala-library version: 3.3.3
2024.05.18 15:23:08 INFO  no build target found for E:\Documents_HDD\ssd\Cours_ESGI\M1\Scala\Exam_Scala\wikipages\src\main\scala\Main.scala. Using presentation compiler with project's scala-library version: 3.3.3
2024.05.18 15:23:08 WARN  no build target for: E:\Documents_HDD\ssd\Cours_ESGI\M1\Scala\Exam_Scala\wikipages\src\main\scala\Main.scala
2024.05.18 15:23:09 INFO  no build target found for E:\Documents_HDD\ssd\Cours_ESGI\M1\Scala\Exam_Scala\wikipages\src\main\scala\Main.scala. Using presentation compiler with project's scala-library version: 3.3.3
2024.05.18 15:23:09 INFO  no build target found for E:\Documents_HDD\ssd\Cours_ESGI\M1\Scala\Exam_Scala\wikipages\src\main\scala\Main.scala. Using presentation compiler with project's scala-library version: 3.3.3
2024.05.18 15:23:11 WARN  no build target for: E:\Documents_HDD\ssd\Cours_ESGI\M1\Scala\Exam_Scala\wikipages\src\main\scala\Main.scala
2024.05.18 15:23:11 INFO  no build target found for E:\Documents_HDD\ssd\Cours_ESGI\M1\Scala\Exam_Scala\wikipages\src\main\scala\Main.scala. Using presentation compiler with project's scala-library version: 3.3.3
2024.05.18 15:23:11 INFO  no build target found for E:\Documents_HDD\ssd\Cours_ESGI\M1\Scala\Exam_Scala\wikipages\src\main\scala\Main.scala. Using presentation compiler with project's scala-library version: 3.3.3
2024.05.18 15:23:22 INFO  no build target found for E:\Documents_HDD\ssd\Cours_ESGI\M1\Scala\Exam_Scala\wikipages\src\main\scala\Main.scala. Using presentation compiler with project's scala-library version: 3.3.3
2024.05.18 15:23:46 INFO  no build target found for E:\Documents_HDD\ssd\Cours_ESGI\M1\Scala\Exam_Scala\wikipages\src\main\scala\Main.scala. Using presentation compiler with project's scala-library version: 3.3.3
2024.05.18 15:23:56 INFO  no build target found for E:\Documents_HDD\ssd\Cours_ESGI\M1\Scala\Exam_Scala\wikipages\src\main\scala\Main.scala. Using presentation compiler with project's scala-library version: 3.3.3
2024.05.18 15:23:57 WARN  no build target for: E:\Documents_HDD\ssd\Cours_ESGI\M1\Scala\Exam_Scala\wikipages\src\main\scala\Main.scala
2024.05.18 15:23:57 INFO  no build target found for E:\Documents_HDD\ssd\Cours_ESGI\M1\Scala\Exam_Scala\wikipages\src\main\scala\Main.scala. Using presentation compiler with project's scala-library version: 3.3.3
2024.05.18 15:23:57 INFO  no build target found for E:\Documents_HDD\ssd\Cours_ESGI\M1\Scala\Exam_Scala\wikipages\src\main\scala\Main.scala. Using presentation compiler with project's scala-library version: 3.3.3
2024.05.18 15:25:41 INFO  no build target found for E:\Documents_HDD\ssd\Cours_ESGI\M1\Scala\Exam_Scala\wikipages\src\main\scala\Main.scala. Using presentation compiler with project's scala-library version: 3.3.3
2024.05.18 15:25:45 INFO  no build target found for E:\Documents_HDD\ssd\Cours_ESGI\M1\Scala\Exam_Scala\wikipages\src\main\scala\Main.scala. Using presentation compiler with project's scala-library version: 3.3.3
2024.05.18 15:25:45 INFO  no build target found for E:\Documents_HDD\ssd\Cours_ESGI\M1\Scala\Exam_Scala\wikipages\src\main\scala\Main.scala. Using presentation compiler with project's scala-library version: 3.3.3
2024.05.18 15:26:01 WARN  no build target for: E:\Documents_HDD\ssd\Cours_ESGI\M1\Scala\Exam_Scala\wikipages\src\main\scala\Main.scala
2024.05.18 15:26:01 INFO  no build target found for E:\Documents_HDD\ssd\Cours_ESGI\M1\Scala\Exam_Scala\wikipages\src\main\scala\Main.scala. Using presentation compiler with project's scala-library version: 3.3.3
2024.05.18 15:26:01 INFO  no build target found for E:\Documents_HDD\ssd\Cours_ESGI\M1\Scala\Exam_Scala\wikipages\src\main\scala\Main.scala. Using presentation compiler with project's scala-library version: 3.3.3
2024.05.18 15:26:01 WARN  no build target for: E:\Documents_HDD\ssd\Cours_ESGI\M1\Scala\Exam_Scala\wikipages\src\main\scala\Main.scala
2024.05.18 15:26:01 INFO  no build target found for E:\Documents_HDD\ssd\Cours_ESGI\M1\Scala\Exam_Scala\wikipages\src\main\scala\Main.scala. Using presentation compiler with project's scala-library version: 3.3.3
2024.05.18 15:26:01 INFO  no build target found for E:\Documents_HDD\ssd\Cours_ESGI\M1\Scala\Exam_Scala\wikipages\src\main\scala\Main.scala. Using presentation compiler with project's scala-library version: 3.3.3
2024.05.18 15:26:03 WARN  no build target for: E:\Documents_HDD\ssd\Cours_ESGI\M1\Scala\Exam_Scala\wikipages\src\main\scala\Main.scala
2024.05.18 15:26:03 INFO  no build target found for E:\Documents_HDD\ssd\Cours_ESGI\M1\Scala\Exam_Scala\wikipages\src\main\scala\Main.scala. Using presentation compiler with project's scala-library version: 3.3.3
2024.05.18 15:26:03 INFO  no build target found for E:\Documents_HDD\ssd\Cours_ESGI\M1\Scala\Exam_Scala\wikipages\src\main\scala\Main.scala. Using presentation compiler with project's scala-library version: 3.3.3
2024.05.18 15:26:03 INFO  no build target found for E:\Documents_HDD\ssd\Cours_ESGI\M1\Scala\Exam_Scala\wikipages\src\main\scala\Main.scala. Using presentation compiler with project's scala-library version: 3.3.3
2024.05.18 15:26:05 WARN  no build target for: E:\Documents_HDD\ssd\Cours_ESGI\M1\Scala\Exam_Scala\wikipages\src\main\scala\Main.scala
2024.05.18 15:26:05 INFO  no build target found for E:\Documents_HDD\ssd\Cours_ESGI\M1\Scala\Exam_Scala\wikipages\src\main\scala\Main.scala. Using presentation compiler with project's scala-library version: 3.3.3
2024.05.18 15:26:05 INFO  no build target found for E:\Documents_HDD\ssd\Cours_ESGI\M1\Scala\Exam_Scala\wikipages\src\main\scala\Main.scala. Using presentation compiler with project's scala-library version: 3.3.3
2024.05.18 15:26:05 WARN  no build target for: E:\Documents_HDD\ssd\Cours_ESGI\M1\Scala\Exam_Scala\wikipages\src\main\scala\Main.scala
2024.05.18 15:26:05 INFO  no build target found for E:\Documents_HDD\ssd\Cours_ESGI\M1\Scala\Exam_Scala\wikipages\src\main\scala\Main.scala. Using presentation compiler with project's scala-library version: 3.3.3
2024.05.18 15:26:05 INFO  no build target found for E:\Documents_HDD\ssd\Cours_ESGI\M1\Scala\Exam_Scala\wikipages\src\main\scala\Main.scala. Using presentation compiler with project's scala-library version: 3.3.3
2024.05.18 15:26:21 INFO  no build target found for E:\Documents_HDD\ssd\Cours_ESGI\M1\Scala\Exam_Scala\wikipages\src\main\scala\Main.scala. Using presentation compiler with project's scala-library version: 3.3.3
2024.05.18 15:26:23 INFO  no build target found for E:\Documents_HDD\ssd\Cours_ESGI\M1\Scala\Exam_Scala\wikipages\src\main\scala\Main.scala. Using presentation compiler with project's scala-library version: 3.3.3
2024.05.18 15:26:24 INFO  no build target found for E:\Documents_HDD\ssd\Cours_ESGI\M1\Scala\Exam_Scala\wikipages\src\main\scala\Main.scala. Using presentation compiler with project's scala-library version: 3.3.3
2024.05.18 15:26:25 INFO  no build target found for E:\Documents_HDD\ssd\Cours_ESGI\M1\Scala\Exam_Scala\wikipages\src\main\scala\Main.scala. Using presentation compiler with project's scala-library version: 3.3.3
2024.05.18 15:27:16 INFO  no build target found for E:\Documents_HDD\ssd\Cours_ESGI\M1\Scala\Exam_Scala\wikipages\src\main\scala\Main.scala. Using presentation compiler with project's scala-library version: 3.3.3
2024.05.18 15:27:16 INFO  no build target found for E:\Documents_HDD\ssd\Cours_ESGI\M1\Scala\Exam_Scala\wikipages\src\main\scala\Main.scala. Using presentation compiler with project's scala-library version: 3.3.3
2024.05.18 15:27:28 INFO  no build target found for E:\Documents_HDD\ssd\Cours_ESGI\M1\Scala\Exam_Scala\wikipages\src\main\scala\Main.scala. Using presentation compiler with project's scala-library version: 3.3.3
2024.05.18 15:27:28 INFO  no build target found for E:\Documents_HDD\ssd\Cours_ESGI\M1\Scala\Exam_Scala\wikipages\src\main\scala\Main.scala. Using presentation compiler with project's scala-library version: 3.3.3
2024.05.18 15:27:32 WARN  no build target for: E:\Documents_HDD\ssd\Cours_ESGI\M1\Scala\Exam_Scala\wikipages\src\main\scala\Main.scala
2024.05.18 15:27:32 INFO  no build target found for E:\Documents_HDD\ssd\Cours_ESGI\M1\Scala\Exam_Scala\wikipages\src\main\scala\Main.scala. Using presentation compiler with project's scala-library version: 3.3.3
2024.05.18 15:27:32 INFO  no build target found for E:\Documents_HDD\ssd\Cours_ESGI\M1\Scala\Exam_Scala\wikipages\src\main\scala\Main.scala. Using presentation compiler with project's scala-library version: 3.3.3
2024.05.18 15:27:33 INFO  no build target found for E:\Documents_HDD\ssd\Cours_ESGI\M1\Scala\Exam_Scala\wikipages\src\main\scala\Main.scala. Using presentation compiler with project's scala-library version: 3.3.3
2024.05.18 15:27:57 INFO  no build target found for E:\Documents_HDD\ssd\Cours_ESGI\M1\Scala\Exam_Scala\wikipages\src\main\scala\Main.scala. Using presentation compiler with project's scala-library version: 3.3.3
mai 18, 2024 3:28:07 PM org.eclipse.lsp4j.jsonrpc.services.GenericEndpoint notify
INFO: Unsupported notification method: $/setTrace
mai 18, 2024 3:36:34 PM org.eclipse.lsp4j.jsonrpc.services.GenericEndpoint notify
INFO: Unsupported notification method: $/setTrace
mai 18, 2024 3:37:43 PM org.eclipse.lsp4j.jsonrpc.services.GenericEndpoint notify
INFO: Unsupported notification method: $/setTrace
2024.05.18 15:48:47 INFO  Shutting down server
2024.05.18 15:48:47 INFO  shutting down Metals
2024.05.18 15:48:47 INFO  Exiting server
2024.05.21 17:27:45 INFO  Started: Metals version 1.3.1 in folders 'C:\Users\Aurelien\Documents\cours\scala\projet soutenance\wikipages' for client Visual Studio Code 1.89.1.
2024.05.21 17:27:49 ERROR org.h2.jdbc.JdbcSQLNonTransientConnectionException: Fichier corrompu lors de la lecture de l'enregistrement: "C:/Users/Aurelien/Documents/cours/scala/projet soutenance/wikipages/.metals/metals.mv.db". Solution possible: utiliser l'outil de récupération
File corrupted while reading record: "C:/Users/Aurelien/Documents/cours/scala/projet soutenance/wikipages/.metals/metals.mv.db". Possible solution: use the recovery tool [90030-224]
	at org.h2.message.DbException.getJdbcSQLException(DbException.java:690)
	at org.h2.message.DbException.getJdbcSQLException(DbException.java:489)
	at org.h2.message.DbException.get(DbException.java:212)
	at org.h2.mvstore.db.Store.convertMVStoreException(Store.java:163)
	at org.h2.mvstore.db.Store.<init>(Store.java:142)
	at org.h2.engine.Database.<init>(Database.java:326)
	at org.h2.engine.Engine.openSession(Engine.java:92)
	at org.h2.engine.Engine.openSession(Engine.java:222)
	at org.h2.engine.Engine.createSession(Engine.java:201)
	at org.h2.engine.SessionRemote.connectEmbeddedOrServer(SessionRemote.java:343)
	at org.h2.jdbc.JdbcConnection.<init>(JdbcConnection.java:125)
	at org.h2.Driver.connect(Driver.java:59)
	at java.sql.DriverManager.getConnection(DriverManager.java:681)
	at java.sql.DriverManager.getConnection(DriverManager.java:229)
	at scala.meta.internal.metals.Tables.upgradeIfNeeded(Tables.scala:181)
	at scala.meta.internal.metals.Tables.persistentConnection(Tables.scala:148)
	at scala.meta.internal.metals.Tables.tryAutoServer(Tables.scala:91)
	at scala.meta.internal.metals.Tables.connect(Tables.scala:55)
	at scala.meta.internal.metals.Tables.connection(Tables.scala:84)
	at scala.meta.internal.metals.Tables.$anonfun$dependencySources$1(Tables.scala:34)
	at scala.meta.internal.metals.DependencySources.getBuildTarget(DependencySources.scala:25)
	at scala.meta.internal.metals.BuildTargets.$anonfun$inverseSources$2(BuildTargets.scala:256)
	at scala.Option.flatMap(Option.scala:283)
	at scala.meta.internal.metals.BuildTargets.inverseSources(BuildTargets.scala:256)
	at scala.meta.internal.metals.MetalsLspService.$anonfun$didOpen$1(MetalsLspService.scala:1118)
	at java.util.concurrent.atomic.AtomicReference.getAndUpdate(AtomicReference.java:188)
	at scala.meta.internal.metals.MetalsLspService.didOpen(MetalsLspService.scala:1116)
	at scala.meta.internal.metals.WorkspaceLspService.didOpen(WorkspaceLspService.scala:376)
	at scala.meta.metals.lsp.DelegatingScalaService.didOpen(DelegatingScalaService.scala:39)
	at jdk.internal.reflect.NativeMethodAccessorImpl.invoke0(Native Method)
	at jdk.internal.reflect.NativeMethodAccessorImpl.invoke(NativeMethodAccessorImpl.java:77)
	at jdk.internal.reflect.DelegatingMethodAccessorImpl.invoke(DelegatingMethodAccessorImpl.java:43)
	at java.lang.reflect.Method.invoke(Method.java:568)
	at org.eclipse.lsp4j.jsonrpc.services.GenericEndpoint.lambda$null$0(GenericEndpoint.java:65)
	at org.eclipse.lsp4j.jsonrpc.services.GenericEndpoint.notify(GenericEndpoint.java:152)
	at org.eclipse.lsp4j.jsonrpc.RemoteEndpoint.handleNotification(RemoteEndpoint.java:220)
	at org.eclipse.lsp4j.jsonrpc.RemoteEndpoint.consume(RemoteEndpoint.java:187)
	at org.eclipse.lsp4j.jsonrpc.json.StreamMessageProducer.handleMessage(StreamMessageProducer.java:194)
	at org.eclipse.lsp4j.jsonrpc.json.StreamMessageProducer.listen(StreamMessageProducer.java:94)
	at org.eclipse.lsp4j.jsonrpc.json.ConcurrentMessageProcessor.run(ConcurrentMessageProcessor.java:113)
	at java.util.concurrent.Executors$RunnableAdapter.call(Executors.java:539)
	at java.util.concurrent.FutureTask.run(FutureTask.java:264)
	at java.util.concurrent.ThreadPoolExecutor.runWorker(ThreadPoolExecutor.java:1136)
	at java.util.concurrent.ThreadPoolExecutor$Worker.run(ThreadPoolExecutor.java:635)
	at java.lang.Thread.run(Thread.java:833)
Caused by: org.h2.mvstore.MVStoreException: File is corrupted - unable to recover a valid set of chunks [2.2.224/6]
	at org.h2.mvstore.DataUtils.newMVStoreException(DataUtils.java:996)
	at org.h2.mvstore.RandomAccessStore.readStoreHeader(RandomAccessStore.java:320)
	at org.h2.mvstore.FileStore.start(FileStore.java:916)
	at org.h2.mvstore.MVStore.<init>(MVStore.java:289)
	at org.h2.mvstore.MVStore$Builder.open(MVStore.java:2035)
	at org.h2.mvstore.db.Store.<init>(Store.java:133)
	at org.h2.engine.Database.<init>(Database.java:326)
	at org.h2.engine.Engine.openSession(Engine.java:92)
	at org.h2.engine.Engine.openSession(Engine.java:222)
	at org.h2.engine.Engine.createSession(Engine.java:201)
	at org.h2.engine.SessionRemote.connectEmbeddedOrServer(SessionRemote.java:343)
	at org.h2.jdbc.JdbcConnection.<init>(JdbcConnection.java:125)
	at org.h2.Driver.connect(Driver.java:59)
	at java.sql.DriverManager.getConnection(DriverManager.java:681)
	at java.sql.DriverManager.getConnection(DriverManager.java:229)
	at scala.meta.internal.metals.Tables.upgradeIfNeeded(Tables.scala:181)
	at scala.meta.internal.metals.Tables.persistentConnection(Tables.scala:148)
	at scala.meta.internal.metals.Tables.tryAutoServer(Tables.scala:91)
	at scala.meta.internal.metals.Tables.connect(Tables.scala:55)
	at scala.meta.internal.metals.Tables.connection(Tables.scala:84)
	at scala.meta.internal.metals.Tables.$anonfun$dependencySources$1(Tables.scala:34)
	at scala.meta.internal.metals.DependencySources.getBuildTarget(DependencySources.scala:25)
	at scala.meta.internal.metals.BuildTargets.$anonfun$inverseSources$2(BuildTargets.scala:256)
	at scala.Option.flatMap(Option.scala:283)
	at scala.meta.internal.metals.BuildTargets.inverseSources(BuildTargets.scala:256)
	at scala.meta.internal.metals.MetalsLspService.$anonfun$didOpen$1(MetalsLspService.scala:1118)
	at java.util.concurrent.atomic.AtomicReference.getAndUpdate(AtomicReference.java:188)
	at scala.meta.internal.metals.MetalsLspService.didOpen(MetalsLspService.scala:1116)
	at scala.meta.internal.metals.WorkspaceLspService.didOpen(WorkspaceLspService.scala:376)
	at scala.meta.metals.lsp.DelegatingScalaService.didOpen(DelegatingScalaService.scala:39)
	at jdk.internal.reflect.NativeMethodAccessorImpl.invoke0(Native Method)
	at jdk.internal.reflect.NativeMethodAccessorImpl.invoke(NativeMethodAccessorImpl.java:77)
	at jdk.internal.reflect.DelegatingMethodAccessorImpl.invoke(DelegatingMethodAccessorImpl.java:43)
	at java.lang.reflect.Method.invoke(Method.java:568)
	at org.eclipse.lsp4j.jsonrpc.services.GenericEndpoint.lambda$null$0(GenericEndpoint.java:65)
	at org.eclipse.lsp4j.jsonrpc.services.GenericEndpoint.notify(GenericEndpoint.java:152)
	at org.eclipse.lsp4j.jsonrpc.RemoteEndpoint.handleNotification(RemoteEndpoint.java:220)
	at org.eclipse.lsp4j.jsonrpc.RemoteEndpoint.consume(RemoteEndpoint.java:187)
	at org.eclipse.lsp4j.jsonrpc.json.StreamMessageProducer.handleMessage(StreamMessageProducer.java:194)
	at org.eclipse.lsp4j.jsonrpc.json.StreamMessageProducer.listen(StreamMessageProducer.java:94)
	at org.eclipse.lsp4j.jsonrpc.json.ConcurrentMessageProcessor.run(ConcurrentMessageProcessor.java:113)
	at java.util.concurrent.Executors$RunnableAdapter.call(Executors.java:539)
	at java.util.concurrent.FutureTask.run(FutureTask.java:264)
	at java.util.concurrent.ThreadPoolExecutor.runWorker(ThreadPoolExecutor.java:1136)
	at java.util.concurrent.ThreadPoolExecutor$Worker.run(ThreadPoolExecutor.java:635)
	at java.lang.Thread.run(Thread.java:833)

2024.05.21 17:27:49 ERROR unable to setup persistent H2 database with AUTO_SERVER=false, falling back to in-memory database. This means you may be redundantly asked to execute 'Import build', even if it's not needed. Also, code navigation will not work for existing files in the .metals/readonly/ directory. To fix this problem, make sure you only have one running Metals server in the directory 'C:\Users\Aurelien\Documents\cours\scala\projet soutenance\wikipages'.
org.h2.jdbc.JdbcSQLNonTransientConnectionException: Fichier corrompu lors de la lecture de l'enregistrement: "C:/Users/Aurelien/Documents/cours/scala/projet soutenance/wikipages/.metals/metals.mv.db". Solution possible: utiliser l'outil de récupération
File corrupted while reading record: "C:/Users/Aurelien/Documents/cours/scala/projet soutenance/wikipages/.metals/metals.mv.db". Possible solution: use the recovery tool [90030-224]
	at org.h2.message.DbException.getJdbcSQLException(DbException.java:690)
	at org.h2.message.DbException.getJdbcSQLException(DbException.java:489)
	at org.h2.message.DbException.get(DbException.java:212)
	at org.h2.mvstore.db.Store.convertMVStoreException(Store.java:163)
	at org.h2.mvstore.db.Store.<init>(Store.java:142)
	at org.h2.engine.Database.<init>(Database.java:326)
	at org.h2.engine.Engine.openSession(Engine.java:92)
	at org.h2.engine.Engine.openSession(Engine.java:222)
	at org.h2.engine.Engine.createSession(Engine.java:201)
	at org.h2.engine.SessionRemote.connectEmbeddedOrServer(SessionRemote.java:343)
	at org.h2.jdbc.JdbcConnection.<init>(JdbcConnection.java:125)
	at org.h2.Driver.connect(Driver.java:59)
	at java.sql.DriverManager.getConnection(DriverManager.java:681)
	at java.sql.DriverManager.getConnection(DriverManager.java:229)
	at scala.meta.internal.metals.Tables.upgradeIfNeeded(Tables.scala:181)
	at scala.meta.internal.metals.Tables.persistentConnection(Tables.scala:148)
	at scala.meta.internal.metals.Tables.tryNoAutoServer(Tables.scala:108)
	at scala.meta.internal.metals.Tables.tryAutoServer(Tables.scala:102)
	at scala.meta.internal.metals.Tables.connect(Tables.scala:55)
	at scala.meta.internal.metals.Tables.connection(Tables.scala:84)
	at scala.meta.internal.metals.Tables.$anonfun$dependencySources$1(Tables.scala:34)
	at scala.meta.internal.metals.DependencySources.getBuildTarget(DependencySources.scala:25)
	at scala.meta.internal.metals.BuildTargets.$anonfun$inverseSources$2(BuildTargets.scala:256)
	at scala.Option.flatMap(Option.scala:283)
	at scala.meta.internal.metals.BuildTargets.inverseSources(BuildTargets.scala:256)
	at scala.meta.internal.metals.MetalsLspService.$anonfun$didOpen$1(MetalsLspService.scala:1118)
	at java.util.concurrent.atomic.AtomicReference.getAndUpdate(AtomicReference.java:188)
	at scala.meta.internal.metals.MetalsLspService.didOpen(MetalsLspService.scala:1116)
	at scala.meta.internal.metals.WorkspaceLspService.didOpen(WorkspaceLspService.scala:376)
	at scala.meta.metals.lsp.DelegatingScalaService.didOpen(DelegatingScalaService.scala:39)
	at jdk.internal.reflect.NativeMethodAccessorImpl.invoke0(Native Method)
	at jdk.internal.reflect.NativeMethodAccessorImpl.invoke(NativeMethodAccessorImpl.java:77)
	at jdk.internal.reflect.DelegatingMethodAccessorImpl.invoke(DelegatingMethodAccessorImpl.java:43)
	at java.lang.reflect.Method.invoke(Method.java:568)
	at org.eclipse.lsp4j.jsonrpc.services.GenericEndpoint.lambda$null$0(GenericEndpoint.java:65)
	at org.eclipse.lsp4j.jsonrpc.services.GenericEndpoint.notify(GenericEndpoint.java:152)
	at org.eclipse.lsp4j.jsonrpc.RemoteEndpoint.handleNotification(RemoteEndpoint.java:220)
	at org.eclipse.lsp4j.jsonrpc.RemoteEndpoint.consume(RemoteEndpoint.java:187)
	at org.eclipse.lsp4j.jsonrpc.json.StreamMessageProducer.handleMessage(StreamMessageProducer.java:194)
	at org.eclipse.lsp4j.jsonrpc.json.StreamMessageProducer.listen(StreamMessageProducer.java:94)
	at org.eclipse.lsp4j.jsonrpc.json.ConcurrentMessageProcessor.run(ConcurrentMessageProcessor.java:113)
	at java.util.concurrent.Executors$RunnableAdapter.call(Executors.java:539)
	at java.util.concurrent.FutureTask.run(FutureTask.java:264)
	at java.util.concurrent.ThreadPoolExecutor.runWorker(ThreadPoolExecutor.java:1136)
	at java.util.concurrent.ThreadPoolExecutor$Worker.run(ThreadPoolExecutor.java:635)
	at java.lang.Thread.run(Thread.java:833)
Caused by: org.h2.mvstore.MVStoreException: File is corrupted - unable to recover a valid set of chunks [2.2.224/6]
	at org.h2.mvstore.DataUtils.newMVStoreException(DataUtils.java:996)
	at org.h2.mvstore.RandomAccessStore.readStoreHeader(RandomAccessStore.java:320)
	at org.h2.mvstore.FileStore.start(FileStore.java:916)
	at org.h2.mvstore.MVStore.<init>(MVStore.java:289)
	at org.h2.mvstore.MVStore$Builder.open(MVStore.java:2035)
	at org.h2.mvstore.db.Store.<init>(Store.java:133)
	at org.h2.engine.Database.<init>(Database.java:326)
	at org.h2.engine.Engine.openSession(Engine.java:92)
	at org.h2.engine.Engine.openSession(Engine.java:222)
	at org.h2.engine.Engine.createSession(Engine.java:201)
	at org.h2.engine.SessionRemote.connectEmbeddedOrServer(SessionRemote.java:343)
	at org.h2.jdbc.JdbcConnection.<init>(JdbcConnection.java:125)
	at org.h2.Driver.connect(Driver.java:59)
	at java.sql.DriverManager.getConnection(DriverManager.java:681)
	at java.sql.DriverManager.getConnection(DriverManager.java:229)
	at scala.meta.internal.metals.Tables.upgradeIfNeeded(Tables.scala:181)
	at scala.meta.internal.metals.Tables.persistentConnection(Tables.scala:148)
	at scala.meta.internal.metals.Tables.tryNoAutoServer(Tables.scala:108)
	at scala.meta.internal.metals.Tables.tryAutoServer(Tables.scala:102)
	at scala.meta.internal.metals.Tables.connect(Tables.scala:55)
	at scala.meta.internal.metals.Tables.connection(Tables.scala:84)
	at scala.meta.internal.metals.Tables.$anonfun$dependencySources$1(Tables.scala:34)
	at scala.meta.internal.metals.DependencySources.getBuildTarget(DependencySources.scala:25)
	at scala.meta.internal.metals.BuildTargets.$anonfun$inverseSources$2(BuildTargets.scala:256)
	at scala.Option.flatMap(Option.scala:283)
	at scala.meta.internal.metals.BuildTargets.inverseSources(BuildTargets.scala:256)
	at scala.meta.internal.metals.MetalsLspService.$anonfun$didOpen$1(MetalsLspService.scala:1118)
	at java.util.concurrent.atomic.AtomicReference.getAndUpdate(AtomicReference.java:188)
	at scala.meta.internal.metals.MetalsLspService.didOpen(MetalsLspService.scala:1116)
	at scala.meta.internal.metals.WorkspaceLspService.didOpen(WorkspaceLspService.scala:376)
	at scala.meta.metals.lsp.DelegatingScalaService.didOpen(DelegatingScalaService.scala:39)
	at jdk.internal.reflect.NativeMethodAccessorImpl.invoke0(Native Method)
	at jdk.internal.reflect.NativeMethodAccessorImpl.invoke(NativeMethodAccessorImpl.java:77)
	at jdk.internal.reflect.DelegatingMethodAccessorImpl.invoke(DelegatingMethodAccessorImpl.java:43)
	at java.lang.reflect.Method.invoke(Method.java:568)
	at org.eclipse.lsp4j.jsonrpc.services.GenericEndpoint.lambda$null$0(GenericEndpoint.java:65)
	at org.eclipse.lsp4j.jsonrpc.services.GenericEndpoint.notify(GenericEndpoint.java:152)
	at org.eclipse.lsp4j.jsonrpc.RemoteEndpoint.handleNotification(RemoteEndpoint.java:220)
	at org.eclipse.lsp4j.jsonrpc.RemoteEndpoint.consume(RemoteEndpoint.java:187)
	at org.eclipse.lsp4j.jsonrpc.json.StreamMessageProducer.handleMessage(StreamMessageProducer.java:194)
	at org.eclipse.lsp4j.jsonrpc.json.StreamMessageProducer.listen(StreamMessageProducer.java:94)
	at org.eclipse.lsp4j.jsonrpc.json.ConcurrentMessageProcessor.run(ConcurrentMessageProcessor.java:113)
	at java.util.concurrent.Executors$RunnableAdapter.call(Executors.java:539)
	at java.util.concurrent.FutureTask.run(FutureTask.java:264)
	at java.util.concurrent.ThreadPoolExecutor.runWorker(ThreadPoolExecutor.java:1136)
	at java.util.concurrent.ThreadPoolExecutor$Worker.run(ThreadPoolExecutor.java:635)
	at java.lang.Thread.run(Thread.java:833)

SLF4J(W): Class path contains multiple SLF4J providers.
SLF4J(W): Found provider [scribe.slf4j.ScribeServiceProvider@61f13a43]
SLF4J(W): Found provider [ch.qos.logback.classic.spi.LogbackServiceProvider@595d39c2]
SLF4J(W): See https://www.slf4j.org/codes.html#multiple_bindings for an explanation.
SLF4J(I): Actual provider is of type [scribe.slf4j.ScribeServiceProvider@61f13a43]
2024.05.21 17:27:49 WARN  Flyway upgrade recommended: H2 2.2.224 is newer than this version of Flyway and support has not been tested. The latest supported version of H2 is 2.2.220.
mai 21, 2024 5:27:50 PM org.eclipse.lsp4j.jsonrpc.RemoteEndpoint handleCancellation
AVERTISSEMENT: Unmatched cancel notification for request id 6
2024.05.21 17:27:50 INFO  no build target found for C:\Users\Aurelien\Documents\cours\scala\projet soutenance\wikipages\src\test\scala\MainSpec.scala. Using presentation compiler with project's scala-library version: 3.3.3
mai 21, 2024 5:27:50 PM org.eclipse.lsp4j.jsonrpc.RemoteEndpoint handleCancellation
AVERTISSEMENT: Unmatched cancel notification for request id 1
mai 21, 2024 5:27:50 PM org.eclipse.lsp4j.jsonrpc.RemoteEndpoint handleCancellation
AVERTISSEMENT: Unmatched cancel notification for request id 15
mai 21, 2024 5:27:50 PM org.eclipse.lsp4j.jsonrpc.RemoteEndpoint handleCancellation
AVERTISSEMENT: Unmatched cancel notification for request id 9
mai 21, 2024 5:27:50 PM org.eclipse.lsp4j.jsonrpc.RemoteEndpoint handleCancellation
AVERTISSEMENT: Unmatched cancel notification for request id 14
mai 21, 2024 5:27:50 PM org.eclipse.lsp4j.jsonrpc.RemoteEndpoint handleCancellation
AVERTISSEMENT: Unmatched cancel notification for request id 20
2024.05.21 17:27:56 INFO  no build target found for C:\Users\Aurelien\Documents\cours\scala\projet soutenance\wikipages\src\test\scala\MainSpec.scala. Using presentation compiler with project's scala-library version: 3.3.3
2024.05.21 17:28:01 INFO  running 'C:\Users\Aurelien\AppData\Local\Coursier\cache\arc\https\github.com\adoptium\temurin11-binaries\releases\download\jdk-11.0.22%252B7\OpenJDK11U-jdk_x64_windows_hotspot_11.0.22_7.zip\jdk-11.0.22+7\bin\java.exe -Djline.terminal=jline.UnsupportedTerminal -Dsbt.log.noformat=true -Dfile.encoding=UTF-8 -jar C:\Users\Aurelien\AppData\Local\Temp\metals13786243167164797907\sbt-launch.jar -Dbloop.export-jar-classifiers=sources bloopInstall'
2024.05.21 17:28:03 INFO  [info] welcome to sbt 1.9.9 (Eclipse Adoptium Java 11.0.22)
2024.05.21 17:28:06 INFO  [info] loading settings for project wikipages-build-build-build from metals.sbt ...
2024.05.21 17:28:07 INFO  no build target found for C:\Users\Aurelien\Documents\cours\scala\projet soutenance\wikipages\src\test\scala\MainSpec.scala. Using presentation compiler with project's scala-library version: 3.3.3
2024.05.21 17:28:07 INFO  no build target found for C:\Users\Aurelien\Documents\cours\scala\projet soutenance\wikipages\src\test\scala\MainSpec.scala. Using presentation compiler with project's scala-library version: 3.3.3
2024.05.21 17:28:08 INFO  [info] loading project definition from C:\Users\Aurelien\Documents\cours\scala\projet soutenance\wikipages\project\project\project
2024.05.21 17:28:11 INFO  [info] loading settings for project wikipages-build-build from metals.sbt ...
2024.05.21 17:28:11 INFO  [info] loading project definition from C:\Users\Aurelien\Documents\cours\scala\projet soutenance\wikipages\project\project
2024.05.21 17:28:13 WARN  no build target for: C:\Users\Aurelien\Documents\cours\scala\projet soutenance\wikipages\src\test\scala\MainSpec.scala
2024.05.21 17:28:13 INFO  no build target found for C:\Users\Aurelien\Documents\cours\scala\projet soutenance\wikipages\src\test\scala\MainSpec.scala. Using presentation compiler with project's scala-library version: 3.3.3
2024.05.21 17:28:13 INFO  no build target found for C:\Users\Aurelien\Documents\cours\scala\projet soutenance\wikipages\src\test\scala\MainSpec.scala. Using presentation compiler with project's scala-library version: 3.3.3
2024.05.21 17:28:13 WARN  no build target for: C:\Users\Aurelien\Documents\cours\scala\projet soutenance\wikipages\src\test\scala\MainSpec.scala
2024.05.21 17:28:13 INFO  no build target found for C:\Users\Aurelien\Documents\cours\scala\projet soutenance\wikipages\src\test\scala\MainSpec.scala. Using presentation compiler with project's scala-library version: 3.3.3
2024.05.21 17:28:14 WARN  no build target for: C:\Users\Aurelien\Documents\cours\scala\projet soutenance\wikipages\src\test\scala\MainSpec.scala
2024.05.21 17:28:14 INFO  no build target found for C:\Users\Aurelien\Documents\cours\scala\projet soutenance\wikipages\src\test\scala\MainSpec.scala. Using presentation compiler with project's scala-library version: 3.3.3
2024.05.21 17:28:19 INFO  [success] Generated .bloop\wikipages-build-build.json
2024.05.21 17:28:19 INFO  [success] Total time: 8 s, completed 21 mai 2024 Ã  17:28:19
2024.05.21 17:28:20 INFO  [info] loading settings for project wikipages-build from metals.sbt,plugins.sbt ...
2024.05.21 17:28:20 INFO  [info] loading project definition from C:\Users\Aurelien\Documents\cours\scala\projet soutenance\wikipages\project
2024.05.21 17:28:22 INFO  no build target found for C:\Users\Aurelien\Documents\cours\scala\projet soutenance\wikipages\src\test\scala\MainSpec.scala. Using presentation compiler with project's scala-library version: 3.3.3
2024.05.21 17:28:22 INFO  no build target found for C:\Users\Aurelien\Documents\cours\scala\projet soutenance\wikipages\src\test\scala\MainSpec.scala. Using presentation compiler with project's scala-library version: 3.3.3
2024.05.21 17:28:23 INFO  [success] Generated .bloop\wikipages-build.json
2024.05.21 17:28:23 INFO  [success] Total time: 2 s, completed 21 mai 2024 Ã  17:28:23
2024.05.21 17:28:25 INFO  [info] loading settings for project wikipages from build.sbt ...
2024.05.21 17:28:25 INFO  [info] set current project to Examen Scala (in build file:/C:/Users/Aurelien/Documents/cours/scala/projet%20soutenance/wikipages/)
2024.05.21 17:28:25 INFO  no build target found for C:\Users\Aurelien\Documents\cours\scala\projet soutenance\wikipages\src\test\scala\MainSpec.scala. Using presentation compiler with project's scala-library version: 3.3.3
2024.05.21 17:28:27 INFO  [success] Generated .bloop\wikipages-test.json
2024.05.21 17:28:27 INFO  [success] Generated .bloop\wikipages.json
2024.05.21 17:28:27 INFO  [success] Total time: 2 s, completed 21 mai 2024 Ã  17:28:27
2024.05.21 17:28:27 INFO  time: ran 'sbt bloopInstall' in 26s
2024.05.21 17:28:27 INFO  Attempting to connect to the build server...
2024.05.21 17:28:27 INFO  Setting up current java home C:\Users\Aurelien\AppData\Local\Coursier\cache\arc\https\github.com\adoptium\temurin17-binaries\releases\download\jdk-17%252B35\OpenJDK17-jdk_x64_windows_hotspot_17_35.zip\jdk-17+35 in C:\Users\Aurelien\.bloop\bloop.json
2024.05.21 17:28:45 INFO  tracing is disabled for protocol BSP, to enable tracing of incoming and outgoing JSON messages create an empty file at C:\Users\Aurelien\Documents\cours\scala\projet soutenance\wikipages\.metals\bsp.trace.json or C:\Users\Aurelien\AppData\Local\scalameta\metals\cache\bsp.trace.json
2024.05.21 17:28:51 INFO  Attempting to connect to the build server...
2024.05.21 17:28:51 INFO  Attempting to connect to the build server...
2024.05.21 17:28:51 INFO  tracing is disabled for protocol BSP, to enable tracing of incoming and outgoing JSON messages create an empty file at C:\Users\Aurelien\Documents\cours\scala\projet soutenance\wikipages\project\project\.metals\bsp.trace.json or C:\Users\Aurelien\AppData\Local\scalameta\metals\cache\bsp.trace.json
2024.05.21 17:28:51 INFO  tracing is disabled for protocol BSP, to enable tracing of incoming and outgoing JSON messages create an empty file at C:\Users\Aurelien\Documents\cours\scala\projet soutenance\wikipages\project\.metals\bsp.trace.json or C:\Users\Aurelien\AppData\Local\scalameta\metals\cache\bsp.trace.json
2024.05.21 17:28:55 INFO  time: Connected to build server in 28s
2024.05.21 17:28:55 INFO  Connected to Build server: Bloop v1.5.17
2024.05.21 17:28:56 INFO  time: Imported build in 0.17s
